\BOOKMARK [0][-]{toc.0}{Inhaltsverzeichnis}{}% 1
\BOOKMARK [1][-]{section.1}{Einf\374hrung}{toc.0}% 2
\BOOKMARK [2][-]{subsection.1.1}{Zweck}{section.1}% 3
\BOOKMARK [2][-]{subsection.1.2}{Hintergr\374nde und Ziele des Projekts}{section.1}% 4
\BOOKMARK [2][-]{subsection.1.3}{Produktumfang}{section.1}% 5
\BOOKMARK [2][-]{subsection.1.4}{Musskriterien}{section.1}% 6
\BOOKMARK [2][-]{subsection.1.5}{Abgrenzungskriterien}{section.1}% 7
\BOOKMARK [3][-]{subsubsection.1.5.1}{Kostenrahmen}{subsection.1.5}% 8
\BOOKMARK [2][-]{subsection.1.6}{Definitionen, Akronyme, Abk\374rzungen}{section.1}% 9
\BOOKMARK [2][-]{subsection.1.7}{Referenzen}{section.1}% 10
\BOOKMARK [1][-]{section.2}{Allgemeine \334bersicht}{toc.0}% 11
\BOOKMARK [2][-]{subsection.2.1}{Beschreibung der Ausgangssituation \(Ist-Zustand\) }{section.2}% 12
\BOOKMARK [2][-]{subsection.2.2}{Produkteinsatz}{section.2}% 13
\BOOKMARK [3][-]{subsubsection.2.2.1}{Anwendungsbereiche}{subsection.2.2}% 14
\BOOKMARK [3][-]{subsubsection.2.2.2}{Zielgruppen, Qualifikationsniveau}{subsection.2.2}% 15
\BOOKMARK [2][-]{subsection.2.3}{Produktfunktionalit\344t}{section.2}% 16
\BOOKMARK [2][-]{subsection.2.4}{Randbedingungen}{section.2}% 17
\BOOKMARK [2][-]{subsection.2.5}{Annahmen und Abh\344ngigkeiten}{section.2}% 18
\BOOKMARK [2][-]{subsection.2.6}{Verz\366gerungen}{section.2}% 19
\BOOKMARK [1][-]{section.3}{Anwendungsszenarien}{toc.0}% 20
\BOOKMARK [2][-]{subsection.3.1}{Beschreibung aus der Nutzersicht}{section.3}% 21
\BOOKMARK [1][-]{section.4}{Anforderungen}{toc.0}% 22
\BOOKMARK [2][-]{subsection.4.1}{Fachkonzept}{section.4}% 23
\BOOKMARK [3][-]{subsubsection.4.1.1}{\334berblick \374ber das Gesamtsystem}{subsection.4.1}% 24
\BOOKMARK [3][-]{subsubsection.4.1.2}{Verwendete Bibliotheken von Drittanbieteren}{subsection.4.1}% 25
\BOOKMARK [2][-]{subsection.4.2}{Anforderungen an die Datenhaltung}{section.4}% 26
\BOOKMARK [3][-]{subsubsection.4.2.1}{allgemeine Beschreibung der Daten}{subsection.4.2}% 27
\BOOKMARK [2][-]{subsection.4.3}{Anforderungen an die Benutzeroberfl\344che}{section.4}% 28
\BOOKMARK [3][-]{subsubsection.4.3.1}{allgemeine Anforderungen an die Oberfl\344che}{subsection.4.3}% 29
\BOOKMARK [3][-]{subsubsection.4.3.2}{Berechtigungen}{subsection.4.3}% 30
\BOOKMARK [3][-]{subsubsection.4.3.3}{Bildschirmlayout}{subsection.4.3}% 31
\BOOKMARK [2][-]{subsection.4.4}{Leistungsanforderungen}{section.4}% 32
\BOOKMARK [2][-]{subsection.4.5}{Anfordeungen f\374r Inbetriebnahme und Einsatz}{section.4}% 33
\BOOKMARK [3][-]{subsubsection.4.5.1}{Sicherheitsziele}{subsection.4.5}% 34
\BOOKMARK [3][-]{subsubsection.4.5.2}{Installationsprozedur}{subsection.4.5}% 35
\BOOKMARK [3][-]{subsubsection.4.5.3}{Pilot- bzw. Probebetrieb}{subsection.4.5}% 36
\BOOKMARK [3][-]{subsubsection.4.5.4}{Fehlerreaktion, Garantie, Service, \273Wiederanlauf\253}{subsection.4.5}% 37
\BOOKMARK [3][-]{subsubsection.4.5.5}{Schulungen}{subsection.4.5}% 38
\BOOKMARK [2][-]{subsection.4.6}{Qualit\344tsanforderungen}{section.4}% 39
\BOOKMARK [3][-]{subsubsection.4.6.1}{Qualit\344tsmerkmale}{subsection.4.6}% 40
\BOOKMARK [3][-]{subsubsection.4.6.2}{Qualit\344tssicherung}{subsection.4.6}% 41
\BOOKMARK [3][-]{subsubsection.4.6.3}{Qualit\344tsnachweise}{subsection.4.6}% 42
\BOOKMARK [3][-]{subsubsection.4.6.4}{Offenlegung der Qualit\344tskontrollpl\344ne}{subsection.4.6}% 43
\BOOKMARK [3][-]{subsubsection.4.6.5}{Berichte, Protokolle zum Nachweis des Vorgehens gem\344\337 der Qualit\344tskontrollpl\344ne}{subsection.4.6}% 44
\BOOKMARK [2][-]{subsection.4.7}{Anforderung an die Entwicklung}{section.4}% 45
\BOOKMARK [3][-]{subsubsection.4.7.1}{Entwicklungs-Umgebung}{subsection.4.7}% 46
\BOOKMARK [3][-]{subsubsection.4.7.2}{Projekt-Organisation}{subsection.4.7}% 47
\BOOKMARK [3][-]{subsubsection.4.7.3}{Projekt-Planung}{subsection.4.7}% 48
\BOOKMARK [3][-]{subsubsection.4.7.4}{\304nderungsmanagement}{subsection.4.7}% 49
\BOOKMARK [3][-]{subsubsection.4.7.5}{Testanforderungen}{subsection.4.7}% 50
\BOOKMARK [1][-]{section.5}{Anhang}{toc.0}% 51
\BOOKMARK [2][-]{subsection.5.1}{Benutzerhandbuch}{section.5}% 52
\BOOKMARK [3][-]{subsubsection.5.1.1}{Funktionsumfang}{subsection.5.1}% 53
\BOOKMARK [3][-]{subsubsection.5.1.2}{Installation}{subsection.5.1}% 54
\BOOKMARK [3][-]{subsubsection.5.1.3}{Startbildschirm}{subsection.5.1}% 55
\BOOKMARK [3][-]{subsubsection.5.1.4}{Newsansicht}{subsection.5.1}% 56
\BOOKMARK [3][-]{subsubsection.5.1.5}{Noten}{subsection.5.1}% 57
\BOOKMARK [3][-]{subsubsection.5.1.6}{Stundenplan}{subsection.5.1}% 58
\BOOKMARK [2][-]{subsection.5.2}{Entwicklerhandbuch}{section.5}% 59
\BOOKMARK [3][-]{subsubsection.5.2.1}{Allgemeines}{subsection.5.2}% 60
\BOOKMARK [3][-]{subsubsection.5.2.2}{Verwendete Software}{subsection.5.2}% 61
\BOOKMARK [3][-]{subsubsection.5.2.3}{Aufbau des Projekts}{subsection.5.2}% 62
\BOOKMARK [4][-]{subsubsubsection.5.2.3.1}{Manifest.XML}{subsubsection.5.2.3}% 63
\BOOKMARK [4][-]{subsubsubsection.5.2.3.2}{Ordnerstruktur}{subsubsection.5.2.3}% 64
\BOOKMARK [3][-]{subsubsection.5.2.4}{Activities}{subsection.5.2}% 65
\BOOKMARK [4][-]{subsubsubsection.5.2.4.1}{NewsActivity.java}{subsubsection.5.2.4}% 66
\BOOKMARK [4][-]{subsubsubsection.5.2.4.2}{EinstellungsActivity.java}{subsubsection.5.2.4}% 67
\BOOKMARK [3][-]{subsubsection.5.2.5}{NewsClickedActivity.java}{subsection.5.2}% 68
\BOOKMARK [4][-]{subsubsubsection.5.2.5.1}{Allgemein}{subsubsection.5.2.5}% 69
\BOOKMARK [4][-]{subsubsubsection.5.2.5.2}{Klasse DetailHelper}{subsubsection.5.2.5}% 70
\BOOKMARK [3][-]{subsubsection.5.2.6}{Fragmente}{subsection.5.2}% 71
\BOOKMARK [4][-]{subsubsubsection.5.2.6.1}{NewsFragment}{subsubsection.5.2.6}% 72
\BOOKMARK [4][-]{subsubsubsection.5.2.6.2}{Klasse NewsHelper}{subsubsection.5.2.6}% 73
\BOOKMARK [4][-]{subsubsubsection.5.2.6.3}{NavigationDrawerFragment}{subsubsection.5.2.6}% 74
\BOOKMARK [4][-]{subsubsubsection.5.2.6.4}{Notenfragment}{subsubsection.5.2.6}% 75
\BOOKMARK [4][-]{subsubsubsection.5.2.6.5}{StundenplanFragment}{subsubsection.5.2.6}% 76
\BOOKMARK [3][-]{subsubsection.5.2.7}{CustomAdapter}{subsection.5.2}% 77
\BOOKMARK [4][-]{subsubsubsection.5.2.7.1}{Allgemein}{subsubsection.5.2.7}% 78
\BOOKMARK [4][-]{subsubsubsection.5.2.7.2}{CustomAdapterNews.java}{subsubsection.5.2.7}% 79
\BOOKMARK [4][-]{subsubsubsection.5.2.7.3}{CustomAdapterNoten.java}{subsubsection.5.2.7}% 80
\BOOKMARK [4][-]{subsubsubsection.5.2.7.4}{CustomAdapterStundenplan}{subsubsection.5.2.7}% 81
\BOOKMARK [3][-]{subsubsection.5.2.8}{XML-Dateien}{subsection.5.2}% 82
\BOOKMARK [4][-]{subsubsubsection.5.2.8.1}{fragment.xml}{subsubsection.5.2.8}% 83
\BOOKMARK [4][-]{subsubsubsection.5.2.8.2}{\137list.xml}{subsubsection.5.2.8}% 84
\BOOKMARK [4][-]{subsubsubsection.5.2.8.3}{activity\137news\137clicked.xml}{subsubsection.5.2.8}% 85
\BOOKMARK [4][-]{subsubsubsection.5.2.8.4}{settings\137toolbar}{subsubsection.5.2.8}% 86
\BOOKMARK [4][-]{subsubsubsection.5.2.8.5}{impressum.xml \046 activity\137impressum}{subsubsection.5.2.8}% 87
\BOOKMARK [4][-]{subsubsubsection.5.2.8.6}{colors.xml}{subsubsection.5.2.8}% 88
\BOOKMARK [4][-]{subsubsubsection.5.2.8.7}{array.xml}{subsubsection.5.2.8}% 89
\BOOKMARK [4][-]{subsubsubsection.5.2.8.8}{einstellung.xml}{subsubsection.5.2.8}% 90
\BOOKMARK [4][-]{subsubsubsection.5.2.8.9}{strings.xml}{subsubsection.5.2.8}% 91
\BOOKMARK [3][-]{subsubsection.5.2.9}{Layout}{subsection.5.2}% 92
\BOOKMARK [4][-]{subsubsubsection.5.2.9.1}{Allgemeines}{subsubsection.5.2.9}% 93
\BOOKMARK [4][-]{subsubsubsection.5.2.9.2}{Schriftarten}{subsubsection.5.2.9}% 94
\BOOKMARK [4][-]{subsubsubsection.5.2.9.3}{Buttons}{subsubsection.5.2.9}% 95
\BOOKMARK [3][-]{subsubsection.5.2.10}{Erweiterungen und Verbesserungen f\374r kommende Versionen}{subsection.5.2}% 96
\BOOKMARK [4][-]{subsubsubsection.5.2.10.1}{Pflege der array.xml}{subsubsection.5.2.10}% 97
\BOOKMARK [4][-]{subsubsubsection.5.2.10.2}{Raumplan}{subsubsection.5.2.10}% 98
\BOOKMARK [4][-]{subsubsubsection.5.2.10.3}{Portierung auf andere Systeme}{subsubsection.5.2.10}% 99
\BOOKMARK [2][-]{subsection.5.3}{Gantt}{section.5}% 100
\BOOKMARK [2][-]{subsection.5.4}{App-Layout}{section.5}% 101
\BOOKMARK [2][-]{subsection.5.5}{Release-Historie}{section.5}% 102
\BOOKMARK [2][-]{subsection.5.6}{Testprotokollentwurf}{section.5}% 103
\BOOKMARK [2][-]{subsection.5.7}{Testprotokolle}{section.5}% 104
