This is pdfTeX, Version 3.1415926-2.5-1.40.14 (MiKTeX 2.9 64-bit) (preloaded format=pdflatex 2015.5.25)  15 SEP 2015 12:01
entering extended mode
**Entwicklungshandbuch.tex

(C:\Users\Admin\Documents\GitHub\HFTL-APP\Dokumentation\erste_Ausarbeitung_Jan\
Entwicklungshandbuch\Entwicklungshandbuch.tex
LaTeX2e <2011/06/27>
Babel <v3.8m> and hyphenation patterns for english, afrikaans, ancientgreek, ar
abic, armenian, assamese, basque, bengali, bokmal, bulgarian, catalan, coptic, 
croatian, czech, danish, dutch, esperanto, estonian, farsi, finnish, french, ga
lician, german, german-x-2013-05-26, greek, gujarati, hindi, hungarian, iceland
ic, indonesian, interlingua, irish, italian, kannada, kurmanji, latin, latvian,
 lithuanian, malayalam, marathi, mongolian, mongolianlmc, monogreek, ngerman, n
german-x-2013-05-26, nynorsk, oriya, panjabi, pinyin, polish, portuguese, roman
ian, russian, sanskrit, serbian, slovak, slovenian, spanish, swedish, swissgerm
an, tamil, telugu, turkish, turkmen, ukenglish, ukrainian, uppersorbian, usengl
ishmax, welsh, loaded.
("C:\Program Files\MiKTeX 2.9\tex\latex\koma-script\scrartcl.cls"
Document Class: scrartcl 2015/02/07 v3.16 KOMA-Script document class (article)
("C:\Program Files\MiKTeX 2.9\tex\latex\koma-script\scrkbase.sty"
Package: scrkbase 2015/02/07 v3.16 KOMA-Script package (KOMA-Script-dependent b
asics and keyval usage)

("C:\Program Files\MiKTeX 2.9\tex\latex\koma-script\scrbase.sty"
Package: scrbase 2015/02/07 v3.16 KOMA-Script package (KOMA-Script-independent 
basics and keyval usage)

("C:\Program Files\MiKTeX 2.9\tex\latex\graphics\keyval.sty"
Package: keyval 1999/03/16 v1.13 key=value parser (DPC)
\KV@toks@=\toks14
)
("C:\Program Files\MiKTeX 2.9\tex\latex\koma-script\scrlfile.sty"
Package: scrlfile 2015/02/07 v3.16 KOMA-Script package (loading files)

Package scrlfile, 2015/02/07 v3.16 KOMA-Script package (loading files)
                  Copyright (C) Markus Kohm

))) ("C:\Program Files\MiKTeX 2.9\tex\latex\koma-script\tocbasic.sty"
Package: tocbasic 2015/02/07 v3.16 KOMA-Script package (handling toc-files)
)
Package tocbasic Info: omitting babel extension for `toc'
(tocbasic)             because of feature `nobabel' available
(tocbasic)             for `toc' on input line 116.
Package tocbasic Info: omitting babel extension for `lof'
(tocbasic)             because of feature `nobabel' available
(tocbasic)             for `lof' on input line 117.
Package tocbasic Info: omitting babel extension for `lot'
(tocbasic)             because of feature `nobabel' available
(tocbasic)             for `lot' on input line 118.


Class scrartcl Warning: You've used obsolete option `liststotoc'.
(scrartcl)              Usage of this option indicates an old document
(scrartcl)              and changes compatibility level using
(scrartcl)              `listof=totoc,version=first'.
(scrartcl)              If you don't want this, you should simply
(scrartcl)              replace option `liststotoc' by `listof=totoc'.

Class scrartcl Info: Switching compatibility level to `first'.

Class scrartcl Warning: You've used obsolete option `bibtotoc'.
(scrartcl)              Usage of this option indicates an old document
(scrartcl)              and changes compatibility level using
(scrartcl)              `bibliography=totoc,version=first'.
(scrartcl)              If you don't want this, you should simply
(scrartcl)              replace option `bibtotoc' by `bibliography=totoc'.

Class scrartcl Info: Switching compatibility level to `first'.
Class scrartcl Info: File `scrsize12pt.clo' used to setup font sizes on input l
ine 1564.
("C:\Program Files\MiKTeX 2.9\tex\latex\koma-script\scrsize12pt.clo"
File: scrsize12pt.clo 2015/02/07 v3.16 KOMA-Script font size class option (12pt
)
)
("C:\Program Files\MiKTeX 2.9\tex\latex\koma-script\typearea.sty"
Package: typearea 2015/02/07 v3.16 KOMA-Script package (type area)

Package typearea, 2015/02/07 v3.16 KOMA-Script package (type area)
                  Copyright (C) Frank Neukam, 1992-1994
                  Copyright (C) Markus Kohm, 1994-

\ta@bcor=\skip41
\ta@div=\count79
\ta@hblk=\skip42
\ta@vblk=\skip43
\ta@temp=\skip44
\footheight=\skip45
Package typearea Info: These are the values describing the layout:
(typearea)             DIV  = 12
(typearea)             BCOR = 0.0pt
(typearea)             \paperwidth      = 597.50793pt
(typearea)              \textwidth      = 448.13095pt
(typearea)              DIV departure   = -6%
(typearea)              \evensidemargin = 2.4185pt
(typearea)              \oddsidemargin  = 2.4185pt
(typearea)             \paperheight     = 845.04694pt
(typearea)              \textheight     = 635.5pt
(typearea)              \topmargin      = -41.72441pt
(typearea)              \headheight     = 18.125pt
(typearea)              \headsep        = 21.75pt
(typearea)              \topskip        = 12.0pt
(typearea)              \footskip       = 50.75pt
(typearea)              \baselineskip   = 14.5pt
(typearea)              on input line 1342.
)
\c@part=\count80
\c@section=\count81
\c@subsection=\count82
\c@subsubsection=\count83
\c@paragraph=\count84
\c@subparagraph=\count85
\abovecaptionskip=\skip46
\belowcaptionskip=\skip47
\c@pti@nb@sid@b@x=\box26
\c@figure=\count86
\c@table=\count87
\bibindent=\dimen102
) ("C:\Program Files\MiKTeX 2.9\tex\latex\base\inputenc.sty"
Package: inputenc 2008/03/30 v1.1d Input encoding file
\inpenc@prehook=\toks15
\inpenc@posthook=\toks16

("C:\Program Files\MiKTeX 2.9\tex\latex\base\utf8.def"
File: utf8.def 2008/04/05 v1.1m UTF-8 support for inputenc
Now handling font encoding OML ...
... no UTF-8 mapping file for font encoding OML
Now handling font encoding T1 ...
... processing UTF-8 mapping file for font encoding T1

("C:\Program Files\MiKTeX 2.9\tex\latex\base\t1enc.dfu"
File: t1enc.dfu 2008/04/05 v1.1m UTF-8 support for inputenc
   defining Unicode char U+00A1 (decimal 161)
   defining Unicode char U+00A3 (decimal 163)
   defining Unicode char U+00AB (decimal 171)
   defining Unicode char U+00BB (decimal 187)
   defining Unicode char U+00BF (decimal 191)
   defining Unicode char U+00C0 (decimal 192)
   defining Unicode char U+00C1 (decimal 193)
   defining Unicode char U+00C2 (decimal 194)
   defining Unicode char U+00C3 (decimal 195)
   defining Unicode char U+00C4 (decimal 196)
   defining Unicode char U+00C5 (decimal 197)
   defining Unicode char U+00C6 (decimal 198)
   defining Unicode char U+00C7 (decimal 199)
   defining Unicode char U+00C8 (decimal 200)
   defining Unicode char U+00C9 (decimal 201)
   defining Unicode char U+00CA (decimal 202)
   defining Unicode char U+00CB (decimal 203)
   defining Unicode char U+00CC (decimal 204)
   defining Unicode char U+00CD (decimal 205)
   defining Unicode char U+00CE (decimal 206)
   defining Unicode char U+00CF (decimal 207)
   defining Unicode char U+00D0 (decimal 208)
   defining Unicode char U+00D1 (decimal 209)
   defining Unicode char U+00D2 (decimal 210)
   defining Unicode char U+00D3 (decimal 211)
   defining Unicode char U+00D4 (decimal 212)
   defining Unicode char U+00D5 (decimal 213)
   defining Unicode char U+00D6 (decimal 214)
   defining Unicode char U+00D8 (decimal 216)
   defining Unicode char U+00D9 (decimal 217)
   defining Unicode char U+00DA (decimal 218)
   defining Unicode char U+00DB (decimal 219)
   defining Unicode char U+00DC (decimal 220)
   defining Unicode char U+00DD (decimal 221)
   defining Unicode char U+00DE (decimal 222)
   defining Unicode char U+00DF (decimal 223)
   defining Unicode char U+00E0 (decimal 224)
   defining Unicode char U+00E1 (decimal 225)
   defining Unicode char U+00E2 (decimal 226)
   defining Unicode char U+00E3 (decimal 227)
   defining Unicode char U+00E4 (decimal 228)
   defining Unicode char U+00E5 (decimal 229)
   defining Unicode char U+00E6 (decimal 230)
   defining Unicode char U+00E7 (decimal 231)
   defining Unicode char U+00E8 (decimal 232)
   defining Unicode char U+00E9 (decimal 233)
   defining Unicode char U+00EA (decimal 234)
   defining Unicode char U+00EB (decimal 235)
   defining Unicode char U+00EC (decimal 236)
   defining Unicode char U+00ED (decimal 237)
   defining Unicode char U+00EE (decimal 238)
   defining Unicode char U+00EF (decimal 239)
   defining Unicode char U+00F0 (decimal 240)
   defining Unicode char U+00F1 (decimal 241)
   defining Unicode char U+00F2 (decimal 242)
   defining Unicode char U+00F3 (decimal 243)
   defining Unicode char U+00F4 (decimal 244)
   defining Unicode char U+00F5 (decimal 245)
   defining Unicode char U+00F6 (decimal 246)
   defining Unicode char U+00F8 (decimal 248)
   defining Unicode char U+00F9 (decimal 249)
   defining Unicode char U+00FA (decimal 250)
   defining Unicode char U+00FB (decimal 251)
   defining Unicode char U+00FC (decimal 252)
   defining Unicode char U+00FD (decimal 253)
   defining Unicode char U+00FE (decimal 254)
   defining Unicode char U+00FF (decimal 255)
   defining Unicode char U+0102 (decimal 258)
   defining Unicode char U+0103 (decimal 259)
   defining Unicode char U+0104 (decimal 260)
   defining Unicode char U+0105 (decimal 261)
   defining Unicode char U+0106 (decimal 262)
   defining Unicode char U+0107 (decimal 263)
   defining Unicode char U+010C (decimal 268)
   defining Unicode char U+010D (decimal 269)
   defining Unicode char U+010E (decimal 270)
   defining Unicode char U+010F (decimal 271)
   defining Unicode char U+0110 (decimal 272)
   defining Unicode char U+0111 (decimal 273)
   defining Unicode char U+0118 (decimal 280)
   defining Unicode char U+0119 (decimal 281)
   defining Unicode char U+011A (decimal 282)
   defining Unicode char U+011B (decimal 283)
   defining Unicode char U+011E (decimal 286)
   defining Unicode char U+011F (decimal 287)
   defining Unicode char U+0130 (decimal 304)
   defining Unicode char U+0131 (decimal 305)
   defining Unicode char U+0132 (decimal 306)
   defining Unicode char U+0133 (decimal 307)
   defining Unicode char U+0139 (decimal 313)
   defining Unicode char U+013A (decimal 314)
   defining Unicode char U+013D (decimal 317)
   defining Unicode char U+013E (decimal 318)
   defining Unicode char U+0141 (decimal 321)
   defining Unicode char U+0142 (decimal 322)
   defining Unicode char U+0143 (decimal 323)
   defining Unicode char U+0144 (decimal 324)
   defining Unicode char U+0147 (decimal 327)
   defining Unicode char U+0148 (decimal 328)
   defining Unicode char U+014A (decimal 330)
   defining Unicode char U+014B (decimal 331)
   defining Unicode char U+0150 (decimal 336)
   defining Unicode char U+0151 (decimal 337)
   defining Unicode char U+0152 (decimal 338)
   defining Unicode char U+0153 (decimal 339)
   defining Unicode char U+0154 (decimal 340)
   defining Unicode char U+0155 (decimal 341)
   defining Unicode char U+0158 (decimal 344)
   defining Unicode char U+0159 (decimal 345)
   defining Unicode char U+015A (decimal 346)
   defining Unicode char U+015B (decimal 347)
   defining Unicode char U+015E (decimal 350)
   defining Unicode char U+015F (decimal 351)
   defining Unicode char U+0160 (decimal 352)
   defining Unicode char U+0161 (decimal 353)
   defining Unicode char U+0162 (decimal 354)
   defining Unicode char U+0163 (decimal 355)
   defining Unicode char U+0164 (decimal 356)
   defining Unicode char U+0165 (decimal 357)
   defining Unicode char U+016E (decimal 366)
   defining Unicode char U+016F (decimal 367)
   defining Unicode char U+0170 (decimal 368)
   defining Unicode char U+0171 (decimal 369)
   defining Unicode char U+0178 (decimal 376)
   defining Unicode char U+0179 (decimal 377)
   defining Unicode char U+017A (decimal 378)
   defining Unicode char U+017B (decimal 379)
   defining Unicode char U+017C (decimal 380)
   defining Unicode char U+017D (decimal 381)
   defining Unicode char U+017E (decimal 382)
   defining Unicode char U+200C (decimal 8204)
   defining Unicode char U+2013 (decimal 8211)
   defining Unicode char U+2014 (decimal 8212)
   defining Unicode char U+2018 (decimal 8216)
   defining Unicode char U+2019 (decimal 8217)
   defining Unicode char U+201A (decimal 8218)
   defining Unicode char U+201C (decimal 8220)
   defining Unicode char U+201D (decimal 8221)
   defining Unicode char U+201E (decimal 8222)
   defining Unicode char U+2030 (decimal 8240)
   defining Unicode char U+2031 (decimal 8241)
   defining Unicode char U+2039 (decimal 8249)
   defining Unicode char U+203A (decimal 8250)
   defining Unicode char U+2423 (decimal 9251)
)
Now handling font encoding OT1 ...
... processing UTF-8 mapping file for font encoding OT1

("C:\Program Files\MiKTeX 2.9\tex\latex\base\ot1enc.dfu"
File: ot1enc.dfu 2008/04/05 v1.1m UTF-8 support for inputenc
   defining Unicode char U+00A1 (decimal 161)
   defining Unicode char U+00A3 (decimal 163)
   defining Unicode char U+00B8 (decimal 184)
   defining Unicode char U+00BF (decimal 191)
   defining Unicode char U+00C5 (decimal 197)
   defining Unicode char U+00C6 (decimal 198)
   defining Unicode char U+00D8 (decimal 216)
   defining Unicode char U+00DF (decimal 223)
   defining Unicode char U+00E6 (decimal 230)
   defining Unicode char U+00EC (decimal 236)
   defining Unicode char U+00ED (decimal 237)
   defining Unicode char U+00EE (decimal 238)
   defining Unicode char U+00EF (decimal 239)
   defining Unicode char U+00F8 (decimal 248)
   defining Unicode char U+0131 (decimal 305)
   defining Unicode char U+0141 (decimal 321)
   defining Unicode char U+0142 (decimal 322)
   defining Unicode char U+0152 (decimal 338)
   defining Unicode char U+0153 (decimal 339)
   defining Unicode char U+2013 (decimal 8211)
   defining Unicode char U+2014 (decimal 8212)
   defining Unicode char U+2018 (decimal 8216)
   defining Unicode char U+2019 (decimal 8217)
   defining Unicode char U+201C (decimal 8220)
   defining Unicode char U+201D (decimal 8221)
)
Now handling font encoding OMS ...
... processing UTF-8 mapping file for font encoding OMS

("C:\Program Files\MiKTeX 2.9\tex\latex\base\omsenc.dfu"
File: omsenc.dfu 2008/04/05 v1.1m UTF-8 support for inputenc
   defining Unicode char U+00A7 (decimal 167)
   defining Unicode char U+00B6 (decimal 182)
   defining Unicode char U+00B7 (decimal 183)
   defining Unicode char U+2020 (decimal 8224)
   defining Unicode char U+2021 (decimal 8225)
   defining Unicode char U+2022 (decimal 8226)
)
Now handling font encoding OMX ...
... no UTF-8 mapping file for font encoding OMX
Now handling font encoding U ...
... no UTF-8 mapping file for font encoding U
   defining Unicode char U+00A9 (decimal 169)
   defining Unicode char U+00AA (decimal 170)
   defining Unicode char U+00AE (decimal 174)
   defining Unicode char U+00BA (decimal 186)
   defining Unicode char U+02C6 (decimal 710)
   defining Unicode char U+02DC (decimal 732)
   defining Unicode char U+200C (decimal 8204)
   defining Unicode char U+2026 (decimal 8230)
   defining Unicode char U+2122 (decimal 8482)
   defining Unicode char U+2423 (decimal 9251)
))
("C:\Program Files\MiKTeX 2.9\tex\latex\base\fontenc.sty"
Package: fontenc 2005/09/27 v1.99g Standard LaTeX package

("C:\Program Files\MiKTeX 2.9\tex\latex\base\t1enc.def"
File: t1enc.def 2005/09/27 v1.99g Standard LaTeX file
LaTeX Font Info:    Redeclaring font encoding T1 on input line 43.
))
("C:\Program Files\MiKTeX 2.9\tex\latex\fourier\fourier.sty"
Package: fourier 2005/01/01 1.4 fourier-GUTenberg package
Now handling font encoding FML ...
... no UTF-8 mapping file for font encoding FML
Now handling font encoding FMS ...
... no UTF-8 mapping file for font encoding FMS
Now handling font encoding FMX ...
... no UTF-8 mapping file for font encoding FMX

("C:\Program Files\MiKTeX 2.9\tex\latex\base\fontenc.sty"
Package: fontenc 2005/09/27 v1.99g Standard LaTeX package

("C:\Program Files\MiKTeX 2.9\tex\latex\base\t1enc.def"
File: t1enc.def 2005/09/27 v1.99g Standard LaTeX file
LaTeX Font Info:    Redeclaring font encoding T1 on input line 43.
))
("C:\Program Files\MiKTeX 2.9\tex\latex\base\textcomp.sty"
Package: textcomp 2005/09/27 v1.99g Standard LaTeX package
Package textcomp Info: Sub-encoding information:
(textcomp)               5 = only ISO-Adobe without \textcurrency
(textcomp)               4 = 5 + \texteuro
(textcomp)               3 = 4 + \textohm
(textcomp)               2 = 3 + \textestimated + \textcurrency
(textcomp)               1 = TS1 - \textcircled - \t
(textcomp)               0 = TS1 (full)
(textcomp)             Font families with sub-encoding setting implement
(textcomp)             only a restricted character set as indicated.
(textcomp)             Family '?' is the default used for unknown fonts.
(textcomp)             See the documentation for details.
Package textcomp Info: Setting ? sub-encoding to TS1/1 on input line 71.

("C:\Program Files\MiKTeX 2.9\tex\latex\base\ts1enc.def"
File: ts1enc.def 2001/06/05 v3.0e (jk/car/fm) Standard LaTeX file
Now handling font encoding TS1 ...
... processing UTF-8 mapping file for font encoding TS1

("C:\Program Files\MiKTeX 2.9\tex\latex\base\ts1enc.dfu"
File: ts1enc.dfu 2008/04/05 v1.1m UTF-8 support for inputenc
   defining Unicode char U+00A2 (decimal 162)
   defining Unicode char U+00A3 (decimal 163)
   defining Unicode char U+00A4 (decimal 164)
   defining Unicode char U+00A5 (decimal 165)
   defining Unicode char U+00A6 (decimal 166)
   defining Unicode char U+00A7 (decimal 167)
   defining Unicode char U+00A8 (decimal 168)
   defining Unicode char U+00A9 (decimal 169)
   defining Unicode char U+00AA (decimal 170)
   defining Unicode char U+00AC (decimal 172)
   defining Unicode char U+00AE (decimal 174)
   defining Unicode char U+00AF (decimal 175)
   defining Unicode char U+00B0 (decimal 176)
   defining Unicode char U+00B1 (decimal 177)
   defining Unicode char U+00B2 (decimal 178)
   defining Unicode char U+00B3 (decimal 179)
   defining Unicode char U+00B4 (decimal 180)
   defining Unicode char U+00B5 (decimal 181)
   defining Unicode char U+00B6 (decimal 182)
   defining Unicode char U+00B7 (decimal 183)
   defining Unicode char U+00B9 (decimal 185)
   defining Unicode char U+00BA (decimal 186)
   defining Unicode char U+00BC (decimal 188)
   defining Unicode char U+00BD (decimal 189)
   defining Unicode char U+00BE (decimal 190)
   defining Unicode char U+00D7 (decimal 215)
   defining Unicode char U+00F7 (decimal 247)
   defining Unicode char U+0192 (decimal 402)
   defining Unicode char U+02C7 (decimal 711)
   defining Unicode char U+02D8 (decimal 728)
   defining Unicode char U+02DD (decimal 733)
   defining Unicode char U+0E3F (decimal 3647)
   defining Unicode char U+2016 (decimal 8214)
   defining Unicode char U+2020 (decimal 8224)
   defining Unicode char U+2021 (decimal 8225)
   defining Unicode char U+2022 (decimal 8226)
   defining Unicode char U+2030 (decimal 8240)
   defining Unicode char U+2031 (decimal 8241)
   defining Unicode char U+203B (decimal 8251)
   defining Unicode char U+203D (decimal 8253)
   defining Unicode char U+2044 (decimal 8260)
   defining Unicode char U+204E (decimal 8270)
   defining Unicode char U+2052 (decimal 8274)
   defining Unicode char U+20A1 (decimal 8353)
   defining Unicode char U+20A4 (decimal 8356)
   defining Unicode char U+20A6 (decimal 8358)
   defining Unicode char U+20A9 (decimal 8361)
   defining Unicode char U+20AB (decimal 8363)
   defining Unicode char U+20AC (decimal 8364)
   defining Unicode char U+20B1 (decimal 8369)
   defining Unicode char U+2103 (decimal 8451)
   defining Unicode char U+2116 (decimal 8470)
   defining Unicode char U+2117 (decimal 8471)
   defining Unicode char U+211E (decimal 8478)
   defining Unicode char U+2120 (decimal 8480)
   defining Unicode char U+2122 (decimal 8482)
   defining Unicode char U+2126 (decimal 8486)
   defining Unicode char U+2127 (decimal 8487)
   defining Unicode char U+212E (decimal 8494)
   defining Unicode char U+2190 (decimal 8592)
   defining Unicode char U+2191 (decimal 8593)
   defining Unicode char U+2192 (decimal 8594)
   defining Unicode char U+2193 (decimal 8595)
   defining Unicode char U+2329 (decimal 9001)
   defining Unicode char U+232A (decimal 9002)
   defining Unicode char U+2422 (decimal 9250)
   defining Unicode char U+25E6 (decimal 9702)
   defining Unicode char U+25EF (decimal 9711)
   defining Unicode char U+266A (decimal 9834)
))
LaTeX Info: Redefining \oldstylenums on input line 266.
Package textcomp Info: Setting cmr sub-encoding to TS1/0 on input line 281.
Package textcomp Info: Setting cmss sub-encoding to TS1/0 on input line 282.
Package textcomp Info: Setting cmtt sub-encoding to TS1/0 on input line 283.
Package textcomp Info: Setting cmvtt sub-encoding to TS1/0 on input line 284.
Package textcomp Info: Setting cmbr sub-encoding to TS1/0 on input line 285.
Package textcomp Info: Setting cmtl sub-encoding to TS1/0 on input line 286.
Package textcomp Info: Setting ccr sub-encoding to TS1/0 on input line 287.
Package textcomp Info: Setting ptm sub-encoding to TS1/4 on input line 288.
Package textcomp Info: Setting pcr sub-encoding to TS1/4 on input line 289.
Package textcomp Info: Setting phv sub-encoding to TS1/4 on input line 290.
Package textcomp Info: Setting ppl sub-encoding to TS1/3 on input line 291.
Package textcomp Info: Setting pag sub-encoding to TS1/4 on input line 292.
Package textcomp Info: Setting pbk sub-encoding to TS1/4 on input line 293.
Package textcomp Info: Setting pnc sub-encoding to TS1/4 on input line 294.
Package textcomp Info: Setting pzc sub-encoding to TS1/4 on input line 295.
Package textcomp Info: Setting bch sub-encoding to TS1/4 on input line 296.
Package textcomp Info: Setting put sub-encoding to TS1/5 on input line 297.
Package textcomp Info: Setting uag sub-encoding to TS1/5 on input line 298.
Package textcomp Info: Setting ugq sub-encoding to TS1/5 on input line 299.
Package textcomp Info: Setting ul8 sub-encoding to TS1/4 on input line 300.
Package textcomp Info: Setting ul9 sub-encoding to TS1/4 on input line 301.
Package textcomp Info: Setting augie sub-encoding to TS1/5 on input line 302.
Package textcomp Info: Setting dayrom sub-encoding to TS1/3 on input line 303.
Package textcomp Info: Setting dayroms sub-encoding to TS1/3 on input line 304.

Package textcomp Info: Setting pxr sub-encoding to TS1/0 on input line 305.
Package textcomp Info: Setting pxss sub-encoding to TS1/0 on input line 306.
Package textcomp Info: Setting pxtt sub-encoding to TS1/0 on input line 307.
Package textcomp Info: Setting txr sub-encoding to TS1/0 on input line 308.
Package textcomp Info: Setting txss sub-encoding to TS1/0 on input line 309.
Package textcomp Info: Setting txtt sub-encoding to TS1/0 on input line 310.
Package textcomp Info: Setting lmr sub-encoding to TS1/0 on input line 311.
Package textcomp Info: Setting lmdh sub-encoding to TS1/0 on input line 312.
Package textcomp Info: Setting lmss sub-encoding to TS1/0 on input line 313.
Package textcomp Info: Setting lmssq sub-encoding to TS1/0 on input line 314.
Package textcomp Info: Setting lmvtt sub-encoding to TS1/0 on input line 315.
Package textcomp Info: Setting qhv sub-encoding to TS1/0 on input line 316.
Package textcomp Info: Setting qag sub-encoding to TS1/0 on input line 317.
Package textcomp Info: Setting qbk sub-encoding to TS1/0 on input line 318.
Package textcomp Info: Setting qcr sub-encoding to TS1/0 on input line 319.
Package textcomp Info: Setting qcs sub-encoding to TS1/0 on input line 320.
Package textcomp Info: Setting qpl sub-encoding to TS1/0 on input line 321.
Package textcomp Info: Setting qtm sub-encoding to TS1/0 on input line 322.
Package textcomp Info: Setting qzc sub-encoding to TS1/0 on input line 323.
Package textcomp Info: Setting qhvc sub-encoding to TS1/0 on input line 324.
Package textcomp Info: Setting futs sub-encoding to TS1/4 on input line 325.
Package textcomp Info: Setting futx sub-encoding to TS1/4 on input line 326.
Package textcomp Info: Setting futj sub-encoding to TS1/4 on input line 327.
Package textcomp Info: Setting hlh sub-encoding to TS1/3 on input line 328.
Package textcomp Info: Setting hls sub-encoding to TS1/3 on input line 329.
Package textcomp Info: Setting hlst sub-encoding to TS1/3 on input line 330.
Package textcomp Info: Setting hlct sub-encoding to TS1/5 on input line 331.
Package textcomp Info: Setting hlx sub-encoding to TS1/5 on input line 332.
Package textcomp Info: Setting hlce sub-encoding to TS1/5 on input line 333.
Package textcomp Info: Setting hlcn sub-encoding to TS1/5 on input line 334.
Package textcomp Info: Setting hlcw sub-encoding to TS1/5 on input line 335.
Package textcomp Info: Setting hlcf sub-encoding to TS1/5 on input line 336.
Package textcomp Info: Setting pplx sub-encoding to TS1/3 on input line 337.
Package textcomp Info: Setting pplj sub-encoding to TS1/3 on input line 338.
Package textcomp Info: Setting ptmx sub-encoding to TS1/4 on input line 339.
Package textcomp Info: Setting ptmj sub-encoding to TS1/4 on input line 340.
)
("C:\Program Files\MiKTeX 2.9\tex\latex\fourier\fourier-orns.sty"
Package: fourier-orns 2004/01/30 1.1 fourier-ornaments package
)
LaTeX Font Info:    Redeclaring symbol font `operators' on input line 50.
LaTeX Font Info:    Encoding `OT1' has changed to `T1' for symbol font
(Font)              `operators' in the math version `normal' on input line 50.
LaTeX Font Info:    Overwriting symbol font `operators' in version `normal'
(Font)                  OT1/cmr/m/n --> T1/futs/m/n on input line 50.
LaTeX Font Info:    Encoding `OT1' has changed to `T1' for symbol font
(Font)              `operators' in the math version `bold' on input line 50.
LaTeX Font Info:    Overwriting symbol font `operators' in version `bold'
(Font)                  OT1/cmr/bx/n --> T1/futs/m/n on input line 50.
LaTeX Font Info:    Overwriting symbol font `operators' in version `bold'
(Font)                  T1/futs/m/n --> T1/futs/b/n on input line 51.
LaTeX Font Info:    Redeclaring symbol font `letters' on input line 59.
LaTeX Font Info:    Encoding `OML' has changed to `FML' for symbol font
(Font)              `letters' in the math version `normal' on input line 59.
LaTeX Font Info:    Overwriting symbol font `letters' in version `normal'
(Font)                  OML/cmm/m/it --> FML/futmi/m/it on input line 59.
LaTeX Font Info:    Encoding `OML' has changed to `FML' for symbol font
(Font)              `letters' in the math version `bold' on input line 59.
LaTeX Font Info:    Overwriting symbol font `letters' in version `bold'
(Font)                  OML/cmm/b/it --> FML/futmi/m/it on input line 59.
\symotherletters=\mathgroup4
LaTeX Font Info:    Overwriting symbol font `letters' in version `bold'
(Font)                  FML/futmi/m/it --> FML/futmi/b/it on input line 61.
LaTeX Font Info:    Overwriting symbol font `otherletters' in version `bold'
(Font)                  FML/futm/m/it --> FML/futm/b/it on input line 62.
LaTeX Font Info:    Redeclaring math symbol \Gamma on input line 63.
LaTeX Font Info:    Redeclaring math symbol \Delta on input line 64.
LaTeX Font Info:    Redeclaring math symbol \Theta on input line 65.
LaTeX Font Info:    Redeclaring math symbol \Lambda on input line 66.
LaTeX Font Info:    Redeclaring math symbol \Xi on input line 67.
LaTeX Font Info:    Redeclaring math symbol \Pi on input line 68.
LaTeX Font Info:    Redeclaring math symbol \Sigma on input line 69.
LaTeX Font Info:    Redeclaring math symbol \Upsilon on input line 70.
LaTeX Font Info:    Redeclaring math symbol \Phi on input line 71.
LaTeX Font Info:    Redeclaring math symbol \Psi on input line 72.
LaTeX Font Info:    Redeclaring math symbol \Omega on input line 73.
LaTeX Font Info:    Redeclaring symbol font `symbols' on input line 113.
LaTeX Font Info:    Encoding `OMS' has changed to `FMS' for symbol font
(Font)              `symbols' in the math version `normal' on input line 113.
LaTeX Font Info:    Overwriting symbol font `symbols' in version `normal'
(Font)                  OMS/cmsy/m/n --> FMS/futm/m/n on input line 113.
LaTeX Font Info:    Encoding `OMS' has changed to `FMS' for symbol font
(Font)              `symbols' in the math version `bold' on input line 113.
LaTeX Font Info:    Overwriting symbol font `symbols' in version `bold'
(Font)                  OMS/cmsy/b/n --> FMS/futm/m/n on input line 113.
LaTeX Font Info:    Redeclaring symbol font `largesymbols' on input line 114.
LaTeX Font Info:    Encoding `OMX' has changed to `FMX' for symbol font
(Font)              `largesymbols' in the math version `normal' on input line 1
14.
LaTeX Font Info:    Overwriting symbol font `largesymbols' in version `normal'
(Font)                  OMX/cmex/m/n --> FMX/futm/m/n on input line 114.
LaTeX Font Info:    Encoding `OMX' has changed to `FMX' for symbol font
(Font)              `largesymbols' in the math version `bold' on input line 114
.
LaTeX Font Info:    Overwriting symbol font `largesymbols' in version `bold'
(Font)                  OMX/cmex/m/n --> FMX/futm/m/n on input line 114.
LaTeX Font Info:    Redeclaring math alphabet \mathbf on input line 115.
LaTeX Font Info:    Overwriting math alphabet `\mathbf' in version `normal'
(Font)                  OT1/cmr/bx/n --> T1/futs/bx/n on input line 115.
LaTeX Font Info:    Overwriting math alphabet `\mathbf' in version `bold'
(Font)                  OT1/cmr/bx/n --> T1/futs/bx/n on input line 115.
LaTeX Font Info:    Redeclaring math alphabet \mathrm on input line 116.
LaTeX Font Info:    Redeclaring math alphabet \mathit on input line 117.
LaTeX Font Info:    Overwriting math alphabet `\mathit' in version `normal'
(Font)                  OT1/cmr/m/it --> T1/futs/m/it on input line 117.
LaTeX Font Info:    Overwriting math alphabet `\mathit' in version `bold'
(Font)                  OT1/cmr/bx/it --> T1/futs/m/it on input line 117.
LaTeX Font Info:    Redeclaring math alphabet \mathcal on input line 118.
LaTeX Font Info:    Redeclaring math symbol \parallel on input line 134.
LaTeX Font Info:    Redeclaring math symbol \hbar on input line 148.
LaTeX Font Info:    Redeclaring math symbol \varkappa on input line 186.
LaTeX Font Info:    Redeclaring math symbol \varvarrho on input line 187.
LaTeX Font Info:    Redeclaring math delimiter \Vert on input line 210.
LaTeX Font Info:    Redeclaring math delimiter \vert on input line 215.
LaTeX Font Info:    Redeclaring math delimiter \Downarrow on input line 225.
LaTeX Font Info:    Redeclaring math delimiter \backslash on input line 227.
LaTeX Font Info:    Redeclaring math delimiter \rangle on input line 229.
LaTeX Font Info:    Redeclaring math delimiter \langle on input line 231.
LaTeX Font Info:    Redeclaring math delimiter \rbrace on input line 233.
LaTeX Font Info:    Redeclaring math delimiter \lbrace on input line 235.
LaTeX Font Info:    Redeclaring math delimiter \rceil on input line 237.
LaTeX Font Info:    Redeclaring math delimiter \lceil on input line 239.
LaTeX Font Info:    Redeclaring math delimiter \rfloor on input line 241.
LaTeX Font Info:    Redeclaring math delimiter \lfloor on input line 243.
LaTeX Font Info:    Redeclaring math accent \acute on input line 247.
LaTeX Font Info:    Redeclaring math accent \grave on input line 248.
LaTeX Font Info:    Redeclaring math accent \ddot on input line 249.
LaTeX Font Info:    Redeclaring math accent \tilde on input line 250.
LaTeX Font Info:    Redeclaring math accent \bar on input line 251.
LaTeX Font Info:    Redeclaring math accent \breve on input line 252.
LaTeX Font Info:    Redeclaring math accent \check on input line 253.
LaTeX Font Info:    Redeclaring math accent \hat on input line 254.
LaTeX Font Info:    Redeclaring math accent \dot on input line 255.
LaTeX Font Info:    Redeclaring math accent \mathring on input line 256.
\symUfutm=\mathgroup5
)
("C:\Program Files\MiKTeX 2.9\tex\generic\babel\babel.sty"
Package: babel 2008/07/08 v3.8m The Babel package

*************************************
* Local config file bblopts.cfg used
*
("C:\Program Files\MiKTeX 2.9\tex\latex\00miktex\bblopts.cfg"
File: bblopts.cfg 2006/07/31 v1.0 MiKTeX 'babel' configuration
)
("C:\Program Files\MiKTeX 2.9\tex\generic\babel\germanb.ldf"
Language: germanb 2008/06/01 v2.6m German support from the babel system

("C:\Program Files\MiKTeX 2.9\tex\generic\babel\babel.def"
File: babel.def 2008/07/08 v3.8m Babel common definitions
\babel@savecnt=\count88
\U@D=\dimen103
)
\l@austrian = a dialect from \language\l@german 
Package babel Info: Making " an active character on input line 102.
))
("C:\Program Files\MiKTeX 2.9\tex\latex\amsmath\amsmath.sty"
Package: amsmath 2013/01/14 v2.14 AMS math features
\@mathmargin=\skip48

For additional information on amsmath, use the `?' option.
("C:\Program Files\MiKTeX 2.9\tex\latex\amsmath\amstext.sty"
Package: amstext 2000/06/29 v2.01

("C:\Program Files\MiKTeX 2.9\tex\latex\amsmath\amsgen.sty"
File: amsgen.sty 1999/11/30 v2.0
\@emptytoks=\toks17
\ex@=\dimen104
))
("C:\Program Files\MiKTeX 2.9\tex\latex\amsmath\amsbsy.sty"
Package: amsbsy 1999/11/29 v1.2d
\pmbraise@=\dimen105
)
("C:\Program Files\MiKTeX 2.9\tex\latex\amsmath\amsopn.sty"
Package: amsopn 1999/12/14 v2.01 operator names
)
\inf@bad=\count89
LaTeX Info: Redefining \frac on input line 210.
\uproot@=\count90
\leftroot@=\count91
LaTeX Info: Redefining \overline on input line 306.
\classnum@=\count92
\DOTSCASE@=\count93
LaTeX Info: Redefining \ldots on input line 378.
LaTeX Info: Redefining \dots on input line 381.
LaTeX Info: Redefining \cdots on input line 466.
\Mathstrutbox@=\box27
\strutbox@=\box28
\big@size=\dimen106
LaTeX Font Info:    Redeclaring font encoding OML on input line 566.
LaTeX Font Info:    Redeclaring font encoding OMS on input line 567.
\macc@depth=\count94
\c@MaxMatrixCols=\count95
\dotsspace@=\muskip10
\c@parentequation=\count96
\dspbrk@lvl=\count97
\tag@help=\toks18
\row@=\count98
\column@=\count99
\maxfields@=\count100
\andhelp@=\toks19
\eqnshift@=\dimen107
\alignsep@=\dimen108
\tagshift@=\dimen109
\tagwidth@=\dimen110
\totwidth@=\dimen111
\lineht@=\dimen112
\@envbody=\toks20
\multlinegap=\skip49
\multlinetaggap=\skip50
\mathdisplay@stack=\toks21
LaTeX Info: Redefining \[ on input line 2665.
LaTeX Info: Redefining \] on input line 2666.
)
("C:\Program Files\MiKTeX 2.9\tex\latex\amsfonts\amsfonts.sty"
Package: amsfonts 2013/01/14 v3.01 Basic AMSFonts support
\symAMSa=\mathgroup6
\symAMSb=\mathgroup7
LaTeX Font Info:    Overwriting math alphabet `\mathfrak' in version `bold'
(Font)                  U/euf/m/n --> U/euf/b/n on input line 106.
LaTeX Font Info:    Redeclaring math symbol \square on input line 141.
)
("C:\Program Files\MiKTeX 2.9\tex\latex\amscls\amsthm.sty"
Package: amsthm 2004/08/06 v2.20
\thm@style=\toks22
\thm@bodyfont=\toks23
\thm@headfont=\toks24
\thm@notefont=\toks25
\thm@headpunct=\toks26
\thm@preskip=\skip51
\thm@postskip=\skip52
\thm@headsep=\skip53
\dth@everypar=\toks27
)
("C:\Program Files\MiKTeX 2.9\tex\latex\graphics\color.sty"
Package: color 2005/11/14 v1.0j Standard LaTeX Color (DPC)

("C:\Program Files\MiKTeX 2.9\tex\latex\00miktex\color.cfg"
File: color.cfg 2007/01/18 v1.5 color configuration of teTeX/TeXLive
)
Package color Info: Driver file: pdftex.def on input line 130.

("C:\Program Files\MiKTeX 2.9\tex\latex\pdftex-def\pdftex.def"
File: pdftex.def 2011/05/27 v0.06d Graphics/color for pdfTeX

("C:\Program Files\MiKTeX 2.9\tex\generic\oberdiek\infwarerr.sty"
Package: infwarerr 2010/04/08 v1.3 Providing info/warning/error messages (HO)
)
("C:\Program Files\MiKTeX 2.9\tex\generic\oberdiek\ltxcmds.sty"
Package: ltxcmds 2011/11/09 v1.22 LaTeX kernel commands for general use (HO)
)
\Gread@gobject=\count101
))
("C:\Program Files\MiKTeX 2.9\tex\latex\listings\listings.sty"
\lst@mode=\count102
\lst@gtempboxa=\box29
\lst@token=\toks28
\lst@length=\count103
\lst@currlwidth=\dimen113
\lst@column=\count104
\lst@pos=\count105
\lst@lostspace=\dimen114
\lst@width=\dimen115
\lst@newlines=\count106
\lst@lineno=\count107
\lst@maxwidth=\dimen116

("C:\Program Files\MiKTeX 2.9\tex\latex\listings\lstmisc.sty"
File: lstmisc.sty 2015/06/04 1.6 (Carsten Heinz)
\c@lstnumber=\count108
\lst@skipnumbers=\count109
\lst@framebox=\box30
)
("C:\Program Files\MiKTeX 2.9\tex\latex\listings\listings.cfg"
File: listings.cfg 2015/06/04 1.6 listings configuration
))
Package: listings 2015/06/04 1.6 (Carsten Heinz)

("C:\Program Files\MiKTeX 2.9\tex\latex\hyperref\hyperref.sty"
Package: hyperref 2012/11/06 v6.83m Hypertext links for LaTeX

("C:\Program Files\MiKTeX 2.9\tex\generic\oberdiek\hobsub-hyperref.sty"
Package: hobsub-hyperref 2012/04/25 v1.12 Bundle oberdiek, subset hyperref (HO)


("C:\Program Files\MiKTeX 2.9\tex\generic\oberdiek\hobsub-generic.sty"
Package: hobsub-generic 2012/04/25 v1.12 Bundle oberdiek, subset generic (HO)
Package: hobsub 2012/04/25 v1.12 Construct package bundles (HO)
Package hobsub Info: Skipping package `infwarerr' (already loaded).
Package hobsub Info: Skipping package `ltxcmds' (already loaded).
Package: ifluatex 2010/03/01 v1.3 Provides the ifluatex switch (HO)
Package ifluatex Info: LuaTeX not detected.
Package: ifvtex 2010/03/01 v1.5 Detect VTeX and its facilities (HO)
Package ifvtex Info: VTeX not detected.
Package: intcalc 2007/09/27 v1.1 Expandable calculations with integers (HO)
Package: ifpdf 2011/01/30 v2.3 Provides the ifpdf switch (HO)
Package ifpdf Info: pdfTeX in PDF mode is detected.
Package: etexcmds 2011/02/16 v1.5 Avoid name clashes with e-TeX commands (HO)
Package etexcmds Info: Could not find \expanded.
(etexcmds)             That can mean that you are not using pdfTeX 1.50 or
(etexcmds)             that some package has redefined \expanded.
(etexcmds)             In the latter case, load this package earlier.
Package: kvsetkeys 2012/04/25 v1.16 Key value parser (HO)
Package: kvdefinekeys 2011/04/07 v1.3 Define keys (HO)
Package: pdftexcmds 2011/11/29 v0.20 Utility functions of pdfTeX for LuaTeX (HO
)
Package pdftexcmds Info: LuaTeX not detected.
Package pdftexcmds Info: \pdf@primitive is available.
Package pdftexcmds Info: \pdf@ifprimitive is available.
Package pdftexcmds Info: \pdfdraftmode found.
Package: pdfescape 2011/11/25 v1.13 Implements pdfTeX's escape features (HO)
Package: bigintcalc 2012/04/08 v1.3 Expandable calculations on big integers (HO
)
Package: bitset 2011/01/30 v1.1 Handle bit-vector datatype (HO)
Package: uniquecounter 2011/01/30 v1.2 Provide unlimited unique counter (HO)
)
Package hobsub Info: Skipping package `hobsub' (already loaded).
Package: letltxmacro 2010/09/02 v1.4 Let assignment for LaTeX macros (HO)
Package: hopatch 2011/06/24 v1.1 Wrapper for package hooks (HO)
Package: xcolor-patch 2011/01/30 xcolor patch
Package: atveryend 2011/06/30 v1.8 Hooks at the very end of document (HO)
Package atveryend Info: \enddocument detected (standard20110627).
Package: atbegshi 2011/10/05 v1.16 At begin shipout hook (HO)
Package: refcount 2011/10/16 v3.4 Data extraction from label references (HO)
Package: hycolor 2011/01/30 v1.7 Color options for hyperref/bookmark (HO)
)
("C:\Program Files\MiKTeX 2.9\tex\generic\ifxetex\ifxetex.sty"
Package: ifxetex 2010/09/12 v0.6 Provides ifxetex conditional
)
("C:\Program Files\MiKTeX 2.9\tex\latex\oberdiek\auxhook.sty"
Package: auxhook 2011/03/04 v1.3 Hooks for auxiliary files (HO)
)
("C:\Program Files\MiKTeX 2.9\tex\latex\oberdiek\kvoptions.sty"
Package: kvoptions 2011/06/30 v3.11 Key value format for package options (HO)
)
\@linkdim=\dimen117
\Hy@linkcounter=\count110
\Hy@pagecounter=\count111

("C:\Program Files\MiKTeX 2.9\tex\latex\hyperref\pd1enc.def"
File: pd1enc.def 2012/11/06 v6.83m Hyperref: PDFDocEncoding definition (HO)
Now handling font encoding PD1 ...
... no UTF-8 mapping file for font encoding PD1
)
\Hy@SavedSpaceFactor=\count112

("C:\Program Files\MiKTeX 2.9\tex\latex\00miktex\hyperref.cfg"
File: hyperref.cfg 2002/06/06 v1.2 hyperref configuration of TeXLive
)
Package hyperref Info: Option `colorlinks' set `true' on input line 4319.
Package hyperref Info: Hyper figures OFF on input line 4443.
Package hyperref Info: Link nesting OFF on input line 4448.
Package hyperref Info: Hyper index ON on input line 4451.
Package hyperref Info: Plain pages OFF on input line 4458.
Package hyperref Info: Backreferencing OFF on input line 4463.
Package hyperref Info: Implicit mode ON; LaTeX internals redefined.
Package hyperref Info: Bookmarks ON on input line 4688.
\c@Hy@tempcnt=\count113

("C:\Program Files\MiKTeX 2.9\tex\latex\url\url.sty"
\Urlmuskip=\muskip11
Package: url 2013/09/16  ver 3.4  Verb mode for urls, etc.
)
LaTeX Info: Redefining \url on input line 5041.
\XeTeXLinkMargin=\dimen118
\Fld@menulength=\count114
\Field@Width=\dimen119
\Fld@charsize=\dimen120
Package hyperref Info: Hyper figures OFF on input line 6295.
Package hyperref Info: Link nesting OFF on input line 6300.
Package hyperref Info: Hyper index ON on input line 6303.
Package hyperref Info: backreferencing OFF on input line 6310.
Package hyperref Info: Link coloring ON on input line 6313.
Package hyperref Info: Link coloring with OCG OFF on input line 6320.
Package hyperref Info: PDF/A mode OFF on input line 6325.
LaTeX Info: Redefining \ref on input line 6365.
LaTeX Info: Redefining \pageref on input line 6369.
\Hy@abspage=\count115
\c@Item=\count116
\c@Hfootnote=\count117
)

Package hyperref Message: Driver (autodetected): hpdftex.

("C:\Program Files\MiKTeX 2.9\tex\latex\hyperref\hpdftex.def"
File: hpdftex.def 2012/11/06 v6.83m Hyperref driver for pdfTeX
\Fld@listcount=\count118
\c@bookmark@seq@number=\count119

("C:\Program Files\MiKTeX 2.9\tex\latex\oberdiek\rerunfilecheck.sty"
Package: rerunfilecheck 2011/04/15 v1.7 Rerun checks for auxiliary files (HO)
Package uniquecounter Info: New unique counter `rerunfilecheck' on input line 2
82.
)
\Hy@SectionHShift=\skip54
)

Class scrartcl Warning: Usage of package `titlesec' together
(scrartcl)              with a KOMA-Script class is not recommended.
(scrartcl)              I'd suggest to use the package only
(scrartcl)              if you really need it, because it breaks several
(scrartcl)              KOMA-Script features, i.e., option `headings' and
(scrartcl)              the extended optional argument of the section
(scrartcl)              commands.
(scrartcl)              Nevertheless, using requested
(scrartcl)              package `titlesec' on input line 79.

("C:\Program Files\MiKTeX 2.9\tex\latex\titlesec\titlesec.sty"
Package: titlesec 2011/12/15 v2.10.0 Sectioning titles
\ttl@box=\box31
\beforetitleunit=\skip55
\aftertitleunit=\skip56
\ttl@plus=\dimen121
\ttl@minus=\dimen122
\ttl@toksa=\toks29
\titlewidth=\dimen123
\titlewidthlast=\dimen124
\titlewidthfirst=\dimen125


Package titlesec Warning: Non standard sectioning command detected
(titlesec)                Using default spacing and no format.


Package titlesec Warning: Non standard sectioning command detected
(titlesec)                Using default spacing and no format.


Package titlesec Warning: Non standard sectioning command detected
(titlesec)                Using default spacing and no format.


Package titlesec Warning: Non standard sectioning command detected
(titlesec)                Using default spacing and no format.


Package titlesec Warning: Non standard sectioning command detected
(titlesec)                Using default spacing and no format.

)

Package scrartcl Warning: Activating an ugly workaround for a missing
(scrartcl)                feature of package `titlesec` on input line 79.

("C:\Program Files\MiKTeX 2.9\tex\latex\sectsty\sectsty.sty"
Package: sectsty 2002/02/25 v2.0.2 Commands to change all sectional heading sty
les
)

Class scrartcl Warning: Usage of package `fancyhdr' together
(scrartcl)              with a KOMA-Script class is not recommended.
(scrartcl)              I'd suggest to use 
(scrartcl)              package `scrlayer-scrpage'.
(scrartcl)              Nevertheless, using requested
(scrartcl)              package `fancyhdr' on input line 83.

("C:\Program Files\MiKTeX 2.9\tex\latex\fancyhdr\fancyhdr.sty"
\fancy@headwidth=\skip57
\f@ncyO@elh=\skip58
\f@ncyO@erh=\skip59
\f@ncyO@olh=\skip60
\f@ncyO@orh=\skip61
\f@ncyO@elf=\skip62
\f@ncyO@erf=\skip63
\f@ncyO@olf=\skip64
\f@ncyO@orf=\skip65
)
("C:\Program Files\MiKTeX 2.9\tex\latex\graphics\graphicx.sty"
Package: graphicx 1999/02/16 v1.0f Enhanced LaTeX Graphics (DPC,SPQR)

("C:\Program Files\MiKTeX 2.9\tex\latex\graphics\graphics.sty"
Package: graphics 2009/02/05 v1.0o Standard LaTeX Graphics (DPC,SPQR)

("C:\Program Files\MiKTeX 2.9\tex\latex\graphics\trig.sty"
Package: trig 1999/03/16 v1.09 sin cos tan (DPC)
)
("C:\Program Files\MiKTeX 2.9\tex\latex\00miktex\graphics.cfg"
File: graphics.cfg 2007/01/18 v1.5 graphics configuration of teTeX/TeXLive
)
Package graphics Info: Driver file: pdftex.def on input line 91.
)
\Gin@req@height=\dimen126
\Gin@req@width=\dimen127
)
("C:\Program Files\MiKTeX 2.9\tex\latex\microtype\microtype.sty"
Package: microtype 2013/05/23 v2.5a Micro-typographical refinements (RS)
\MT@toks=\toks30
\MT@count=\count120
LaTeX Info: Redefining \textls on input line 766.
\MT@outer@kern=\dimen128
LaTeX Info: Redefining \textmicrotypecontext on input line 1285.
\MT@listname@count=\count121

("C:\Program Files\MiKTeX 2.9\tex\latex\microtype\microtype-pdftex.def"
File: microtype-pdftex.def 2013/05/23 v2.5a Definitions specific to pdftex (RS)

LaTeX Info: Redefining \lsstyle on input line 915.
LaTeX Info: Redefining \lslig on input line 915.
\MT@outer@space=\skip66
)
Package microtype Info: Loading configuration file microtype.cfg.

("C:\Program Files\MiKTeX 2.9\tex\latex\microtype\microtype.cfg"
File: microtype.cfg 2013/05/23 v2.5a microtype main configuration file (RS)
))
("C:\Program Files\MiKTeX 2.9\tex\latex\acronym\acronym.sty"
Package: acronym 2015/03/21 v1.41 Support for acronyms (Tobias Oetiker)

("C:\Program Files\MiKTeX 2.9\tex\latex\bigfoot\suffix.sty"
Package: suffix 2006/07/15 1.5a Variant command support
)
("C:\Program Files\MiKTeX 2.9\tex\latex\xstring\xstring.sty"
("C:\Program Files\MiKTeX 2.9\tex\generic\xstring\xstring.tex"
\@xs@message=\write3
\integerpart=\count122
\decimalpart=\count123
)
Package: xstring 2013/10/13  v1.7c  String manipulations (C Tellechea)
)
\AC@clearlist=\toks31
)
("C:\Program Files\MiKTeX 2.9\tex\latex\wrapfig\wrapfig.sty"
\wrapoverhang=\dimen129
\WF@size=\dimen130
\c@WF@wrappedlines=\count124
\WF@box=\box32
\WF@everypar=\toks32
Package: wrapfig 2003/01/31  v 3.6
)
Package scrkbase Info: You've told me to extend the font selection of the
(scrkbase)             element `sectioning' that is an alias of element
(scrkbase)             `disposition' on input line 116.

("C:\Program Files\MiKTeX 2.9\tex\latex\placeins\placeins.sty"
Package: placeins 2005/04/18  v 2.2
)
("C:\Program Files\MiKTeX 2.9\tex\latex\oberdiek\pdflscape.sty"
Package: pdflscape 2008/08/11 v0.10 Display of landscape pages in PDF (HO)

("C:\Program Files\MiKTeX 2.9\tex\latex\graphics\lscape.sty"
Package: lscape 2000/10/22 v3.01 Landscape Pages (DPC)
)
Package pdflscape Info: Auto-detected driver: pdftex on input line 80.
)
("C:\Program Files\MiKTeX 2.9\tex\latex\pdfpages\pdfpages.sty"
Package: pdfpages 2015/06/15 v0.4y Insert pages of external PDF documents (AM)

("C:\Program Files\MiKTeX 2.9\tex\latex\base\ifthen.sty"
Package: ifthen 2001/05/26 v1.1c Standard LaTeX ifthen package (DPC)
)
("C:\Program Files\MiKTeX 2.9\tex\latex\tools\calc.sty"
Package: calc 2007/08/22 v4.3 Infix arithmetic (KKT,FJ)
\calc@Acount=\count125
\calc@Bcount=\count126
\calc@Adimen=\dimen131
\calc@Bdimen=\dimen132
\calc@Askip=\skip67
\calc@Bskip=\skip68
LaTeX Info: Redefining \setlength on input line 76.
LaTeX Info: Redefining \addtolength on input line 77.
\calc@Ccount=\count127
\calc@Cskip=\skip69
)
("C:\Program Files\MiKTeX 2.9\tex\latex\eso-pic\eso-pic.sty"
Package: eso-pic 2015/04/20 v2.0e eso-pic (RN)
)
\AM@pagewidth=\dimen133
\AM@pageheight=\dimen134

("C:\Program Files\MiKTeX 2.9\tex\latex\pdfpages\pppdftex.def"
File: pppdftex.def 2015/06/15 v0.4y Pdfpages driver for pdfTeX (AM)
)
\AM@pagebox=\box33
\AM@toc@title=\toks33
\c@AM@survey=\count128
\AM@templatesizebox=\box34
)
(C:\Users\Admin\Documents\GitHub\HFTL-APP\Dokumentation\erste_Ausarbeitung_Jan\
Entwicklungshandbuch\Entwicklungshandbuch.aux)
LaTeX Font Info:    Checking defaults for OML/cmm/m/it on input line 140.
LaTeX Font Info:    ... okay on input line 140.
LaTeX Font Info:    Checking defaults for T1/cmr/m/n on input line 140.
LaTeX Font Info:    ... okay on input line 140.
LaTeX Font Info:    Checking defaults for OT1/cmr/m/n on input line 140.
LaTeX Font Info:    ... okay on input line 140.
LaTeX Font Info:    Checking defaults for OMS/cmsy/m/n on input line 140.
LaTeX Font Info:    ... okay on input line 140.
LaTeX Font Info:    Checking defaults for OMX/cmex/m/n on input line 140.
LaTeX Font Info:    ... okay on input line 140.
LaTeX Font Info:    Checking defaults for U/cmr/m/n on input line 140.
LaTeX Font Info:    ... okay on input line 140.
LaTeX Font Info:    Checking defaults for FML/futm/m/it on input line 140.
LaTeX Font Info:    Try loading font information for FML+futm on input line 140
.

("C:\Program Files\MiKTeX 2.9\tex\latex\fourier\fmlfutm.fd"
File: fmlfutm.fd 2004/10/30 Fontinst v1.926 font definitions for FML/futm.
)
LaTeX Font Info:    ... okay on input line 140.
LaTeX Font Info:    Checking defaults for FMS/futm/m/n on input line 140.
LaTeX Font Info:    Try loading font information for FMS+futm on input line 140
.

("C:\Program Files\MiKTeX 2.9\tex\latex\fourier\fmsfutm.fd"
File: fmsfutm.fd 2004/10/30 Fontinst v1.926 font definitions for FMS/futm.
)
LaTeX Font Info:    ... okay on input line 140.
LaTeX Font Info:    Checking defaults for FMX/futm/m/n on input line 140.
LaTeX Font Info:    Try loading font information for FMX+futm on input line 140
.

("C:\Program Files\MiKTeX 2.9\tex\latex\fourier\fmxfutm.fd"
File: fmxfutm.fd futm-extension
)
LaTeX Font Info:    ... okay on input line 140.
LaTeX Font Info:    Checking defaults for TS1/cmr/m/n on input line 140.
LaTeX Font Info:    Try loading font information for TS1+cmr on input line 140.


("C:\Program Files\MiKTeX 2.9\tex\latex\base\ts1cmr.fd"
File: ts1cmr.fd 1999/05/25 v2.5h Standard LaTeX font definitions
)
LaTeX Font Info:    ... okay on input line 140.
LaTeX Font Info:    Checking defaults for PD1/pdf/m/n on input line 140.
LaTeX Font Info:    ... okay on input line 140.
LaTeX Font Info:    Try loading font information for T1+futs on input line 140.


("C:\Program Files\MiKTeX 2.9\tex\latex\fourier\t1futs.fd"
File: t1futs.fd 2004/03/02 Fontinst v1.926 font definitions for T1/futs.
)
("C:\Program Files\MiKTeX 2.9\tex\context\base\supp-pdf.mkii"
[Loading MPS to PDF converter (version 2006.09.02).]
\scratchcounter=\count129
\scratchdimen=\dimen135
\scratchbox=\box35
\nofMPsegments=\count130
\nofMParguments=\count131
\everyMPshowfont=\toks34
\MPscratchCnt=\count132
\MPscratchDim=\dimen136
\MPnumerator=\count133
\makeMPintoPDFobject=\count134
\everyMPtoPDFconversion=\toks35
)
\c@lstlisting=\count135
\AtBeginShipoutBox=\box36
Package hyperref Info: Link coloring ON on input line 140.
 ("C:\Program Files\MiKTeX 2.9\tex\latex\hyperref\nameref.sty"
Package: nameref 2012/10/27 v2.43 Cross-referencing by name of section

("C:\Program Files\MiKTeX 2.9\tex\generic\oberdiek\gettitlestring.sty"
Package: gettitlestring 2010/12/03 v1.4 Cleanup title references (HO)
)
\c@section@level=\count136
)
LaTeX Info: Redefining \ref on input line 140.
LaTeX Info: Redefining \pageref on input line 140.
LaTeX Info: Redefining \nameref on input line 140.

(C:\Users\Admin\Documents\GitHub\HFTL-APP\Dokumentation\erste_Ausarbeitung_Jan\
Entwicklungshandbuch\Entwicklungshandbuch.out)
(C:\Users\Admin\Documents\GitHub\HFTL-APP\Dokumentation\erste_Ausarbeitung_Jan\
Entwicklungshandbuch\Entwicklungshandbuch.out)
\@outlinefile=\write4
LaTeX Info: Redefining \microtypecontext on input line 140.
Package microtype Info: Generating PDF output.
Package microtype Info: Character protrusion enabled (level 2).
Package microtype Info: Using default protrusion set `alltext'.
Package microtype Info: Automatic font expansion enabled (level 2),
(microtype)             stretch: 20, shrink: 20, step: 1, non-selected.
Package microtype Info: Using default expansion set `basictext'.
Package microtype Info: No adjustment of tracking.
Package microtype Info: No adjustment of interword spacing.
Package microtype Info: No adjustment of character kerning.
Package microtype Info: Loading generic settings for font family
(microtype)             `futs' (encoding: T1).
(microtype)             For optimal results, create family-specific settings.
(microtype)             See the microtype manual for details.

<03_Bedienungsanleitung/img/Logo_HFTl_App.jpg, id=191, 451.6875pt x 451.6875pt>
File: 03_Bedienungsanleitung/img/Logo_HFTl_App.jpg Graphic file (type jpg)
<use 03_Bedienungsanleitung/img/Logo_HFTl_App.jpg>
Package pdftex.def Info: 03_Bedienungsanleitung/img/Logo_HFTl_App.jpg used on i
nput line 155.
(pdftex.def)             Requested size: 225.84319pt x 225.84319pt.
LaTeX Font Info:    Font shape `T1/futs/bx/n' in size <12> not available
(Font)              Font shape `T1/futs/b/n' tried instead on input line 168.
LaTeX Font Info:    Font shape `T1/futs/bx/n' in size <14.4> not available
(Font)              Font shape `T1/futs/b/n' tried instead on input line 168.


Package Fancyhdr Warning: \headheight is too small (13.6pt): 
 Make it at least 14.49998pt.
 We now make it that large for the rest of the document.
 This may cause the page layout to be inconsistent, however.

[1{C:/ProgramData/MiKTeX/2.9/pdftex/config/pdftex.map}


 <C:/Users/Admin/Documents/GitHub/HFTL-APP/Dokumentation/erste_Ausarbeitung_Jan
/Entwicklungshandbuch/03_Bedienungsanleitung/img/Logo_HFTl_App.jpg>]
LaTeX Font Info:    Try loading font information for T1+cmss on input line 172.


("C:\Program Files\MiKTeX 2.9\tex\latex\base\t1cmss.fd"
File: t1cmss.fd 1999/05/25 v2.5h Standard LaTeX font definitions
)
Package microtype Info: Loading generic settings for font family
(microtype)             `cmss' (encoding: T1).
(microtype)             For optimal results, create family-specific settings.
(microtype)             See the microtype manual for details.
LaTeX Font Info:    Font shape `T1/futs/bx/n' in size <17.28> not available
(Font)              Font shape `T1/futs/b/n' tried instead on input line 172.
Package tocbasic Info: character protrusion at toc deactivated on input line 17
2.

(C:\Users\Admin\Documents\GitHub\HFTL-APP\Dokumentation\erste_Ausarbeitung_Jan\
Entwicklungshandbuch\Entwicklungshandbuch.toc
LaTeX Font Info:    Try loading font information for FML+futmi on input line 5.


("C:\Program Files\MiKTeX 2.9\tex\latex\fourier\fmlfutmi.fd"
File: fmlfutmi.fd 2004/10/30 Fontinst v1.926 font definitions for FML/futmi.
)
LaTeX Font Info:    Font shape `FMX/futm/m/n' will be
(Font)              scaled to size 11.03998pt on input line 5.
LaTeX Font Info:    Font shape `FMX/futm/m/n' will be
(Font)              scaled to size 8.27998pt on input line 5.
LaTeX Font Info:    Font shape `FMX/futm/m/n' will be
(Font)              scaled to size 6.43999pt on input line 5.
LaTeX Font Info:    Font shape `U/futm/m/n' will be
(Font)              scaled to size 11.03998pt on input line 5.
LaTeX Font Info:    Font shape `U/futm/m/n' will be
(Font)              scaled to size 8.27998pt on input line 5.
LaTeX Font Info:    Font shape `U/futm/m/n' will be
(Font)              scaled to size 6.43999pt on input line 5.
LaTeX Font Info:    Try loading font information for U+msa on input line 5.

("C:\Program Files\MiKTeX 2.9\tex\latex\amsfonts\umsa.fd"
File: umsa.fd 2013/01/14 v3.01 AMS symbols A
)
("C:\Program Files\MiKTeX 2.9\tex\latex\microtype\mt-msa.cfg"
File: mt-msa.cfg 2006/02/04 v1.1 microtype config. file: AMS symbols (a) (RS)
)
LaTeX Font Info:    Try loading font information for U+msb on input line 5.

("C:\Program Files\MiKTeX 2.9\tex\latex\amsfonts\umsb.fd"
File: umsb.fd 2013/01/14 v3.01 AMS symbols B
)
("C:\Program Files\MiKTeX 2.9\tex\latex\microtype\mt-msb.cfg"
File: mt-msb.cfg 2005/06/01 v1.0 microtype config. file: AMS symbols (b) (RS)
)

Package Fancyhdr Warning: \headheight is too small (13.6pt): 
 Make it at least 14.49998pt.
 We now make it that large for the rest of the document.
 This may cause the page layout to be inconsistent, however.

[2])
\tf@toc=\write5


Package Fancyhdr Warning: \headheight is too small (13.6pt): 
 Make it at least 14.49998pt.
 We now make it that large for the rest of the document.
 This may cause the page layout to be inconsistent, however.

[3]

Package Fancyhdr Warning: \headheight is too small (13.6pt): 
 Make it at least 14.49998pt.
 We now make it that large for the rest of the document.
 This may cause the page layout to be inconsistent, however.

[4]

Package Fancyhdr Warning: \headheight is too small (13.6pt): 
 Make it at least 14.49998pt.
 We now make it that large for the rest of the document.
 This may cause the page layout to be inconsistent, however.

[5]
Underfull \hbox (badness 10000) in paragraph at lines 225--229

 []

LaTeX Font Info:    Try loading font information for T1+cmtt on input line 229.

("C:\Program Files\MiKTeX 2.9\tex\latex\base\t1cmtt.fd"
File: t1cmtt.fd 1999/05/25 v2.5h Standard LaTeX font definitions
)
Package microtype Info: Loading generic settings for font family
(microtype)             `cmtt' (encoding: T1).
(microtype)             For optimal results, create family-specific settings.
(microtype)             See the microtype manual for details.

Underfull \hbox (badness 10000) in paragraph at lines 232--233

 []


Package Fancyhdr Warning: \headheight is too small (13.6pt): 
 Make it at least 14.49998pt.
 We now make it that large for the rest of the document.
 This may cause the page layout to be inconsistent, however.

[6]
LaTeX Font Info:    Try loading font information for TS1+futs on input line 256
.
 ("C:\Program Files\MiKTeX 2.9\tex\latex\fourier\ts1futs.fd"
File: ts1futs.fd 2004/03/26 Fontinst v1.926 font definitions for TS1/futs.
)
Package microtype Info: Loading generic settings for font family
(microtype)             `futs' (encoding: TS1).
(microtype)             For optimal results, create family-specific settings.
(microtype)             See the microtype manual for details.

Overfull \hbox (2.12021pt too wide) in paragraph at lines 274--275
[]\T1/futs/m/n/12 (-20) beinhaltet di-ver-se Hilf-sunk-tio-nen, die un-ter an-d
e-rem zum Aus-fh-ren von Threads
 []


Package Fancyhdr Warning: \headheight is too small (13.6pt): 
 Make it at least 14.49998pt.
 We now make it that large for the rest of the document.
 This may cause the page layout to be inconsistent, however.

[7]
<05_Handbuch/img/AndroidActivityLebenszyklus.jpg, id=286, 692.5875pt x 673.7671
8pt>
File: 05_Handbuch/img/AndroidActivityLebenszyklus.jpg Graphic file (type jpg)
 <use 05_Handbuch/img/AndroidActivityLebenszyklus.jpg>
Package pdftex.def Info: 05_Handbuch/img/AndroidActivityLebenszyklus.jpg used o
n input line 286.
(pdftex.def)             Requested size: 346.2929pt x 336.88277pt.

<05_Handbuch/img/Beginners_Workshop_Activity.jpg, id=287, 479.54156pt x 436.631
26pt>
File: 05_Handbuch/img/Beginners_Workshop_Activity.jpg Graphic file (type jpg)
 <use 05_Handbuch/img/Beginners_Workshop_Activity.jpg>
Package pdftex.def Info: 05_Handbuch/img/Beginners_Workshop_Activity.jpg used o
n input line 293.
(pdftex.def)             Requested size: 239.77019pt x 218.3151pt.

Underfull \vbox (badness 4699) has occurred while \output is active []



Package Fancyhdr Warning: \headheight is too small (13.6pt): 
 Make it at least 14.49998pt.
 We now make it that large for the rest of the document.
 This may cause the page layout to be inconsistent, however.

[8 <C:/Users/Admin/Documents/GitHub/HFTL-APP/Dokumentation/erste_Ausarbeitung_J
an/Entwicklungshandbuch/05_Handbuch/img/AndroidActivityLebenszyklus.jpg>]

Package Fancyhdr Warning: \headheight is too small (13.6pt): 
 Make it at least 14.49998pt.
 We now make it that large for the rest of the document.
 This may cause the page layout to be inconsistent, however.

[9 <C:/Users/Admin/Documents/GitHub/HFTL-APP/Dokumentation/erste_Ausarbeitung_J
an/Entwicklungshandbuch/05_Handbuch/img/Beginners_Workshop_Activity.jpg>]
<05_Handbuch/img/LifeCycle_Fragment.jpg, id=296, 475.02469pt x 412.54124pt>
File: 05_Handbuch/img/LifeCycle_Fragment.jpg Graphic file (type jpg)

<use 05_Handbuch/img/LifeCycle_Fragment.jpg>
Package pdftex.def Info: 05_Handbuch/img/LifeCycle_Fragment.jpg used on input l
ine 304.
(pdftex.def)             Requested size: 380.02025pt x 330.03345pt.


Package Fancyhdr Warning: \headheight is too small (13.6pt): 
 Make it at least 14.49998pt.
 We now make it that large for the rest of the document.
 This may cause the page layout to be inconsistent, however.

[10 <C:/Users/Admin/Documents/GitHub/HFTL-APP/Dokumentation/erste_Ausarbeitung_
Jan/Entwicklungshandbuch/05_Handbuch/img/LifeCycle_Fragment.jpg>]

Package Fancyhdr Warning: \headheight is too small (13.6pt): 
 Make it at least 14.49998pt.
 We now make it that large for the rest of the document.
 This may cause the page layout to be inconsistent, however.

[11]

Package Fancyhdr Warning: \headheight is too small (13.6pt): 
 Make it at least 14.49998pt.
 We now make it that large for the rest of the document.
 This may cause the page layout to be inconsistent, however.

[12]
Overfull \hbox (5.70575pt too wide) in paragraph at lines 398--399
[]\T1/futs/m/n/12 (-20) Laden des in der zu-ge-h-ri-gen xml de-fi-nier-ten Lay
-outs (ac-ti-vi-ty_ news_ clicked.xml) 
 []

LaTeX Font Info:    Font shape `T1/cmtt/bx/n' in size <10> not available
(Font)              Font shape `T1/cmtt/m/n' tried instead on input line 403.

Package Fancyhdr Warning: \headheight is too small (13.6pt): 
 Make it at least 14.49998pt.
 We now make it that large for the rest of the document.
 This may cause the page layout to be inconsistent, however.

[13]

Package Fancyhdr Warning: \headheight is too small (13.6pt): 
 Make it at least 14.49998pt.
 We now make it that large for the rest of the document.
 This may cause the page layout to be inconsistent, however.

[14]
Underfull \hbox (badness 10000) in paragraph at lines 466--467

 []


Package Fancyhdr Warning: \headheight is too small (13.6pt): 
 Make it at least 14.49998pt.
 We now make it that large for the rest of the document.
 This may cause the page layout to be inconsistent, however.

[15]
Underfull \hbox (badness 10000) in paragraph at lines 499--500

 []


Overfull \hbox (20.17822pt too wide) in paragraph at lines 514--515
[]\T1/futs/m/n/12 (-20) Es wird ei-ne In-stanz der Klas-se [][]NewsHel-per[][] 
er-stellt, wel-che dann als Hintergrund-
 []


Package Fancyhdr Warning: \headheight is too small (13.6pt): 
 Make it at least 14.49998pt.
 We now make it that large for the rest of the document.
 This may cause the page layout to be inconsistent, however.

[16]

Package Fancyhdr Warning: \headheight is too small (13.6pt): 
 Make it at least 14.49998pt.
 We now make it that large for the rest of the document.
 This may cause the page layout to be inconsistent, however.

[17]

Package Fancyhdr Warning: \headheight is too small (13.6pt): 
 Make it at least 14.49998pt.
 We now make it that large for the rest of the document.
 This may cause the page layout to be inconsistent, however.

[18]

Package Fancyhdr Warning: \headheight is too small (13.6pt): 
 Make it at least 14.49998pt.
 We now make it that large for the rest of the document.
 This may cause the page layout to be inconsistent, however.

[19]
Overfull \hbox (30.5174pt too wide) in paragraph at lines 651--652
[]\T1/futs/m/n/12 (-20) Ist kei-ne Ver-bin-dung zu QiS vor-han-den, wird der Nu
t-zer mit-tels Toast-Benachrichtigung
 []

<05_Handbuch/img/Noten_Toast.jpg, id=383, 798.73407pt x 248.42813pt>
File: 05_Handbuch/img/Noten_Toast.jpg Graphic file (type jpg)

<use 05_Handbuch/img/Noten_Toast.jpg>
Package pdftex.def Info: 05_Handbuch/img/Noten_Toast.jpg used on input line 652
.
(pdftex.def)             Requested size: 399.36606pt x 124.21376pt.

Overfull \hbox (6.45949pt too wide) in paragraph at lines 652--653
[][] 
 []


Package Fancyhdr Warning: \headheight is too small (13.6pt): 
 Make it at least 14.49998pt.
 We now make it that large for the rest of the document.
 This may cause the page layout to be inconsistent, however.

[20 <C:/Users/Admin/Documents/GitHub/HFTL-APP/Dokumentation/erste_Ausarbeitung_
Jan/Entwicklungshandbuch/05_Handbuch/img/Noten_Toast.jpg>]

Package Fancyhdr Warning: \headheight is too small (13.6pt): 
 Make it at least 14.49998pt.
 We now make it that large for the rest of the document.
 This may cause the page layout to be inconsistent, however.

[21] <05_Handbuch/img/Benutzerdaten.jpg, id=404, 764.8575pt x 429.10312pt>
File: 05_Handbuch/img/Benutzerdaten.jpg Graphic file (type jpg)

<use 05_Handbuch/img/Benutzerdaten.jpg>
Package pdftex.def Info: 05_Handbuch/img/Benutzerdaten.jpg used on input line 7
46.
(pdftex.def)             Requested size: 382.42781pt x 214.55103pt.


Package Fancyhdr Warning: \headheight is too small (13.6pt): 
 Make it at least 14.49998pt.
 We now make it that large for the rest of the document.
 This may cause the page layout to be inconsistent, however.

[22]

Package Fancyhdr Warning: \headheight is too small (13.6pt): 
 Make it at least 14.49998pt.
 We now make it that large for the rest of the document.
 This may cause the page layout to be inconsistent, however.

[23 <C:/Users/Admin/Documents/GitHub/HFTL-APP/Dokumentation/erste_Ausarbeitung_
Jan/Entwicklungshandbuch/05_Handbuch/img/Benutzerdaten.jpg>]
Overfull \hbox (35.23203pt too wide) in paragraph at lines 777--778
\T1/futs/m/n/12 (-20) dow-n-me-n be-fllt, in-dem die Da-ten in ei-ne String-L
ist ein-ge-fgt wer-den (\T1/futs/m/it/12 (-20) list.add(temp)\T1/futs/m/n/12 (
-20) ). 
 []

<05_Handbuch/img/Studiengang.jpg, id=441, 722.7pt x 319.1925pt>
File: 05_Handbuch/img/Studiengang.jpg Graphic file (type jpg)

<use 05_Handbuch/img/Studiengang.jpg>
Package pdftex.def Info: 05_Handbuch/img/Studiengang.jpg used on input line 784
.
(pdftex.def)             Requested size: 361.3491pt x 159.59586pt.


Package Fancyhdr Warning: \headheight is too small (13.6pt): 
 Make it at least 14.49998pt.
 We now make it that large for the rest of the document.
 This may cause the page layout to be inconsistent, however.

[24 <C:/Users/Admin/Documents/GitHub/HFTL-APP/Dokumentation/erste_Ausarbeitung_
Jan/Entwicklungshandbuch/05_Handbuch/img/Studiengang.jpg>]
Overfull \hbox (21.2858pt too wide) in paragraph at lines 807--809
[]\T1/futs/m/n/12 (-20) Die Me-tho-de er-zeugt einen \T1/futs/m/it/12 (-20) Stu
n-den-plan-Re-sol-ver \T1/futs/m/n/12 (-20) und be-fllt das StundenplanEvents
-
 []


Package Fancyhdr Warning: \headheight is too small (13.6pt): 
 Make it at least 14.49998pt.
 We now make it that large for the rest of the document.
 This may cause the page layout to be inconsistent, however.

[25]
Underfull \hbox (badness 10000) in paragraph at lines 815--816

 []

<05_Handbuch/img/CustomAdapter.jpg, id=451, 831.105pt x 307.1475pt>
File: 05_Handbuch/img/CustomAdapter.jpg Graphic file (type jpg)

<use 05_Handbuch/img/CustomAdapter.jpg>
Package pdftex.def Info: 05_Handbuch/img/CustomAdapter.jpg used on input line 8
22.
(pdftex.def)             Requested size: 415.55148pt x 153.57336pt.

Underfull \hbox (badness 10000) in paragraph at lines 822--823

 []


Package Fancyhdr Warning: \headheight is too small (13.6pt): 
 Make it at least 14.49998pt.
 We now make it that large for the rest of the document.
 This may cause the page layout to be inconsistent, however.

[26 <C:/Users/Admin/Documents/GitHub/HFTL-APP/Dokumentation/erste_Ausarbeitung_
Jan/Entwicklungshandbuch/05_Handbuch/img/CustomAdapter.jpg>]

Package Fancyhdr Warning: \headheight is too small (13.6pt): 
 Make it at least 14.49998pt.
 We now make it that large for the rest of the document.
 This may cause the page layout to be inconsistent, however.

[27]

LaTeX Warning: Hyper reference `Newshelper' on page 28 undefined on input line 
871.


Package Fancyhdr Warning: \headheight is too small (13.6pt): 
 Make it at least 14.49998pt.
 We now make it that large for the rest of the document.
 This may cause the page layout to be inconsistent, however.

[28] <05_Handbuch/img/kategorie.jpg, id=500, 376.40625pt x 213.79875pt>
File: 05_Handbuch/img/kategorie.jpg Graphic file (type jpg)

<use 05_Handbuch/img/kategorie.jpg>
Package pdftex.def Info: 05_Handbuch/img/kategorie.jpg used on input line 926.
(pdftex.def)             Requested size: 188.20265pt x 106.89911pt.


Package Fancyhdr Warning: \headheight is too small (13.6pt): 
 Make it at least 14.49998pt.
 We now make it that large for the rest of the document.
 This may cause the page layout to be inconsistent, however.

[29 <C:/Users/Admin/Documents/GitHub/HFTL-APP/Dokumentation/erste_Ausarbeitung_
Jan/Entwicklungshandbuch/05_Handbuch/img/kategorie.jpg>]

LaTeX Warning: Hyper reference `CustomAdapter' on page 30 undefined on input li
ne 944.


LaTeX Warning: Hyper reference `CustomAdapter' on page 30 undefined on input li
ne 955.


Package Fancyhdr Warning: \headheight is too small (13.6pt): 
 Make it at least 14.49998pt.
 We now make it that large for the rest of the document.
 This may cause the page layout to be inconsistent, however.

[30]

Package Fancyhdr Warning: \headheight is too small (13.6pt): 
 Make it at least 14.49998pt.
 We now make it that large for the rest of the document.
 This may cause the page layout to be inconsistent, however.

[31]

Package Fancyhdr Warning: \headheight is too small (13.6pt): 
 Make it at least 14.49998pt.
 We now make it that large for the rest of the document.
 This may cause the page layout to be inconsistent, however.

[32]

Package Fancyhdr Warning: \headheight is too small (13.6pt): 
 Make it at least 14.49998pt.
 We now make it that large for the rest of the document.
 This may cause the page layout to be inconsistent, however.

[33]

Package Fancyhdr Warning: \headheight is too small (13.6pt): 
 Make it at least 14.49998pt.
 We now make it that large for the rest of the document.
 This may cause the page layout to be inconsistent, however.

[34]
Underfull \hbox (badness 10000) in paragraph at lines 1096--1098

 []


Package Fancyhdr Warning: \headheight is too small (13.6pt): 
 Make it at least 14.49998pt.
 We now make it that large for the rest of the document.
 This may cause the page layout to be inconsistent, however.

[35] <05_Handbuch/img/Stundenplan.jpg, id=612, 798.73407pt x 87.32625pt>
File: 05_Handbuch/img/Stundenplan.jpg Graphic file (type jpg)

<use 05_Handbuch/img/Stundenplan.jpg>
Package pdftex.def Info: 05_Handbuch/img/Stundenplan.jpg used on input line 115
9.
(pdftex.def)             Requested size: 399.36606pt x 43.66301pt.

Overfull \hbox (6.45949pt too wide) in paragraph at lines 1159--1160
[][] 
 []


Package Fancyhdr Warning: \headheight is too small (13.6pt): 
 Make it at least 14.49998pt.
 We now make it that large for the rest of the document.
 This may cause the page layout to be inconsistent, however.

[36 <C:/Users/Admin/Documents/GitHub/HFTL-APP/Dokumentation/erste_Ausarbeitung_
Jan/Entwicklungshandbuch/05_Handbuch/img/Stundenplan.jpg>]

Package Fancyhdr Warning: \headheight is too small (13.6pt): 
 Make it at least 14.49998pt.
 We now make it that large for the rest of the document.
 This may cause the page layout to be inconsistent, however.

[37]

Package Fancyhdr Warning: \headheight is too small (13.6pt): 
 Make it at least 14.49998pt.
 We now make it that large for the rest of the document.
 This may cause the page layout to be inconsistent, however.

[38]
<05_Handbuch/UML/Activity_Diagramm_APP_starten.pdf, id=629, 597.23125pt x 845.1
575pt>
File: 05_Handbuch/UML/Activity_Diagramm_APP_starten.pdf Graphic file (type pdf)

 <use 05_Handbuch/UML/Activity_Diagramm_APP_starten.pdf>
Package pdftex.def Info: 05_Handbuch/UML/Activity_Diagramm_APP_starten.pdf used
 on input line 1219.
(pdftex.def)             Requested size: 597.22978pt x 845.15544pt.
File: 05_Handbuch/UML/Activity_Diagramm_APP_starten.pdf Graphic file (type pdf)


<use 05_Handbuch/UML/Activity_Diagramm_APP_starten.pdf>
Package pdftex.def Info: 05_Handbuch/UML/Activity_Diagramm_APP_starten.pdf used
 on input line 1219.
(pdftex.def)             Requested size: 597.22978pt x 845.15544pt.

<05_Handbuch/UML/Activity_Diagramm_APP_starten.pdf, id=632, page=1, 597.23125pt
 x 845.1575pt>
File: 05_Handbuch/UML/Activity_Diagramm_APP_starten.pdf Graphic file (type pdf)

 <use 05_Handbuch/UML/Activity_Diagramm_APP_starten.pdf, page 1>
Package pdftex.def Info: 05_Handbuch/UML/Activity_Diagramm_APP_starten.pdf, pag
e1 used on input line 1219.
(pdftex.def)             Requested size: 597.22978pt x 845.15544pt.
File: 05_Handbuch/UML/Activity_Diagramm_APP_starten.pdf Graphic file (type pdf)


<use 05_Handbuch/UML/Activity_Diagramm_APP_starten.pdf, page 1>
Package pdftex.def Info: 05_Handbuch/UML/Activity_Diagramm_APP_starten.pdf, pag
e1 used on input line 1219.
(pdftex.def)             Requested size: 597.22978pt x 845.15544pt.
File: 05_Handbuch/UML/Activity_Diagramm_APP_starten.pdf Graphic file (type pdf)


<use 05_Handbuch/UML/Activity_Diagramm_APP_starten.pdf, page 1>
Package pdftex.def Info: 05_Handbuch/UML/Activity_Diagramm_APP_starten.pdf, pag
e1 used on input line 1219.
(pdftex.def)             Requested size: 597.22978pt x 845.15544pt.


Package Fancyhdr Warning: \headheight is too small (13.6pt): 
 Make it at least 14.49998pt.
 We now make it that large for the rest of the document.
 This may cause the page layout to be inconsistent, however.

[39]
File: 05_Handbuch/UML/Activity_Diagramm_APP_starten.pdf Graphic file (type pdf)

 <use 05_Handbuch/UML/Activity_Diagramm_APP_starten.pdf, page 1>
Package pdftex.def Info: 05_Handbuch/UML/Activity_Diagramm_APP_starten.pdf, pag
e1 used on input line 1219.
(pdftex.def)             Requested size: 597.22978pt x 845.15544pt.
 [40 <C:/Users/Admin/Documents/GitHub/HFTL-APP/Dokumentation/erste_Ausarbeitung
_Jan/Entwicklungshandbuch/05_Handbuch/UML/Activity_Diagramm_APP_starten.pdf>]
<05_Handbuch/UML/Activity_Diagramm_News_starten.pdf, id=647, 1195.46625pt x 845
.1575pt>
File: 05_Handbuch/UML/Activity_Diagramm_News_starten.pdf Graphic file (type pdf
)
 <use 05_Handbuch/UML/Activity_Diagramm_News_starten.pdf>
Package pdftex.def Info: 05_Handbuch/UML/Activity_Diagramm_News_starten.pdf use
d on input line 1222.
(pdftex.def)             Requested size: 1195.46333pt x 845.15544pt.
File: 05_Handbuch/UML/Activity_Diagramm_News_starten.pdf Graphic file (type pdf
)

<use 05_Handbuch/UML/Activity_Diagramm_News_starten.pdf>
Package pdftex.def Info: 05_Handbuch/UML/Activity_Diagramm_News_starten.pdf use
d on input line 1222.
(pdftex.def)             Requested size: 1195.46333pt x 845.15544pt.

<05_Handbuch/UML/Activity_Diagramm_News_starten.pdf, id=650, page=1, 1195.46625
pt x 845.1575pt>
File: 05_Handbuch/UML/Activity_Diagramm_News_starten.pdf Graphic file (type pdf
)

<use 05_Handbuch/UML/Activity_Diagramm_News_starten.pdf, page 1>
Package pdftex.def Info: 05_Handbuch/UML/Activity_Diagramm_News_starten.pdf, pa
ge1 used on input line 1222.
(pdftex.def)             Requested size: 1195.46333pt x 845.15544pt.
File: 05_Handbuch/UML/Activity_Diagramm_News_starten.pdf Graphic file (type pdf
)

<use 05_Handbuch/UML/Activity_Diagramm_News_starten.pdf, page 1>
Package pdftex.def Info: 05_Handbuch/UML/Activity_Diagramm_News_starten.pdf, pa
ge1 used on input line 1222.
(pdftex.def)             Requested size: 845.32114pt x 597.61578pt.
File: 05_Handbuch/UML/Activity_Diagramm_News_starten.pdf Graphic file (type pdf
)

<use 05_Handbuch/UML/Activity_Diagramm_News_starten.pdf, page 1>
Package pdftex.def Info: 05_Handbuch/UML/Activity_Diagramm_News_starten.pdf, pa
ge1 used on input line 1222.
(pdftex.def)             Requested size: 845.32114pt x 597.61578pt.
File: 05_Handbuch/UML/Activity_Diagramm_News_starten.pdf Graphic file (type pdf
)

<use 05_Handbuch/UML/Activity_Diagramm_News_starten.pdf, page 1>
Package pdftex.def Info: 05_Handbuch/UML/Activity_Diagramm_News_starten.pdf, pa
ge1 used on input line 1222.
(pdftex.def)             Requested size: 845.32114pt x 597.61578pt.
File: 05_Handbuch/UML/Activity_Diagramm_News_starten.pdf Graphic file (type pdf
)

<use 05_Handbuch/UML/Activity_Diagramm_News_starten.pdf, page 1>
Package pdftex.def Info: 05_Handbuch/UML/Activity_Diagramm_News_starten.pdf, pa
ge1 used on input line 1222.
(pdftex.def)             Requested size: 845.32114pt x 597.61578pt.
 [41

 <C:/Users/Admin/Documents/GitHub/HFTL-APP/Dokumentation/erste_Ausarbeitung_Jan
/Entwicklungshandbuch/05_Handbuch/UML/Activity_Diagramm_News_starten.pdf, page 
is rotated 90 degrees>]
<05_Handbuch/UML/Klassendiagramm_Main.pdf, id=661, 597.23125pt x 845.1575pt>
File: 05_Handbuch/UML/Klassendiagramm_Main.pdf Graphic file (type pdf)

<use 05_Handbuch/UML/Klassendiagramm_Main.pdf>
Package pdftex.def Info: 05_Handbuch/UML/Klassendiagramm_Main.pdf used on input
 line 1225.
(pdftex.def)             Requested size: 597.22978pt x 845.15544pt.
File: 05_Handbuch/UML/Klassendiagramm_Main.pdf Graphic file (type pdf)

<use 05_Handbuch/UML/Klassendiagramm_Main.pdf>
Package pdftex.def Info: 05_Handbuch/UML/Klassendiagramm_Main.pdf used on input
 line 1225.
(pdftex.def)             Requested size: 597.22978pt x 845.15544pt.

<05_Handbuch/UML/Klassendiagramm_Main.pdf, id=664, page=1, 597.23125pt x 845.15
75pt>
File: 05_Handbuch/UML/Klassendiagramm_Main.pdf Graphic file (type pdf)
 <use 05_Handbuch/UML/Klassendiagramm_Main.pdf, page 1>
Package pdftex.def Info: 05_Handbuch/UML/Klassendiagramm_Main.pdf, page1 used o
n input line 1225.
(pdftex.def)             Requested size: 597.22978pt x 845.15544pt.
File: 05_Handbuch/UML/Klassendiagramm_Main.pdf Graphic file (type pdf)

<use 05_Handbuch/UML/Klassendiagramm_Main.pdf, page 1>
Package pdftex.def Info: 05_Handbuch/UML/Klassendiagramm_Main.pdf, page1 used o
n input line 1225.
(pdftex.def)             Requested size: 597.22978pt x 845.15544pt.
File: 05_Handbuch/UML/Klassendiagramm_Main.pdf Graphic file (type pdf)

<use 05_Handbuch/UML/Klassendiagramm_Main.pdf, page 1>
Package pdftex.def Info: 05_Handbuch/UML/Klassendiagramm_Main.pdf, page1 used o
n input line 1225.
(pdftex.def)             Requested size: 597.22978pt x 845.15544pt.
File: 05_Handbuch/UML/Klassendiagramm_Main.pdf Graphic file (type pdf)

<use 05_Handbuch/UML/Klassendiagramm_Main.pdf, page 1>
Package pdftex.def Info: 05_Handbuch/UML/Klassendiagramm_Main.pdf, page1 used o
n input line 1225.
(pdftex.def)             Requested size: 597.22978pt x 845.15544pt.
 [42

 <C:/Users/Admin/Documents/GitHub/HFTL-APP/Dokumentation/erste_Ausarbeitung_Jan
/Entwicklungshandbuch/05_Handbuch/UML/Klassendiagramm_Main.pdf>]
<05_Handbuch/UML/Klassendiagramm_News.pdf, id=673, 597.23125pt x 845.1575pt>
File: 05_Handbuch/UML/Klassendiagramm_News.pdf Graphic file (type pdf)

<use 05_Handbuch/UML/Klassendiagramm_News.pdf>
Package pdftex.def Info: 05_Handbuch/UML/Klassendiagramm_News.pdf used on input
 line 1227.
(pdftex.def)             Requested size: 597.22978pt x 845.15544pt.
File: 05_Handbuch/UML/Klassendiagramm_News.pdf Graphic file (type pdf)

<use 05_Handbuch/UML/Klassendiagramm_News.pdf>
Package pdftex.def Info: 05_Handbuch/UML/Klassendiagramm_News.pdf used on input
 line 1227.
(pdftex.def)             Requested size: 597.22978pt x 845.15544pt.

<05_Handbuch/UML/Klassendiagramm_News.pdf, id=676, page=1, 597.23125pt x 845.15
75pt>
File: 05_Handbuch/UML/Klassendiagramm_News.pdf Graphic file (type pdf)
 <use 05_Handbuch/UML/Klassendiagramm_News.pdf, page 1>
Package pdftex.def Info: 05_Handbuch/UML/Klassendiagramm_News.pdf, page1 used o
n input line 1227.
(pdftex.def)             Requested size: 597.22978pt x 845.15544pt.
File: 05_Handbuch/UML/Klassendiagramm_News.pdf Graphic file (type pdf)

<use 05_Handbuch/UML/Klassendiagramm_News.pdf, page 1>
Package pdftex.def Info: 05_Handbuch/UML/Klassendiagramm_News.pdf, page1 used o
n input line 1227.
(pdftex.def)             Requested size: 597.22978pt x 845.15544pt.
File: 05_Handbuch/UML/Klassendiagramm_News.pdf Graphic file (type pdf)

<use 05_Handbuch/UML/Klassendiagramm_News.pdf, page 1>
Package pdftex.def Info: 05_Handbuch/UML/Klassendiagramm_News.pdf, page1 used o
n input line 1227.
(pdftex.def)             Requested size: 597.22978pt x 845.15544pt.
File: 05_Handbuch/UML/Klassendiagramm_News.pdf Graphic file (type pdf)

<use 05_Handbuch/UML/Klassendiagramm_News.pdf, page 1>
Package pdftex.def Info: 05_Handbuch/UML/Klassendiagramm_News.pdf, page1 used o
n input line 1227.
(pdftex.def)             Requested size: 597.22978pt x 845.15544pt.
 [43 <C:/Users/Admin/Documents/GitHub/HFTL-APP/Dokumentation/erste_Ausarbeitung
_Jan/Entwicklungshandbuch/05_Handbuch/UML/Klassendiagramm_News.pdf>]
<05_Handbuch/UML/Sequenzdiagramm_aktualisiereNewsliste.pdf, id=686, 845.1575pt 
x 597.23125pt>
File: 05_Handbuch/UML/Sequenzdiagramm_aktualisiereNewsliste.pdf Graphic file (t
ype pdf)
 <use 05_Handbuch/UML/Sequenzdiagramm_aktualisiereNewsliste.pdf>
Package pdftex.def Info: 05_Handbuch/UML/Sequenzdiagramm_aktualisiereNewsliste.
pdf used on input line 1230.
(pdftex.def)             Requested size: 845.15544pt x 597.22978pt.
File: 05_Handbuch/UML/Sequenzdiagramm_aktualisiereNewsliste.pdf Graphic file (t
ype pdf)

<use 05_Handbuch/UML/Sequenzdiagramm_aktualisiereNewsliste.pdf>
Package pdftex.def Info: 05_Handbuch/UML/Sequenzdiagramm_aktualisiereNewsliste.
pdf used on input line 1230.
(pdftex.def)             Requested size: 845.15544pt x 597.22978pt.

<05_Handbuch/UML/Sequenzdiagramm_aktualisiereNewsliste.pdf, id=689, page=1, 845
.1575pt x 597.23125pt>
File: 05_Handbuch/UML/Sequenzdiagramm_aktualisiereNewsliste.pdf Graphic file (t
ype pdf)

<use 05_Handbuch/UML/Sequenzdiagramm_aktualisiereNewsliste.pdf, page 1>
Package pdftex.def Info: 05_Handbuch/UML/Sequenzdiagramm_aktualisiereNewsliste.
pdf, page1 used on input line 1230.
(pdftex.def)             Requested size: 845.15544pt x 597.22978pt.
File: 05_Handbuch/UML/Sequenzdiagramm_aktualisiereNewsliste.pdf Graphic file (t
ype pdf)

<use 05_Handbuch/UML/Sequenzdiagramm_aktualisiereNewsliste.pdf, page 1>
Package pdftex.def Info: 05_Handbuch/UML/Sequenzdiagramm_aktualisiereNewsliste.
pdf, page1 used on input line 1230.
(pdftex.def)             Requested size: 845.15544pt x 597.22978pt.
File: 05_Handbuch/UML/Sequenzdiagramm_aktualisiereNewsliste.pdf Graphic file (t
ype pdf)

<use 05_Handbuch/UML/Sequenzdiagramm_aktualisiereNewsliste.pdf, page 1>
Package pdftex.def Info: 05_Handbuch/UML/Sequenzdiagramm_aktualisiereNewsliste.
pdf, page1 used on input line 1230.
(pdftex.def)             Requested size: 845.15544pt x 597.22978pt.
File: 05_Handbuch/UML/Sequenzdiagramm_aktualisiereNewsliste.pdf Graphic file (t
ype pdf)

<use 05_Handbuch/UML/Sequenzdiagramm_aktualisiereNewsliste.pdf, page 1>
Package pdftex.def Info: 05_Handbuch/UML/Sequenzdiagramm_aktualisiereNewsliste.
pdf, page1 used on input line 1230.
(pdftex.def)             Requested size: 845.15544pt x 597.22978pt.

[44

 <C:/Users/Admin/Documents/GitHub/HFTL-APP/Dokumentation/erste_Ausarbeitung_Jan
/Entwicklungshandbuch/05_Handbuch/UML/Sequenzdiagramm_aktualisiereNewsliste.pdf
, page is rotated 90 degrees>]
<05_Handbuch/UML/Sequenzdiagramm_oeffneNews.pdf, id=699, 845.1575pt x 597.23125
pt>
File: 05_Handbuch/UML/Sequenzdiagramm_oeffneNews.pdf Graphic file (type pdf)
 <use 05_Handbuch/UML/Sequenzdiagramm_oeffneNews.pdf>
Package pdftex.def Info: 05_Handbuch/UML/Sequenzdiagramm_oeffneNews.pdf used on
 input line 1234.
(pdftex.def)             Requested size: 845.15544pt x 597.22978pt.
File: 05_Handbuch/UML/Sequenzdiagramm_oeffneNews.pdf Graphic file (type pdf)

<use 05_Handbuch/UML/Sequenzdiagramm_oeffneNews.pdf>
Package pdftex.def Info: 05_Handbuch/UML/Sequenzdiagramm_oeffneNews.pdf used on
 input line 1234.
(pdftex.def)             Requested size: 845.15544pt x 597.22978pt.

<05_Handbuch/UML/Sequenzdiagramm_oeffneNews.pdf, id=702, page=1, 845.1575pt x 5
97.23125pt>
File: 05_Handbuch/UML/Sequenzdiagramm_oeffneNews.pdf Graphic file (type pdf)
 <use 05_Handbuch/UML/Sequenzdiagramm_oeffneNews.pdf, page 1>
Package pdftex.def Info: 05_Handbuch/UML/Sequenzdiagramm_oeffneNews.pdf, page1 
used on input line 1234.
(pdftex.def)             Requested size: 845.15544pt x 597.22978pt.
File: 05_Handbuch/UML/Sequenzdiagramm_oeffneNews.pdf Graphic file (type pdf)

<use 05_Handbuch/UML/Sequenzdiagramm_oeffneNews.pdf, page 1>
Package pdftex.def Info: 05_Handbuch/UML/Sequenzdiagramm_oeffneNews.pdf, page1 
used on input line 1234.
(pdftex.def)             Requested size: 845.15544pt x 597.22978pt.
File: 05_Handbuch/UML/Sequenzdiagramm_oeffneNews.pdf Graphic file (type pdf)

<use 05_Handbuch/UML/Sequenzdiagramm_oeffneNews.pdf, page 1>
Package pdftex.def Info: 05_Handbuch/UML/Sequenzdiagramm_oeffneNews.pdf, page1 
used on input line 1234.
(pdftex.def)             Requested size: 845.15544pt x 597.22978pt.
File: 05_Handbuch/UML/Sequenzdiagramm_oeffneNews.pdf Graphic file (type pdf)

<use 05_Handbuch/UML/Sequenzdiagramm_oeffneNews.pdf, page 1>
Package pdftex.def Info: 05_Handbuch/UML/Sequenzdiagramm_oeffneNews.pdf, page1 
used on input line 1234.
(pdftex.def)             Requested size: 845.15544pt x 597.22978pt.
 [45


 <C:/Users/Admin/Documents/GitHub/HFTL-APP/Dokumentation/erste_Ausarbeitung_Jan
/Entwicklungshandbuch/05_Handbuch/UML/Sequenzdiagramm_oeffneNews.pdf, page is r
otated 90 degrees>]
<05_Handbuch/UML/Use_Case_grobe_Uebersicht.pdf, id=712, 845.1575pt x 597.23125p
t>
File: 05_Handbuch/UML/Use_Case_grobe_Uebersicht.pdf Graphic file (type pdf)
 <use 05_Handbuch/UML/Use_Case_grobe_Uebersicht.pdf>
Package pdftex.def Info: 05_Handbuch/UML/Use_Case_grobe_Uebersicht.pdf used on 
input line 1238.
(pdftex.def)             Requested size: 845.15544pt x 597.22978pt.
File: 05_Handbuch/UML/Use_Case_grobe_Uebersicht.pdf Graphic file (type pdf)

<use 05_Handbuch/UML/Use_Case_grobe_Uebersicht.pdf>
Package pdftex.def Info: 05_Handbuch/UML/Use_Case_grobe_Uebersicht.pdf used on 
input line 1238.
(pdftex.def)             Requested size: 845.15544pt x 597.22978pt.

<05_Handbuch/UML/Use_Case_grobe_Uebersicht.pdf, id=715, page=1, 845.1575pt x 59
7.23125pt>
File: 05_Handbuch/UML/Use_Case_grobe_Uebersicht.pdf Graphic file (type pdf)
 <use 05_Handbuch/UML/Use_Case_grobe_Uebersicht.pdf, page 1>
Package pdftex.def Info: 05_Handbuch/UML/Use_Case_grobe_Uebersicht.pdf, page1 u
sed on input line 1238.
(pdftex.def)             Requested size: 845.15544pt x 597.22978pt.
File: 05_Handbuch/UML/Use_Case_grobe_Uebersicht.pdf Graphic file (type pdf)

<use 05_Handbuch/UML/Use_Case_grobe_Uebersicht.pdf, page 1>
Package pdftex.def Info: 05_Handbuch/UML/Use_Case_grobe_Uebersicht.pdf, page1 u
sed on input line 1238.
(pdftex.def)             Requested size: 845.15544pt x 597.22978pt.
File: 05_Handbuch/UML/Use_Case_grobe_Uebersicht.pdf Graphic file (type pdf)

<use 05_Handbuch/UML/Use_Case_grobe_Uebersicht.pdf, page 1>
Package pdftex.def Info: 05_Handbuch/UML/Use_Case_grobe_Uebersicht.pdf, page1 u
sed on input line 1238.
(pdftex.def)             Requested size: 845.15544pt x 597.22978pt.
File: 05_Handbuch/UML/Use_Case_grobe_Uebersicht.pdf Graphic file (type pdf)

<use 05_Handbuch/UML/Use_Case_grobe_Uebersicht.pdf, page 1>
Package pdftex.def Info: 05_Handbuch/UML/Use_Case_grobe_Uebersicht.pdf, page1 u
sed on input line 1238.
(pdftex.def)             Requested size: 845.15544pt x 597.22978pt.
 [46


 <C:/Users/Admin/Documents/GitHub/HFTL-APP/Dokumentation/erste_Ausarbeitung_Jan
/Entwicklungshandbuch/05_Handbuch/UML/Use_Case_grobe_Uebersicht.pdf, page is ro
tated 90 degrees>] <05_Handbuch/UML/Use_Case_starteApp.pdf, id=725, 845.1575pt 
x 597.23125pt>
File: 05_Handbuch/UML/Use_Case_starteApp.pdf Graphic file (type pdf)

<use 05_Handbuch/UML/Use_Case_starteApp.pdf>
Package pdftex.def Info: 05_Handbuch/UML/Use_Case_starteApp.pdf used on input l
ine 1242.
(pdftex.def)             Requested size: 845.15544pt x 597.22978pt.
File: 05_Handbuch/UML/Use_Case_starteApp.pdf Graphic file (type pdf)

<use 05_Handbuch/UML/Use_Case_starteApp.pdf>
Package pdftex.def Info: 05_Handbuch/UML/Use_Case_starteApp.pdf used on input l
ine 1242.
(pdftex.def)             Requested size: 845.15544pt x 597.22978pt.

<05_Handbuch/UML/Use_Case_starteApp.pdf, id=728, page=1, 845.1575pt x 597.23125
pt>
File: 05_Handbuch/UML/Use_Case_starteApp.pdf Graphic file (type pdf)
 <use 05_Handbuch/UML/Use_Case_starteApp.pdf, page 1>
Package pdftex.def Info: 05_Handbuch/UML/Use_Case_starteApp.pdf, page1 used on 
input line 1242.
(pdftex.def)             Requested size: 845.15544pt x 597.22978pt.
File: 05_Handbuch/UML/Use_Case_starteApp.pdf Graphic file (type pdf)

<use 05_Handbuch/UML/Use_Case_starteApp.pdf, page 1>
Package pdftex.def Info: 05_Handbuch/UML/Use_Case_starteApp.pdf, page1 used on 
input line 1242.
(pdftex.def)             Requested size: 845.15544pt x 597.22978pt.
File: 05_Handbuch/UML/Use_Case_starteApp.pdf Graphic file (type pdf)

<use 05_Handbuch/UML/Use_Case_starteApp.pdf, page 1>
Package pdftex.def Info: 05_Handbuch/UML/Use_Case_starteApp.pdf, page1 used on 
input line 1242.
(pdftex.def)             Requested size: 845.15544pt x 597.22978pt.
File: 05_Handbuch/UML/Use_Case_starteApp.pdf Graphic file (type pdf)

<use 05_Handbuch/UML/Use_Case_starteApp.pdf, page 1>
Package pdftex.def Info: 05_Handbuch/UML/Use_Case_starteApp.pdf, page1 used on 
input line 1242.
(pdftex.def)             Requested size: 845.15544pt x 597.22978pt.
 [47


 <C:/Users/Admin/Documents/GitHub/HFTL-APP/Dokumentation/erste_Ausarbeitung_Jan
/Entwicklungshandbuch/05_Handbuch/UML/Use_Case_starteApp.pdf, page is rotated 9
0 degrees>]
<05_Handbuch/UML/Zustandsdiagramm_App_v6.pdf, id=739, 1171.37625pt x 825.0825pt
>
File: 05_Handbuch/UML/Zustandsdiagramm_App_v6.pdf Graphic file (type pdf)
 <use 05_Handbuch/UML/Zustandsdiagramm_App_v6.pdf>
Package pdftex.def Info: 05_Handbuch/UML/Zustandsdiagramm_App_v6.pdf used on in
put line 1246.
(pdftex.def)             Requested size: 1171.3734pt x 825.08049pt.
File: 05_Handbuch/UML/Zustandsdiagramm_App_v6.pdf Graphic file (type pdf)

<use 05_Handbuch/UML/Zustandsdiagramm_App_v6.pdf>
Package pdftex.def Info: 05_Handbuch/UML/Zustandsdiagramm_App_v6.pdf used on in
put line 1246.
(pdftex.def)             Requested size: 1171.3734pt x 825.08049pt.

<05_Handbuch/UML/Zustandsdiagramm_App_v6.pdf, id=742, page=1, 1171.37625pt x 82
5.0825pt>
File: 05_Handbuch/UML/Zustandsdiagramm_App_v6.pdf Graphic file (type pdf)
 <use 05_Handbuch/UML/Zustandsdiagramm_App_v6.pdf, page 1>
Package pdftex.def Info: 05_Handbuch/UML/Zustandsdiagramm_App_v6.pdf, page1 use
d on input line 1246.
(pdftex.def)             Requested size: 1171.3734pt x 825.08049pt.
File: 05_Handbuch/UML/Zustandsdiagramm_App_v6.pdf Graphic file (type pdf)

<use 05_Handbuch/UML/Zustandsdiagramm_App_v6.pdf, page 1>
Package pdftex.def Info: 05_Handbuch/UML/Zustandsdiagramm_App_v6.pdf, page1 use
d on input line 1246.
(pdftex.def)             Requested size: 845.30276pt x 595.40605pt.
File: 05_Handbuch/UML/Zustandsdiagramm_App_v6.pdf Graphic file (type pdf)

<use 05_Handbuch/UML/Zustandsdiagramm_App_v6.pdf, page 1>
Package pdftex.def Info: 05_Handbuch/UML/Zustandsdiagramm_App_v6.pdf, page1 use
d on input line 1246.
(pdftex.def)             Requested size: 845.30276pt x 595.40605pt.
File: 05_Handbuch/UML/Zustandsdiagramm_App_v6.pdf Graphic file (type pdf)

<use 05_Handbuch/UML/Zustandsdiagramm_App_v6.pdf, page 1>
Package pdftex.def Info: 05_Handbuch/UML/Zustandsdiagramm_App_v6.pdf, page1 use
d on input line 1246.
(pdftex.def)             Requested size: 845.30276pt x 595.40605pt.
File: 05_Handbuch/UML/Zustandsdiagramm_App_v6.pdf Graphic file (type pdf)

<use 05_Handbuch/UML/Zustandsdiagramm_App_v6.pdf, page 1>
Package pdftex.def Info: 05_Handbuch/UML/Zustandsdiagramm_App_v6.pdf, page1 use
d on input line 1246.
(pdftex.def)             Requested size: 845.30276pt x 595.40605pt.
 [48


 <C:/Users/Admin/Documents/GitHub/HFTL-APP/Dokumentation/erste_Ausarbeitung_Jan
/Entwicklungshandbuch/05_Handbuch/UML/Zustandsdiagramm_App_v6.pdf>]
<05_Handbuch/UML/Zustandsdiagramm_NewsFragment_v6.pdf, id=755, 821.0675pt x 577
.15625pt>
File: 05_Handbuch/UML/Zustandsdiagramm_NewsFragment_v6.pdf Graphic file (type p
df)
 <use 05_Handbuch/UML/Zustandsdiagramm_NewsFragment_v6.pdf>
Package pdftex.def Info: 05_Handbuch/UML/Zustandsdiagramm_NewsFragment_v6.pdf u
sed on input line 1250.
(pdftex.def)             Requested size: 821.0655pt x 577.15483pt.
File: 05_Handbuch/UML/Zustandsdiagramm_NewsFragment_v6.pdf Graphic file (type p
df)

<use 05_Handbuch/UML/Zustandsdiagramm_NewsFragment_v6.pdf>
Package pdftex.def Info: 05_Handbuch/UML/Zustandsdiagramm_NewsFragment_v6.pdf u
sed on input line 1250.
(pdftex.def)             Requested size: 821.0655pt x 577.15483pt.

<05_Handbuch/UML/Zustandsdiagramm_NewsFragment_v6.pdf, id=758, page=1, 821.0675
pt x 577.15625pt>
File: 05_Handbuch/UML/Zustandsdiagramm_NewsFragment_v6.pdf Graphic file (type p
df)

<use 05_Handbuch/UML/Zustandsdiagramm_NewsFragment_v6.pdf, page 1>
Package pdftex.def Info: 05_Handbuch/UML/Zustandsdiagramm_NewsFragment_v6.pdf, 
page1 used on input line 1250.
(pdftex.def)             Requested size: 821.0655pt x 577.15483pt.
File: 05_Handbuch/UML/Zustandsdiagramm_NewsFragment_v6.pdf Graphic file (type p
df)

<use 05_Handbuch/UML/Zustandsdiagramm_NewsFragment_v6.pdf, page 1>
Package pdftex.def Info: 05_Handbuch/UML/Zustandsdiagramm_NewsFragment_v6.pdf, 
page1 used on input line 1250.
(pdftex.def)             Requested size: 821.0655pt x 577.15483pt.
File: 05_Handbuch/UML/Zustandsdiagramm_NewsFragment_v6.pdf Graphic file (type p
df)

<use 05_Handbuch/UML/Zustandsdiagramm_NewsFragment_v6.pdf, page 1>
Package pdftex.def Info: 05_Handbuch/UML/Zustandsdiagramm_NewsFragment_v6.pdf, 
page1 used on input line 1250.
(pdftex.def)             Requested size: 821.0655pt x 577.15483pt.
File: 05_Handbuch/UML/Zustandsdiagramm_NewsFragment_v6.pdf Graphic file (type p
df)

<use 05_Handbuch/UML/Zustandsdiagramm_NewsFragment_v6.pdf, page 1>
Package pdftex.def Info: 05_Handbuch/UML/Zustandsdiagramm_NewsFragment_v6.pdf, 
page1 used on input line 1250.
(pdftex.def)             Requested size: 821.0655pt x 577.15483pt.
 [49


 <C:/Users/Admin/Documents/GitHub/HFTL-APP/Dokumentation/erste_Ausarbeitung_Jan
/Entwicklungshandbuch/05_Handbuch/UML/Zustandsdiagramm_NewsFragment_v6.pdf>]
Package atveryend Info: Empty hook `BeforeClearDocument' on input line 1262.
Package atveryend Info: Empty hook `AfterLastShipout' on input line 1262.

(C:\Users\Admin\Documents\GitHub\HFTL-APP\Dokumentation\erste_Ausarbeitung_Jan\
Entwicklungshandbuch\Entwicklungshandbuch.aux)
Package atveryend Info: Executing hook `AtVeryEndDocument' on input line 1262.
Package atveryend Info: Executing hook `AtEndAfterFileList' on input line 1262.

Package rerunfilecheck Info: File `Entwicklungshandbuch.out' has not changed.
(rerunfilecheck)             Checksum: E2EFAAC654863CDA0267EC6DA799783F;3105.


LaTeX Warning: There were undefined references.


LaTeX Warning: Label(s) may have changed. Rerun to get cross-references right.

Package atveryend Info: Empty hook `AtVeryVeryEnd' on input line 1262.
 ) 
Here is how much of TeX's memory you used:
 14763 strings out of 493921
 223662 string characters out of 3147282
 438815 words of memory out of 3000000
 17201 multiletter control sequences out of 15000+200000
 102748 words of font info for 262 fonts, out of 3000000 for 9000
 841 hyphenation exceptions out of 8191
 39i,18n,56p,462b,2230s stack positions out of 5000i,500n,10000p,200000b,50000s
 <C:\Users\Admin\AppData\Local\MiKTeX\2.9\fonts\pk\ljfour\jknappen\ec\dpi600\
ecit1000.pk>{C:/Program Files/MiKTeX 2.9/fonts/enc/dvips/fontname/8r.enc} <C:\U
sers\Admin\AppData\Local\MiKTeX\2.9\fonts\pk\ljfour\jknappen\ec\dpi600\ectt1000
.pk> <C:\Users\Admin\AppData\Local\MiKTeX\2.9\fonts\pk\ljfour\jknappen\ec\dpi60
0\ecsx0900.pk> <C:\Users\Admin\AppData\Local\MiKTeX\2.9\fonts\pk\ljfour\jknappe
n\ec\dpi600\ecsx1200.pk><C:/Program Files/MiKTeX 2.9/fonts/type1/adobe/utopia/p
utb8a.pfb><C:/Program Files/MiKTeX 2.9/fonts/type1/adobe/utopia/putr8a.pfb><C:/
Program Files/MiKTeX 2.9/fonts/type1/adobe/utopia/putri8a.pfb>
Output written on Entwicklungshandbuch.pdf (49 pages, 1139763 bytes).
PDF statistics:
 1015 PDF objects out of 1200 (max. 8388607)
 298 named destinations out of 1000 (max. 500000)
 40051 words of extra memory for PDF output out of 42996 (max. 10000000)

