#
# There is insufficient memory for the Java Runtime Environment to continue.
# Native memory allocation (mmap) failed to map 105906176 bytes for committing reserved memory.
# Possible reasons:
#   The system is out of physical RAM or swap space
#   In 32 bit mode, the process size limit was hit
# Possible solutions:
#   Reduce memory load on the system
#   Increase physical memory or swap space
#   Check if swap backing store is full
#   Use 64 bit Java on a 64 bit OS
#   Decrease Java heap size (-Xmx/-Xms)
#   Decrease number of Java threads
#   Decrease Java thread stack sizes (-Xss)
#   Set larger code cache with -XX:ReservedCodeCacheSize=
# This output file may be truncated or incomplete.
#
#  Out of Memory Error (os_linux.cpp:2673), pid=5792, tid=2796227392
#
# JRE version: Java(TM) SE Runtime Environment (8.0_40-b26) (build 1.8.0_40-b26)
# Java VM: Java HotSpot(TM) Server VM (25.40-b25 mixed mode linux-x86 )
# Failed to write core dump. Core dumps have been disabled. To enable core dumping, try "ulimit -c unlimited" before starting Java again
#

---------------  T H R E A D  ---------------

Current thread (0xa3d10800):  VMThread [stack: 0xa6a30000,0xa6ab1000] [id=5801]

Stack: [0xa6a30000,0xa6ab1000],  sp=0xa6aaf930,  free space=510k
Native frames: (J=compiled Java code, j=interpreted, Vv=VM code, C=native code)
V  [libjvm.so+0x8c1fdf]  VMError::report_and_die()+0x16f
V  [libjvm.so+0x3864a5]  report_vm_out_of_memory(char const*, int, unsigned int, VMErrorType, char const*)+0x55
V  [libjvm.so+0x7468b6]  os::Linux::commit_memory_impl(char*, unsigned int, bool)+0xe6
V  [libjvm.so+0x746cd8]  os::pd_commit_memory(char*, unsigned int, unsigned int, bool)+0x28
V  [libjvm.so+0x7403fc]  os::commit_memory(char*, unsigned int, unsigned int, bool)+0x2c
V  [libjvm.so+0x7aa6a8]  PSVirtualSpace::expand_by(unsigned int)+0x48
V  [libjvm.so+0x7ab7aa]  PSYoungGen::resize_generation(unsigned int, unsigned int)+0xda
V  [libjvm.so+0x7aaad9]  PSYoungGen::resize(unsigned int, unsigned int)+0x19
V  [libjvm.so+0x7a83fd]  PSScavenge::invoke_no_policy()+0xd4d
V  [libjvm.so+0x7a8bc8]  PSScavenge::invoke()+0x28
V  [libjvm.so+0x767e9a]  ParallelScavengeHeap::failed_mem_allocate(unsigned int)+0x5a
V  [libjvm.so+0x8c38aa]  VM_ParallelGCFailedAllocation::doit()+0x7a
V  [libjvm.so+0x8ccac7]  VM_Operation::evaluate()+0x47
V  [libjvm.so+0x8caba3]  VMThread::evaluate_operation(VM_Operation*)+0xb3
V  [libjvm.so+0x8caf40]  VMThread::loop()+0x1b0
V  [libjvm.so+0x8cb3a5]  VMThread::run()+0x85
V  [libjvm.so+0x749159]  java_start(Thread*)+0x119
C  [libpthread.so.0+0x6313]  start_thread+0xd3

VM_Operation (0xf66b9a14): ParallelGCFailedAllocation, mode: safepoint, requested by thread 0xf6508800


---------------  P R O C E S S  ---------------

Java Threads: ( => current thread )
  0xa3d37800 JavaThread "Service Thread" daemon [_thread_blocked, id=5807, stack(0xa395c000,0xa39ad000)]
  0xa3d34800 JavaThread "C1 CompilerThread1" daemon [_thread_blocked, id=5806, stack(0xa39ad000,0xa3a2e000)]
  0xa3d32800 JavaThread "C2 CompilerThread0" daemon [_thread_in_native, id=5805, stack(0xa3a2e000,0xa3aaf000)]
  0xa3d31000 JavaThread "Signal Dispatcher" daemon [_thread_blocked, id=5804, stack(0xa3aaf000,0xa3b00000)]
  0xa3d15000 JavaThread "Finalizer" daemon [_thread_blocked, id=5803, stack(0xa3e39000,0xa3e8a000)]
  0xa3d13800 JavaThread "Reference Handler" daemon [_thread_blocked, id=5802, stack(0xa3e8a000,0xa3edb000)]
  0xf6508800 JavaThread "main" [_thread_blocked, id=5798, stack(0xf666a000,0xf66bb000)]

Other Threads:
=>0xa3d10800 VMThread [stack: 0xa6a30000,0xa6ab1000] [id=5801]
  0xa3d39800 WatcherThread [stack: 0xa38db000,0xa395c000] [id=5808]

VM state:at safepoint (normal execution)

VM Mutex/Monitor currently owned by a thread:  ([mutex/lock_event])
[0xf65069d8] Threads_lock - owner thread: 0xa3d10800
[0xf6506de8] Heap_lock - owner thread: 0xf6508800

Heap:
 PSYoungGen      total 111360K, used 9027K [0xd1ac0000, 0xd91c0000, 0xe7000000)
  eden space 101632K, 0% used [0xd1ac0000,0xd1ac0000,0xd7e00000)
  from space 9728K, 92% used [0xd7e00000,0xd86d0fb8,0xd8780000)
  to   space 8960K, 0% used [0xd8780000,0xd8780000,0xd9040000)
 ParOldGen       total 34304K, used 16685K [0xa7000000, 0xa9180000, 0xd1ac0000)
  object space 34304K, 48% used [0xa7000000,0xa804b4c8,0xa9180000)
 Metaspace       used 5074K, capacity 5134K, committed 5272K, reserved 5424K

Card table byte_map: [0xa6dff000,0xa7000000] byte_map_base: 0xa68c7000

Marking Bits: (ParMarkBitMap*) 0xf70f86e0
 Begin Bits: [0xa4900000, 0xa5900000)
 End Bits:   [0xa5900000, 0xa6900000)

Polling page: 0xf771e000

CodeCache: size=245760Kb used=6524Kb max_used=6524Kb free=239235Kb
 bounds [0xe7500000, 0xe7b68000, 0xf6500000]
 total_blobs=2543 nmethods=2372 adapters=86
 compilation: enabled

Compilation events (10 events):
Event: 3,250 Thread 0xa3d34800 2401       3       java.util.TimSort::countRunAndMakeAscending (128 bytes)
Event: 3,251 Thread 0xa3d34800 nmethod 2401 0xe7b56848 code [0xe7b569e0, 0xe7b57224]
Event: 3,263 Thread 0xa3d34800 2402 %     3       com.android.dx.io.instructions.InstructionCodec$33::decode @ 32 (99 bytes)
Event: 3,265 Thread 0xa3d34800 nmethod 2402% 0xe7b576c8 code [0xe7b579e0, 0xe7b592e0]
Event: 3,265 Thread 0xa3d34800 2403       3       com.android.dx.io.instructions.InstructionCodec$33::decode (99 bytes)
Event: 3,266 Thread 0xa3d34800 nmethod 2403 0xe7b5a888 code [0xe7b5ab80, 0xe7b5c2e0]
Event: 3,266 Thread 0xa3d34800 2404 %     3       com.android.dx.io.instructions.InstructionCodec$33::encode @ 59 (131 bytes)
Event: 3,268 Thread 0xa3d34800 nmethod 2404% 0xe7b5d588 code [0xe7b5d800, 0xe7b5f044]
Event: 3,269 Thread 0xa3d34800 2405       3       com.android.dx.io.instructions.InstructionCodec$33::encode (131 bytes)
Event: 3,270 Thread 0xa3d34800 nmethod 2405 0xe7b60148 code [0xe7b603a0, 0xe7b61ac4]

GC Heap History (10 events):
Event: 1,295 GC heap after
Heap after GC invocations=2 (full 0):
 PSYoungGen      total 27648K, used 2041K [0xd1ac0000, 0xd37c0000, 0xe7000000)
  eden space 25600K, 0% used [0xd1ac0000,0xd1ac0000,0xd33c0000)
  from space 2048K, 99% used [0xd35c0000,0xd37be668,0xd37c0000)
  to   space 2048K, 0% used [0xd33c0000,0xd33c0000,0xd35c0000)
 ParOldGen       total 34304K, used 4426K [0xa7000000, 0xa9180000, 0xd1ac0000)
  object space 34304K, 12% used [0xa7000000,0xa74529d0,0xa9180000)
 Metaspace       used 3607K, capacity 3742K, committed 3864K, reserved 4400K
}
Event: 2,019 GC heap before
{Heap before GC invocations=3 (full 0):
 PSYoungGen      total 27648K, used 27641K [0xd1ac0000, 0xd37c0000, 0xe7000000)
  eden space 25600K, 100% used [0xd1ac0000,0xd33c0000,0xd33c0000)
  from space 2048K, 99% used [0xd35c0000,0xd37be668,0xd37c0000)
  to   space 2048K, 0% used [0xd33c0000,0xd33c0000,0xd35c0000)
 ParOldGen       total 34304K, used 4426K [0xa7000000, 0xa9180000, 0xd1ac0000)
  object space 34304K, 12% used [0xa7000000,0xa74529d0,0xa9180000)
 Metaspace       used 4315K, capacity 4358K, committed 4376K, reserved 4400K
Event: 2,040 GC heap after
Heap after GC invocations=3 (full 0):
 PSYoungGen      total 27648K, used 2047K [0xd1ac0000, 0xd50c0000, 0xe7000000)
  eden space 25600K, 0% used [0xd1ac0000,0xd1ac0000,0xd33c0000)
  from space 2048K, 99% used [0xd33c0000,0xd35bfda8,0xd35c0000)
  to   space 2048K, 0% used [0xd4ec0000,0xd4ec0000,0xd50c0000)
 ParOldGen       total 34304K, used 11374K [0xa7000000, 0xa9180000, 0xd1ac0000)
  object space 34304K, 33% used [0xa7000000,0xa7b1bb18,0xa9180000)
 Metaspace       used 4315K, capacity 4358K, committed 4376K, reserved 4400K
}
Event: 2,422 GC heap before
{Heap before GC invocations=4 (full 0):
 PSYoungGen      total 27648K, used 27647K [0xd1ac0000, 0xd50c0000, 0xe7000000)
  eden space 25600K, 100% used [0xd1ac0000,0xd33c0000,0xd33c0000)
  from space 2048K, 99% used [0xd33c0000,0xd35bfda8,0xd35c0000)
  to   space 2048K, 0% used [0xd4ec0000,0xd4ec0000,0xd50c0000)
 ParOldGen       total 34304K, used 11374K [0xa7000000, 0xa9180000, 0xd1ac0000)
  object space 34304K, 33% used [0xa7000000,0xa7b1bb18,0xa9180000)
 Metaspace       used 4987K, capacity 5036K, committed 5144K, reserved 5424K
Event: 2,438 GC heap after
Heap after GC invocations=4 (full 0):
 PSYoungGen      total 53248K, used 2046K [0xd1ac0000, 0xd50c0000, 0xe7000000)
  eden space 51200K, 0% used [0xd1ac0000,0xd1ac0000,0xd4cc0000)
  from space 2048K, 99% used [0xd4ec0000,0xd50bf968,0xd50c0000)
  to   space 2048K, 0% used [0xd4cc0000,0xd4cc0000,0xd4ec0000)
 ParOldGen       total 34304K, used 13043K [0xa7000000, 0xa9180000, 0xd1ac0000)
  object space 34304K, 38% used [0xa7000000,0xa7cbcc80,0xa9180000)
 Metaspace       used 4987K, capacity 5036K, committed 5144K, reserved 5424K
}
Event: 2,691 GC heap before
{Heap before GC invocations=5 (full 0):
 PSYoungGen      total 53248K, used 53246K [0xd1ac0000, 0xd50c0000, 0xe7000000)
  eden space 51200K, 100% used [0xd1ac0000,0xd4cc0000,0xd4cc0000)
  from space 2048K, 99% used [0xd4ec0000,0xd50bf968,0xd50c0000)
  to   space 2048K, 0% used [0xd4cc0000,0xd4cc0000,0xd4ec0000)
 ParOldGen       total 34304K, used 13043K [0xa7000000, 0xa9180000, 0xd1ac0000)
  object space 34304K, 38% used [0xa7000000,0xa7cbcc80,0xa9180000)
 Metaspace       used 5011K, capacity 5068K, committed 5144K, reserved 5424K
Event: 2,702 GC heap after
Heap after GC invocations=5 (full 0):
 PSYoungGen      total 53248K, used 2044K [0xd1ac0000, 0xd9040000, 0xe7000000)
  eden space 51200K, 0% used [0xd1ac0000,0xd1ac0000,0xd4cc0000)
  from space 2048K, 99% used [0xd4cc0000,0xd4ebf188,0xd4ec0000)
  to   space 8960K, 0% used [0xd8780000,0xd8780000,0xd9040000)
 ParOldGen       total 34304K, used 15358K [0xa7000000, 0xa9180000, 0xd1ac0000)
  object space 34304K, 44% used [0xa7000000,0xa7eff8b8,0xa9180000)
 Metaspace       used 5011K, capacity 5068K, committed 5144K, reserved 5424K
}
Event: 2,863 GC heap before
{Heap before GC invocations=6 (full 0):
 PSYoungGen      total 53248K, used 53244K [0xd1ac0000, 0xd9040000, 0xe7000000)
  eden space 51200K, 100% used [0xd1ac0000,0xd4cc0000,0xd4cc0000)
  from space 2048K, 99% used [0xd4cc0000,0xd4ebf188,0xd4ec0000)
  to   space 8960K, 0% used [0xd8780000,0xd8780000,0xd9040000)
 ParOldGen       total 34304K, used 15358K [0xa7000000, 0xa9180000, 0xd1ac0000)
  object space 34304K, 44% used [0xa7000000,0xa7eff8b8,0xa9180000)
 Metaspace       used 5068K, capacity 5134K, committed 5272K, reserved 5424K
Event: 2,887 GC heap after
Heap after GC invocations=6 (full 0):
 PSYoungGen      total 110592K, used 7851K [0xd1ac0000, 0xd91c0000, 0xe7000000)
  eden space 101632K, 0% used [0xd1ac0000,0xd1ac0000,0xd7e00000)
  from space 8960K, 87% used [0xd8780000,0xd8f2ae98,0xd9040000)
  to   space 9728K, 0% used [0xd7e00000,0xd7e00000,0xd8780000)
 ParOldGen       total 34304K, used 15358K [0xa7000000, 0xa9180000, 0xd1ac0000)
  object space 34304K, 44% used [0xa7000000,0xa7eff8b8,0xa9180000)
 Metaspace       used 5068K, capacity 5134K, committed 5272K, reserved 5424K
}
Event: 3,292 GC heap before
{Heap before GC invocations=7 (full 0):
 PSYoungGen      total 110592K, used 109483K [0xd1ac0000, 0xd91c0000, 0xe7000000)
  eden space 101632K, 100% used [0xd1ac0000,0xd7e00000,0xd7e00000)
  from space 8960K, 87% used [0xd8780000,0xd8f2ae98,0xd9040000)
  to   space 9728K, 0% used [0xd7e00000,0xd7e00000,0xd8780000)
 ParOldGen       total 34304K, used 15358K [0xa7000000, 0xa9180000, 0xd1ac0000)
  object space 34304K, 44% used [0xa7000000,0xa7eff8b8,0xa9180000)
 Metaspace       used 5074K, capacity 5134K, committed 5272K, reserved 5424K

Deoptimization events (10 events):
Event: 1,761 Thread 0xf6508800 Uncommon trap: reason=speculate_class_check action=maybe_recompile pc=0xe7837068 method=com.android.dx.util.FixedSizeList.equals(Ljava/lang/Object;)Z @ 25
Event: 1,761 Thread 0xf6508800 Uncommon trap: reason=speculate_class_check action=maybe_recompile pc=0xe7837068 method=com.android.dx.util.FixedSizeList.equals(Ljava/lang/Object;)Z @ 25
Event: 1,761 Thread 0xf6508800 Uncommon trap: reason=unstable_if action=reinterpret pc=0xe77ba7ac method=java.util.TreeMap.put(Ljava/lang/Object;Ljava/lang/Object;)Ljava/lang/Object; @ 163
Event: 1,893 Thread 0xf6508800 Uncommon trap: reason=unstable_if action=reinterpret pc=0xe7845e04 method=java.util.Arrays.copyOf([Ljava/lang/Object;ILjava/lang/Class;)[Ljava/lang/Object; @ 3
Event: 1,898 Thread 0xf6508800 Uncommon trap: reason=class_check action=maybe_recompile pc=0xe797854c method=java.util.HashMap.putVal(ILjava/lang/Object;Ljava/lang/Object;ZZ)Ljava/lang/Object; @ 56
Event: 1,898 Thread 0xf6508800 Uncommon trap: reason=class_check action=maybe_recompile pc=0xe797854c method=java.util.HashMap.putVal(ILjava/lang/Object;Ljava/lang/Object;ZZ)Ljava/lang/Object; @ 56
Event: 2,276 Thread 0xf6508800 Uncommon trap: reason=unstable_if action=reinterpret pc=0xe7a7d658 method=java.util.HashMap.putVal(ILjava/lang/Object;Ljava/lang/Object;ZZ)Ljava/lang/Object; @ 162
Event: 2,308 Thread 0xf6508800 Uncommon trap: reason=unstable_if action=reinterpret pc=0xe797c3c8 method=java.util.HashMap.getNode(ILjava/lang/Object;)Ljava/util/HashMap$Node; @ 84
Event: 2,308 Thread 0xf6508800 Uncommon trap: reason=unstable_if action=reinterpret pc=0xe797c908 method=java.util.HashMap.getNode(ILjava/lang/Object;)Ljava/util/HashMap$Node; @ 84
Event: 2,343 Thread 0xf6508800 Uncommon trap: reason=predicate action=maybe_recompile pc=0xe7ab0dc8 method=com.android.dex.Leb128.readUnsignedLeb128(Lcom/android/dex/util/ByteInput;)I @ 41

Internal exceptions (6 events):
Event: 0,092 Thread 0xf6508800 Exception <a 'java/lang/NoSuchMethodError': Method sun.misc.Unsafe.defineClass(Ljava/lang/String;[BII)Ljava/lang/Class; name or signature does not match> (0xd1ad0400) thrown at [/HUDSON3/workspace/8-2-build-linux-i586/jdk8u40/3098/hotspot/src/share/vm/pri
Event: 0,092 Thread 0xf6508800 Exception <a 'java/lang/NoSuchMethodError': Method sun.misc.Unsafe.prefetchRead(Ljava/lang/Object;J)V name or signature does not match> (0xd1ad0680) thrown at [/HUDSON3/workspace/8-2-build-linux-i586/jdk8u40/3098/hotspot/src/share/vm/prims/jni.cpp, line 3
Event: 2,163 Thread 0xf6508800 Exception <a 'java/security/PrivilegedActionException'> (0xd1cc3378) thrown at [/HUDSON3/workspace/8-2-build-linux-i586/jdk8u40/3098/hotspot/src/share/vm/prims/jvm.cpp, line 1382]
Event: 2,163 Thread 0xf6508800 Exception <a 'java/security/PrivilegedActionException'> (0xd1cc36b8) thrown at [/HUDSON3/workspace/8-2-build-linux-i586/jdk8u40/3098/hotspot/src/share/vm/prims/jvm.cpp, line 1382]
Event: 2,163 Thread 0xf6508800 Exception <a 'java/security/PrivilegedActionException'> (0xd1cc5918) thrown at [/HUDSON3/workspace/8-2-build-linux-i586/jdk8u40/3098/hotspot/src/share/vm/prims/jvm.cpp, line 1382]
Event: 2,163 Thread 0xf6508800 Exception <a 'java/security/PrivilegedActionException'> (0xd1cc5c58) thrown at [/HUDSON3/workspace/8-2-build-linux-i586/jdk8u40/3098/hotspot/src/share/vm/prims/jvm.cpp, line 1382]

Events (10 events):
Event: 3,227 Thread 0xf6508800 DEOPT UNPACKING pc=0xe753c310 sp=0xf66b9b88 mode 0
Event: 3,229 Thread 0xf6508800 DEOPT PACKING pc=0xe7ad9d86 sp=0xf66b9cb0
Event: 3,229 Thread 0xf6508800 DEOPT UNPACKING pc=0xe753c310 sp=0xf66b9b88 mode 0
Event: 3,251 Thread 0xf6508800 DEOPT PACKING pc=0xe7a05011 sp=0xf66b9b90
Event: 3,251 Thread 0xf6508800 DEOPT UNPACKING pc=0xe753c310 sp=0xf66b9a4c mode 0
Event: 3,266 Thread 0xf6508800 DEOPT PACKING pc=0xe7b0bd4d sp=0xf66b9a90
Event: 3,266 Thread 0xf6508800 DEOPT UNPACKING pc=0xe753c310 sp=0xf66b9980 mode 0
Event: 3,268 Thread 0xf6508800 DEOPT PACKING pc=0xe7b0d28e sp=0xf66b9ab0
Event: 3,268 Thread 0xf6508800 DEOPT UNPACKING pc=0xe753c310 sp=0xf66b9974 mode 0
Event: 3,292 Executing VM operation: ParallelGCFailedAllocation


Dynamic libraries:
08048000-08049000 r-xp 00000000 08:11 4460985                            /usr/java/jdk1.8.0_40/bin/java
08049000-0804a000 rw-p 00000000 08:11 4460985                            /usr/java/jdk1.8.0_40/bin/java
08502000-08c45000 rw-p 00000000 00:00 0                                  [heap]
a3200000-a3229000 rw-p 00000000 00:00 0 
a3229000-a3300000 ---p 00000000 00:00 0 
a3300000-a33fb000 rw-p 00000000 00:00 0 
a33fb000-a3400000 ---p 00000000 00:00 0 
a3400000-a34e0000 rw-p 00000000 00:00 0 
a34e0000-a3500000 ---p 00000000 00:00 0 
a3500000-a3555000 rw-p 00000000 00:00 0 
a3555000-a3600000 ---p 00000000 00:00 0 
a3600000-a36fd000 rw-p 00000000 00:00 0 
a36fd000-a3700000 ---p 00000000 00:00 0 
a3700000-a3800000 rw-p 00000000 00:00 0 
a38db000-a38dc000 ---p 00000000 00:00 0 
a38dc000-a395c000 rw-p 00000000 00:00 0                                  [stack:5808]
a395c000-a395f000 ---p 00000000 00:00 0 
a395f000-a39ad000 rw-p 00000000 00:00 0                                  [stack:5807]
a39ad000-a39b0000 ---p 00000000 00:00 0 
a39b0000-a3a2e000 rw-p 00000000 00:00 0                                  [stack:5806]
a3a2e000-a3a31000 ---p 00000000 00:00 0 
a3a31000-a3aaf000 rw-p 00000000 00:00 0                                  [stack:5805]
a3aaf000-a3ab2000 ---p 00000000 00:00 0 
a3ab2000-a3b00000 rw-p 00000000 00:00 0                                  [stack:5804]
a3b00000-a3d00000 r--p 00000000 08:11 4335064                            /usr/lib/locale/locale-archive
a3d00000-a3dfb000 rw-p 00000000 00:00 0 
a3dfb000-a3e00000 ---p 00000000 00:00 0 
a3e39000-a3e3c000 ---p 00000000 00:00 0 
a3e3c000-a3e8a000 rw-p 00000000 00:00 0                                  [stack:5803]
a3e8a000-a3e8d000 ---p 00000000 00:00 0 
a3e8d000-a3edb000 rw-p 00000000 00:00 0                                  [stack:5802]
a3edb000-a40b4000 r--s 03cc2000 08:11 4594709                            /usr/java/jdk1.8.0_40/jre/lib/rt.jar
a40b4000-a44fa000 rw-p 00000000 00:00 0 
a44fa000-a4500000 ---p 00000000 00:00 0 
a4500000-a6900000 rw-p 00000000 00:00 0 
a6900000-a69fe000 rw-p 00000000 00:00 0 
a69fe000-a6a00000 ---p 00000000 00:00 0 
a6a30000-a6a31000 ---p 00000000 00:00 0 
a6a31000-a6b00000 rw-p 00000000 00:00 0                                  [stack:5801]
a6b00000-a6b21000 rw-p 00000000 00:00 0 
a6b21000-a6c00000 ---p 00000000 00:00 0 
a6c4e000-a6cba000 rw-p 00000000 00:00 0 
a6cba000-a6dff000 ---p 00000000 00:00 0 
a6dff000-a6e10000 rw-p 00000000 00:00 0 
a6e10000-a6f54000 ---p 00000000 00:00 0 
a6f54000-a6f90000 rw-p 00000000 00:00 0 
a6f90000-a6fff000 ---p 00000000 00:00 0 
a6fff000-a9180000 rw-p 00000000 00:00 0 
a9180000-d1ac0000 ---p 00000000 00:00 0 
d1ac0000-d91c0000 rw-p 00000000 00:00 0 
df44a000-df69a000 rw-p 00000000 00:00 0 
df69a000-df6c0000 r--p 00000000 08:11 6031528                            /usr/share/locale/de/LC_MESSAGES/libc.mo
df6c0000-e7000000 ---p 00000000 00:00 0 
e7019000-e7020000 r--s 00000000 08:11 4461866                            /usr/lib/gconv/gconv-modules.cache
e7020000-e702a000 r--s 0021b000 08:11 5117752                            /usr/java/jdk1.8.0_40/jre/lib/ext/localedata.jar
e702a000-e702f000 r--s 00093000 08:11 4594706                            /usr/java/jdk1.8.0_40/jre/lib/jsse.jar
e702f000-e703e000 r--s 000dd000 08:11 2230220                            /home/georg/Android/Sdk/build-tools/21.1.2/lib/dx.jar
e703e000-e703f000 ---p 00000000 00:00 0 
e703f000-e70bf000 rw-p 00000000 00:00 0                                  [stack:5800]
e70bf000-e70c0000 ---p 00000000 00:00 0 
e70c0000-e715a000 rw-p 00000000 00:00 0                                  [stack:5799]
e715a000-e7500000 ---p 00000000 00:00 0 
e7500000-e7b68000 rwxp 00000000 00:00 0 
e7b68000-f6500000 ---p 00000000 00:00 0 
f6500000-f65fa000 rw-p 00000000 00:00 0 
f65fa000-f6600000 ---p 00000000 00:00 0 
f6600000-f661a000 rw-p 00000000 00:00 0 
f661a000-f6633000 r-xp 00000000 08:11 5250921                            /usr/java/jdk1.8.0_40/jre/lib/i386/libzip.so
f6633000-f6634000 rw-p 00018000 08:11 5250921                            /usr/java/jdk1.8.0_40/jre/lib/i386/libzip.so
f6634000-f663c000 rw-s 00000000 00:24 457594                             /tmp/hsperfdata_georg/5792
f663c000-f6660000 r-xp 00000000 08:11 5250464                            /usr/java/jdk1.8.0_40/jre/lib/i386/libjava.so
f6660000-f6661000 rw-p 00023000 08:11 5250464                            /usr/java/jdk1.8.0_40/jre/lib/i386/libjava.so
f6661000-f6668000 r-xp 00000000 08:11 4335227                            /usr/lib/librt-2.20.so
f6668000-f6669000 r--p 00006000 08:11 4335227                            /usr/lib/librt-2.20.so
f6669000-f666a000 rw-p 00007000 08:11 4335227                            /usr/lib/librt-2.20.so
f666a000-f666d000 ---p 00000000 00:00 0 
f666d000-f66bb000 rw-p 00000000 00:00 0                                  [stack:5798]
f66bb000-f6706000 r-xp 00000000 08:11 4335205                            /usr/lib/libm-2.20.so
f6706000-f6707000 r--p 0004b000 08:11 4335205                            /usr/lib/libm-2.20.so
f6707000-f6708000 rw-p 0004c000 08:11 4335205                            /usr/lib/libm-2.20.so
f6708000-f707b000 r-xp 00000000 08:11 5250925                            /usr/java/jdk1.8.0_40/jre/lib/i386/server/libjvm.so
f707b000-f70e7000 rw-p 00973000 08:11 5250925                            /usr/java/jdk1.8.0_40/jre/lib/i386/server/libjvm.so
f70e7000-f750d000 rw-p 00000000 00:00 0 
f750d000-f76d2000 r-xp 00000000 08:11 4335197                            /usr/lib/libc-2.20.so
f76d2000-f76d5000 r--p 001c4000 08:11 4335197                            /usr/lib/libc-2.20.so
f76d5000-f76d7000 rw-p 001c7000 08:11 4335197                            /usr/lib/libc-2.20.so
f76d7000-f76da000 rw-p 00000000 00:00 0 
f76da000-f76dd000 r-xp 00000000 08:11 4335203                            /usr/lib/libdl-2.20.so
f76dd000-f76de000 r--p 00002000 08:11 4335203                            /usr/lib/libdl-2.20.so
f76de000-f76df000 rw-p 00003000 08:11 4335203                            /usr/lib/libdl-2.20.so
f76df000-f76f3000 r-xp 00000000 08:11 5899291                            /usr/java/jdk1.8.0_40/lib/i386/jli/libjli.so
f76f3000-f76f4000 rw-p 00014000 08:11 5899291                            /usr/java/jdk1.8.0_40/lib/i386/jli/libjli.so
f76f4000-f770b000 r-xp 00000000 08:11 4335223                            /usr/lib/libpthread-2.20.so
f770b000-f770c000 r--p 00016000 08:11 4335223                            /usr/lib/libpthread-2.20.so
f770c000-f770d000 rw-p 00017000 08:11 4335223                            /usr/lib/libpthread-2.20.so
f770d000-f770f000 rw-p 00000000 00:00 0 
f770f000-f771b000 r-xp 00000000 08:11 4335215                            /usr/lib/libnss_files-2.20.so
f771b000-f771c000 r--p 0000b000 08:11 4335215                            /usr/lib/libnss_files-2.20.so
f771c000-f771d000 rw-p 0000c000 08:11 4335215                            /usr/lib/libnss_files-2.20.so
f771d000-f771e000 rw-p 00000000 00:00 0 
f771e000-f771f000 ---p 00000000 00:00 0 
f771f000-f772a000 r-xp 00000000 08:11 5250920                            /usr/java/jdk1.8.0_40/jre/lib/i386/libverify.so
f772a000-f772b000 rw-p 0000b000 08:11 5250920                            /usr/java/jdk1.8.0_40/jre/lib/i386/libverify.so
f772b000-f772c000 rw-p 00000000 00:00 0 
f772c000-f772e000 r--p 00000000 00:00 0                                  [vvar]
f772e000-f772f000 r-xp 00000000 00:00 0                                  [vdso]
f772f000-f7751000 r-xp 00000000 08:11 4335190                            /usr/lib/ld-2.20.so
f7751000-f7752000 r--p 00021000 08:11 4335190                            /usr/lib/ld-2.20.so
f7752000-f7753000 rw-p 00022000 08:11 4335190                            /usr/lib/ld-2.20.so
ffdde000-ffddf000 rwxp 00000000 00:00 0 
ffe10000-ffe32000 rw-p 00000000 00:00 0                                  [stack]

VM Arguments:
jvm_args: -Xmx1024M -Dfile.encoding=UTF-8 -Duser.country=DE -Duser.language=de -Duser.variant 
java_command: com.android.dx.command.Main --dex --output /run/media/georg/7C94DBD194DB8BD0/Android/HFTL-APP/HfTL-App/app/build/intermediates/dex/debug /run/media/georg/7C94DBD194DB8BD0/Android/HFTL-APP/HfTL-App/app/build/intermediates/classes/debug /run/media/georg/7C94DBD194DB8BD0/Android/HFTL-APP/HfTL-App/app/build/intermediates/pre-dexed/debug/support-annotations-22.0.0-69010316c801077c4fefe3a8c8f5e9cd871c5389.jar /run/media/georg/7C94DBD194DB8BD0/Android/HFTL-APP/HfTL-App/app/build/intermediates/pre-dexed/debug/classes-48b43cee028390a0f868801e67dd3e8f331d407c.jar /run/media/georg/7C94DBD194DB8BD0/Android/HFTL-APP/HfTL-App/app/build/intermediates/pre-dexed/debug/classes-2e6021d47f9a571ab72ca9a688633373d9930fd0.jar /run/media/georg/7C94DBD194DB8BD0/Android/HFTL-APP/HfTL-App/app/build/intermediates/pre-dexed/debug/classes-1a9d8b5f5248f18407036e69e83ee7684787faf0.jar /run/media/georg/7C94DBD194DB8BD0/Android/HFTL-APP/HfTL-App/app/build/intermediates/pre-dexed/debug/classes-7aa7c3ea30566e5aeac983bd22805ae12f9d98fd.jar /run/media/georg/7C94DBD194DB8BD0/Android/HFTL-APP/HfTL-App/app/build/intermediates/pre-dexed/debug/classes-887969ac84b197b8da08db869ca271964f8aae44.jar /run/media/georg/7C94DBD194DB8BD0/Android/HFTL-APP/HfTL-App/app/build/intermediates/pre-dexed/debug/classes-799d28b901aaba09bea59aff76de35026280a81e.jar /run/media/georg/7C94DBD194DB8BD0/Android/HFTL-APP/HfTL-App/app/build/intermediates/pre-dexed/debug/classes-e14e219d8628dc7c29c8ba58c267e731b0e3e976.jar /run/media/georg/7C94DBD194DB8BD0/Android/HFTL-APP/HfTL-App/app/build/intermediates/pre-dexed/debug/classes-586c49f58fcd4d447bcec049e8e8b384af4e20fd.jar /run/media/georg/7C94DBD194DB8BD0/Android/HFTL-APP/HfTL-App/app/build/intermediates/pre-dexed/debug/classes-b00604a5c790d182286dc527330e8f84eadfef49.jar /run/media/georg/7C94DBD194DB8BD0/Android/HFTL-APP/HfTL-App/app/build/intermediates/pre-dexed/debug/classes-e00f216630a160fe10ad745959011cc847ac226c.jar /run/media/georg/7C94DBD194DB8BD0/Android/HFTL-
java_class_path (initial): /home/georg/Android/Sdk/build-tools/21.1.2/lib/dx.jar
Launcher Type: SUN_STANDARD

Environment Variables:
JAVA_HOME=/usr/java/jdk1.8.0_40
CLASSPATH=./android-studio/bin/../lib/bootstrap.jar:./android-studio/bin/../lib/extensions.jar:./android-studio/bin/../lib/util.jar:./android-studio/bin/../lib/jdom.jar:./android-studio/bin/../lib/log4j.jar:./android-studio/bin/../lib/trove4j.jar:./android-studio/bin/../lib/jna.jar:/usr/java/jdk1.8.0_40/lib/tools.jar
PATH=/usr/local/bin:/usr/local/sbin:/usr/bin:/usr/sbin:/bin:/sbin:/home/georg/.local/bin:/home/georg/bin
USERNAME=georg
LD_LIBRARY_PATH=./android-studio/bin:
SHELL=/bin/bash
DISPLAY=:0

Signal Handlers:
SIGSEGV: [libjvm.so+0x8c2ab0], sa_mask[0]=11111111011111111101111111111110, sa_flags=SA_RESTART|SA_SIGINFO
SIGBUS: [libjvm.so+0x8c2ab0], sa_mask[0]=11111111011111111101111111111110, sa_flags=SA_RESTART|SA_SIGINFO
SIGFPE: [libjvm.so+0x7433e0], sa_mask[0]=11111111011111111101111111111110, sa_flags=SA_RESTART|SA_SIGINFO
SIGPIPE: [libjvm.so+0x7433e0], sa_mask[0]=11111111011111111101111111111110, sa_flags=SA_RESTART|SA_SIGINFO
SIGXFSZ: [libjvm.so+0x7433e0], sa_mask[0]=11111111011111111101111111111110, sa_flags=SA_RESTART|SA_SIGINFO
SIGILL: [libjvm.so+0x7433e0], sa_mask[0]=11111111011111111101111111111110, sa_flags=SA_RESTART|SA_SIGINFO
SIGUSR1: SIG_DFL, sa_mask[0]=00000000000000000000000000000000, sa_flags=none
SIGUSR2: [libjvm.so+0x744970], sa_mask[0]=00100000000000000000000000000000, sa_flags=SA_RESTART|SA_SIGINFO
SIGHUP: [libjvm.so+0x745e20], sa_mask[0]=11111111011111111101111111111110, sa_flags=SA_RESTART|SA_SIGINFO
SIGINT: [libjvm.so+0x745e20], sa_mask[0]=11111111011111111101111111111110, sa_flags=SA_RESTART|SA_SIGINFO
SIGTERM: [libjvm.so+0x745e20], sa_mask[0]=11111111011111111101111111111110, sa_flags=SA_RESTART|SA_SIGINFO
SIGQUIT: [libjvm.so+0x745e20], sa_mask[0]=11111111011111111101111111111110, sa_flags=SA_RESTART|SA_SIGINFO


---------------  S Y S T E M  ---------------

OS:Fedora release 21 (Twenty One)

uname:Linux 3.17.4-301.fc21.x86_64 #1 SMP Thu Nov 27 19:09:10 UTC 2014 x86_64
libc:glibc 2.20 NPTL 2.20 
rlimit: STACK 8192k, CORE 0k, NPROC 4096, NOFILE 4096, AS infinity
load average:1,39 1,15 0,98

/proc/meminfo:
MemTotal:        3273928 kB
MemFree:           80336 kB
MemAvailable:      45492 kB
Buffers:             920 kB
Cached:            24372 kB
SwapCached:            0 kB
Active:          3003724 kB
Inactive:          16372 kB
Active(anon):    2996404 kB
Inactive(anon):     9028 kB
Active(file):       7320 kB
Inactive(file):     7344 kB
Unevictable:          16 kB
Mlocked:              16 kB
SwapTotal:             0 kB
SwapFree:              0 kB
Dirty:                20 kB
Writeback:           592 kB
AnonPages:       2995000 kB
Mapped:            20808 kB
Shmem:             10508 kB
Slab:              69708 kB
SReclaimable:      28272 kB
SUnreclaim:        41436 kB
KernelStack:        7600 kB
PageTables:        31480 kB
NFS_Unstable:          0 kB
Bounce:                0 kB
WritebackTmp:          0 kB
CommitLimit:     1636964 kB
Committed_AS:    5398208 kB
VmallocTotal:   34359738367 kB
VmallocUsed:      344344 kB
VmallocChunk:   34359328960 kB
HardwareCorrupted:     0 kB
AnonHugePages:         0 kB
HugePages_Total:       0
HugePages_Free:        0
HugePages_Rsvd:        0
HugePages_Surp:        0
Hugepagesize:       2048 kB
DirectMap4k:       93888 kB
DirectMap2M:     3248128 kB


CPU:total 2 (2 cores per cpu, 1 threads per core) family 6 model 23 stepping 10, cmov, cx8, fxsr, mmx, sse, sse2, sse3, ssse3, sse4.1, tsc

/proc/cpuinfo:
processor	: 0
vendor_id	: GenuineIntel
cpu family	: 6
model		: 23
model name	: Intel(R) Core(TM)2 Duo CPU     E8400  @ 3.00GHz
stepping	: 10
microcode	: 0xa0b
cpu MHz		: 3003.000
cache size	: 6144 KB
physical id	: 0
siblings	: 2
core id		: 0
cpu cores	: 2
apicid		: 0
initial apicid	: 0
fpu		: yes
fpu_exception	: yes
cpuid level	: 13
wp		: yes
flags		: fpu vme de pse tsc msr pae mce cx8 apic sep mtrr pge mca cmov pat pse36 clflush dts acpi mmx fxsr sse sse2 ss ht tm pbe syscall nx lm constant_tsc arch_perfmon pebs bts rep_good nopl aperfmperf pni dtes64 monitor ds_cpl vmx smx est tm2 ssse3 cx16 xtpr pdcm sse4_1 xsave lahf_lm dtherm tpr_shadow vnmi flexpriority
bugs		:
bogomips	: 5999.70
clflush size	: 64
cache_alignment	: 64
address sizes	: 36 bits physical, 48 bits virtual
power management:

processor	: 1
vendor_id	: GenuineIntel
cpu family	: 6
model		: 23
model name	: Intel(R) Core(TM)2 Duo CPU     E8400  @ 3.00GHz
stepping	: 10
microcode	: 0xa0b
cpu MHz		: 3003.000
cache size	: 6144 KB
physical id	: 0
siblings	: 2
core id		: 1
cpu cores	: 2
apicid		: 1
initial apicid	: 1
fpu		: yes
fpu_exception	: yes
cpuid level	: 13
wp		: yes
flags		: fpu vme de pse tsc msr pae mce cx8 apic sep mtrr pge mca cmov pat pse36 clflush dts acpi mmx fxsr sse sse2 ss ht tm pbe syscall nx lm constant_tsc arch_perfmon pebs bts rep_good nopl aperfmperf pni dtes64 monitor ds_cpl vmx smx est tm2 ssse3 cx16 xtpr pdcm sse4_1 xsave lahf_lm dtherm tpr_shadow vnmi flexpriority
bugs		:
bogomips	: 5999.70
clflush size	: 64
cache_alignment	: 64
address sizes	: 36 bits physical, 48 bits virtual
power management:



Memory: 4k page, physical 3273928k(80832k free), swap 0k(0k free)

vm_info: Java HotSpot(TM) Server VM (25.40-b25) for linux-x86 JRE (1.8.0_40-b26), built on Mar  7 2015 13:49:45 by "java_re" with gcc 4.3.0 20080428 (Red Hat 4.3.0-8)

time: Fri Apr 10 18:29:51 2015
elapsed time: 3 seconds (0d 0h 0m 3s)

