#
# There is insufficient memory for the Java Runtime Environment to continue.
# Native memory allocation (mmap) failed to map 122945536 bytes for committing reserved memory.
# Possible reasons:
#   The system is out of physical RAM or swap space
#   In 32 bit mode, the process size limit was hit
# Possible solutions:
#   Reduce memory load on the system
#   Increase physical memory or swap space
#   Check if swap backing store is full
#   Use 64 bit Java on a 64 bit OS
#   Decrease Java heap size (-Xmx/-Xms)
#   Decrease number of Java threads
#   Decrease Java thread stack sizes (-Xss)
#   Set larger code cache with -XX:ReservedCodeCacheSize=
# This output file may be truncated or incomplete.
#
#  Out of Memory Error (os_linux.cpp:2673), pid=7685, tid=2750262080
#
# JRE version: Java(TM) SE Runtime Environment (8.0_40-b26) (build 1.8.0_40-b26)
# Java VM: Java HotSpot(TM) Server VM (25.40-b25 mixed mode linux-x86 )
# Failed to write core dump. Core dumps have been disabled. To enable core dumping, try "ulimit -c unlimited" before starting Java again
#

---------------  T H R E A D  ---------------

Current thread (0xa6a10400):  VMThread [stack: 0xa3e5a000,0xa3edb000] [id=7692]

Stack: [0xa3e5a000,0xa3edb000],  sp=0xa3ed96b0,  free space=509k
Native frames: (J=compiled Java code, j=interpreted, Vv=VM code, C=native code)
V  [libjvm.so+0x8c1fdf]  VMError::report_and_die()+0x16f
V  [libjvm.so+0x3864a5]  report_vm_out_of_memory(char const*, int, unsigned int, VMErrorType, char const*)+0x55
V  [libjvm.so+0x7468b6]  os::Linux::commit_memory_impl(char*, unsigned int, bool)+0xe6
V  [libjvm.so+0x746cd8]  os::pd_commit_memory(char*, unsigned int, unsigned int, bool)+0x28
V  [libjvm.so+0x7403fc]  os::commit_memory(char*, unsigned int, unsigned int, bool)+0x2c
V  [libjvm.so+0x7aa6a8]  PSVirtualSpace::expand_by(unsigned int)+0x48
V  [libjvm.so+0x7ab7aa]  PSYoungGen::resize_generation(unsigned int, unsigned int)+0xda
V  [libjvm.so+0x7aaad9]  PSYoungGen::resize(unsigned int, unsigned int)+0x19
V  [libjvm.so+0x7a83fd]  PSScavenge::invoke_no_policy()+0xd4d
V  [libjvm.so+0x7a8bc8]  PSScavenge::invoke()+0x28
V  [libjvm.so+0x767e9a]  ParallelScavengeHeap::failed_mem_allocate(unsigned int)+0x5a
V  [libjvm.so+0x8c38aa]  VM_ParallelGCFailedAllocation::doit()+0x7a
V  [libjvm.so+0x8ccac7]  VM_Operation::evaluate()+0x47
V  [libjvm.so+0x8caba3]  VMThread::evaluate_operation(VM_Operation*)+0xb3
V  [libjvm.so+0x8caf40]  VMThread::loop()+0x1b0
V  [libjvm.so+0x8cb3a5]  VMThread::run()+0x85
V  [libjvm.so+0x749159]  java_start(Thread*)+0x119
C  [libpthread.so.0+0x6313]  start_thread+0xd3

VM_Operation (0xf6718a44): ParallelGCFailedAllocation, mode: safepoint, requested by thread 0xf6508800


---------------  P R O C E S S  ---------------

Java Threads: ( => current thread )
  0xa6a38800 JavaThread "Service Thread" daemon [_thread_blocked, id=7698, stack(0xa3a65000,0xa3ab6000)]
  0xa6a35800 JavaThread "C1 CompilerThread1" daemon [_thread_blocked, id=7697, stack(0xa3ab6000,0xa3b37000)]
  0xa6a33800 JavaThread "C2 CompilerThread0" daemon [_thread_blocked, id=7696, stack(0xa3b37000,0xa3bb8000)]
  0xa6a32000 JavaThread "Signal Dispatcher" daemon [_thread_blocked, id=7695, stack(0xa3bb8000,0xa3c09000)]
  0xa6a15000 JavaThread "Finalizer" daemon [_thread_blocked, id=7694, stack(0xa3e09000,0xa3e5a000)]
  0xa6a13800 JavaThread "Reference Handler" daemon [_thread_blocked, id=7693, stack(0xa6c09000,0xa6c5a000)]
  0xf6508800 JavaThread "main" [_thread_blocked, id=7689, stack(0xf66c9000,0xf671a000)]

Other Threads:
=>0xa6a10400 VMThread [stack: 0xa3e5a000,0xa3edb000] [id=7692]
  0xa6a3a400 WatcherThread [stack: 0xa39e4000,0xa3a65000] [id=7699]

VM state:at safepoint (normal execution)

VM Mutex/Monitor currently owned by a thread:  ([mutex/lock_event])
[0xf6506818] Threads_lock - owner thread: 0xa6a10400
[0xf6506c28] Heap_lock - owner thread: 0xf6508800

Heap:
 PSYoungGen      total 215552K, used 10998K [0xd1ac0000, 0xdfac0000, 0xe7000000)
  eden space 203264K, 0% used [0xd1ac0000,0xd1ac0000,0xde140000)
  from space 12288K, 89% used [0xde140000,0xdebfda68,0xded40000)
  to   space 10752K, 0% used [0xded40000,0xded40000,0xdf7c0000)
 ParOldGen       total 34304K, used 24399K [0xa7000000, 0xa9180000, 0xd1ac0000)
  object space 34304K, 71% used [0xa7000000,0xa87d3f10,0xa9180000)
 Metaspace       used 5035K, capacity 5102K, committed 5144K, reserved 5424K

Card table byte_map: [0xa6dff000,0xa7000000] byte_map_base: 0xa68c7000

Marking Bits: (ParMarkBitMap*) 0xf71576e0
 Begin Bits: [0xa4900000, 0xa5900000)
 End Bits:   [0xa5900000, 0xa6900000)

Polling page: 0xf777d000

CodeCache: size=245760Kb used=7116Kb max_used=7116Kb free=238643Kb
 bounds [0xe7500000, 0xe7c00000, 0xf6500000]
 total_blobs=2741 nmethods=2568 adapters=86
 compilation: enabled

Compilation events (10 events):
Event: 4,823 Thread 0xa6a33800 2583       4       com.android.dx.merge.DexMerger$1::write (9 bytes)
Event: 4,829 Thread 0xa6a35800 2588       2       java.util.Arrays::copyOf (46 bytes)
Event: 4,829 Thread 0xa6a35800 nmethod 2588 0xe7bef988 code [0xe7befac0, 0xe7befda4]
Event: 4,829 Thread 0xa6a35800 2589       3       java.util.ComparableTimSort::mergeLo (656 bytes)
Event: 4,831 Thread 0xa6a35800 nmethod 2589 0xe7bf0ac8 code [0xe7bf0dc0, 0xe7bf2bf0]
Event: 4,848 Thread 0xa6a35800 2591       2       com.android.dex.EncodedValueReader::readBoolean (24 bytes)
Event: 4,849 Thread 0xa6a35800 nmethod 2591 0xe7bef6c8 code [0xe7bef7e0, 0xe7bef8ec]
Event: 4,851 Thread 0xa6a35800 2594       2       java.util.TimSort::mergeHi (732 bytes)
Event: 4,853 Thread 0xa6a35800 nmethod 2594 0xe7bf5cc8 code [0xe7bf5f00, 0xe7bf72f0]
Event: 4,853 Thread 0xa6a35800 2595       3       java.util.TimSort::countRunAndMakeAscending (128 bytes)

GC Heap History (10 events):
Event: 3,057 GC heap after
Heap after GC invocations=4 (full 0):
 PSYoungGen      total 53248K, used 2033K [0xd1ac0000, 0xd50c0000, 0xe7000000)
  eden space 51200K, 0% used [0xd1ac0000,0xd1ac0000,0xd4cc0000)
  from space 2048K, 99% used [0xd4ec0000,0xd50bc418,0xd50c0000)
  to   space 2048K, 0% used [0xd4cc0000,0xd4cc0000,0xd4ec0000)
 ParOldGen       total 34304K, used 12515K [0xa7000000, 0xa9180000, 0xd1ac0000)
  object space 34304K, 36% used [0xa7000000,0xa7c38dc0,0xa9180000)
 Metaspace       used 4938K, capacity 4972K, committed 5016K, reserved 5424K
}
Event: 3,359 GC heap before
{Heap before GC invocations=5 (full 0):
 PSYoungGen      total 53248K, used 53233K [0xd1ac0000, 0xd50c0000, 0xe7000000)
  eden space 51200K, 100% used [0xd1ac0000,0xd4cc0000,0xd4cc0000)
  from space 2048K, 99% used [0xd4ec0000,0xd50bc418,0xd50c0000)
  to   space 2048K, 0% used [0xd4cc0000,0xd4cc0000,0xd4ec0000)
 ParOldGen       total 34304K, used 12515K [0xa7000000, 0xa9180000, 0xd1ac0000)
  object space 34304K, 36% used [0xa7000000,0xa7c38dc0,0xa9180000)
 Metaspace       used 4967K, capacity 5036K, committed 5144K, reserved 5424K
Event: 3,387 GC heap after
Heap after GC invocations=5 (full 0):
 PSYoungGen      total 53248K, used 2033K [0xd1ac0000, 0xd94c0000, 0xe7000000)
  eden space 51200K, 0% used [0xd1ac0000,0xd1ac0000,0xd4cc0000)
  from space 2048K, 99% used [0xd4cc0000,0xd4ebc418,0xd4ec0000)
  to   space 11264K, 0% used [0xd89c0000,0xd89c0000,0xd94c0000)
 ParOldGen       total 34304K, used 19582K [0xa7000000, 0xa9180000, 0xd1ac0000)
  object space 34304K, 57% used [0xa7000000,0xa831f928,0xa9180000)
 Metaspace       used 4967K, capacity 5036K, committed 5144K, reserved 5424K
}
Event: 3,583 GC heap before
{Heap before GC invocations=6 (full 0):
 PSYoungGen      total 53248K, used 53233K [0xd1ac0000, 0xd94c0000, 0xe7000000)
  eden space 51200K, 100% used [0xd1ac0000,0xd4cc0000,0xd4cc0000)
  from space 2048K, 99% used [0xd4cc0000,0xd4ebc418,0xd4ec0000)
  to   space 11264K, 0% used [0xd89c0000,0xd89c0000,0xd94c0000)
 ParOldGen       total 34304K, used 19582K [0xa7000000, 0xa9180000, 0xd1ac0000)
  object space 34304K, 57% used [0xa7000000,0xa831f928,0xa9180000)
 Metaspace       used 5022K, capacity 5102K, committed 5144K, reserved 5424K
Event: 3,596 GC heap after
Heap after GC invocations=6 (full 0):
 PSYoungGen      total 112640K, used 6621K [0xd1ac0000, 0xd93c0000, 0xe7000000)
  eden space 102400K, 0% used [0xd1ac0000,0xd1ac0000,0xd7ec0000)
  from space 10240K, 64% used [0xd89c0000,0xd9037698,0xd93c0000)
  to   space 10752K, 0% used [0xd7ec0000,0xd7ec0000,0xd8940000)
 ParOldGen       total 34304K, used 19582K [0xa7000000, 0xa9180000, 0xd1ac0000)
  object space 34304K, 57% used [0xa7000000,0xa831f928,0xa9180000)
 Metaspace       used 5022K, capacity 5102K, committed 5144K, reserved 5424K
}
Event: 3,936 GC heap before
{Heap before GC invocations=7 (full 0):
 PSYoungGen      total 112640K, used 109021K [0xd1ac0000, 0xd93c0000, 0xe7000000)
  eden space 102400K, 100% used [0xd1ac0000,0xd7ec0000,0xd7ec0000)
  from space 10240K, 64% used [0xd89c0000,0xd9037698,0xd93c0000)
  to   space 10752K, 0% used [0xd7ec0000,0xd7ec0000,0xd8940000)
 ParOldGen       total 34304K, used 19582K [0xa7000000, 0xa9180000, 0xd1ac0000)
  object space 34304K, 57% used [0xa7000000,0xa831f928,0xa9180000)
 Metaspace       used 5027K, capacity 5102K, committed 5144K, reserved 5424K
Event: 3,960 GC heap after
Heap after GC invocations=7 (full 0):
 PSYoungGen      total 113152K, used 7310K [0xd1ac0000, 0xdf7c0000, 0xe7000000)
  eden space 102400K, 0% used [0xd1ac0000,0xd1ac0000,0xd7ec0000)
  from space 10752K, 67% used [0xd7ec0000,0xd85e3ba0,0xd8940000)
  to   space 10752K, 0% used [0xded40000,0xded40000,0xdf7c0000)
 ParOldGen       total 34304K, used 21114K [0xa7000000, 0xa9180000, 0xd1ac0000)
  object space 34304K, 61% used [0xa7000000,0xa849e858,0xa9180000)
 Metaspace       used 5027K, capacity 5102K, committed 5144K, reserved 5424K
}
Event: 4,247 GC heap before
{Heap before GC invocations=8 (full 0):
 PSYoungGen      total 113152K, used 109710K [0xd1ac0000, 0xdf7c0000, 0xe7000000)
  eden space 102400K, 100% used [0xd1ac0000,0xd7ec0000,0xd7ec0000)
  from space 10752K, 67% used [0xd7ec0000,0xd85e3ba0,0xd8940000)
  to   space 10752K, 0% used [0xded40000,0xded40000,0xdf7c0000)
 ParOldGen       total 34304K, used 21114K [0xa7000000, 0xa9180000, 0xd1ac0000)
  object space 34304K, 61% used [0xa7000000,0xa849e858,0xa9180000)
 Metaspace       used 5033K, capacity 5102K, committed 5144K, reserved 5424K
Event: 4,260 GC heap after
Heap after GC invocations=8 (full 0):
 PSYoungGen      total 214016K, used 10734K [0xd1ac0000, 0xdfac0000, 0xe7000000)
  eden space 203264K, 0% used [0xd1ac0000,0xd1ac0000,0xde140000)
  from space 10752K, 99% used [0xded40000,0xdf7bbbf8,0xdf7c0000)
  to   space 12288K, 0% used [0xde140000,0xde140000,0xded40000)
 ParOldGen       total 34304K, used 24373K [0xa7000000, 0xa9180000, 0xd1ac0000)
  object space 34304K, 71% used [0xa7000000,0xa87cd700,0xa9180000)
 Metaspace       used 5033K, capacity 5102K, committed 5144K, reserved 5424K
}
Event: 4,853 GC heap before
{Heap before GC invocations=9 (full 0):
 PSYoungGen      total 214016K, used 213998K [0xd1ac0000, 0xdfac0000, 0xe7000000)
  eden space 203264K, 100% used [0xd1ac0000,0xde140000,0xde140000)
  from space 10752K, 99% used [0xded40000,0xdf7bbbf8,0xdf7c0000)
  to   space 12288K, 0% used [0xde140000,0xde140000,0xded40000)
 ParOldGen       total 34304K, used 24373K [0xa7000000, 0xa9180000, 0xd1ac0000)
  object space 34304K, 71% used [0xa7000000,0xa87cd700,0xa9180000)
 Metaspace       used 5035K, capacity 5102K, committed 5144K, reserved 5424K

Deoptimization events (10 events):
Event: 2,950 Thread 0xf6508800 Uncommon trap: reason=unstable_if action=reinterpret pc=0xe795fec4 method=java.util.HashMap.getNode(ILjava/lang/Object;)Ljava/util/HashMap$Node; @ 84
Event: 2,951 Thread 0xf6508800 Uncommon trap: reason=unstable_if action=reinterpret pc=0xe7982b3c method=java.util.HashMap.getNode(ILjava/lang/Object;)Ljava/util/HashMap$Node; @ 84
Event: 4,778 Thread 0xf6508800 Uncommon trap: reason=unstable_if action=reinterpret pc=0xe7b1afdc method=com.android.dex.Mutf8.decode(Lcom/android/dex/util/ByteInput;[C)Ljava/lang/String; @ 37
Event: 4,778 Thread 0xf6508800 Uncommon trap: reason=unstable_if action=reinterpret pc=0xe7b2304c method=com.android.dex.Mutf8.countBytes(Ljava/lang/String;Z)J @ 35
Event: 4,778 Thread 0xf6508800 Uncommon trap: reason=unstable_if action=reinterpret pc=0xe7a55a14 method=com.android.dex.Mutf8.encode([BILjava/lang/String;)V @ 31
Event: 4,778 Thread 0xf6508800 Uncommon trap: reason=unstable_if action=reinterpret pc=0xe7b5b504 method=com.android.dex.Mutf8.decode(Lcom/android/dex/util/ByteInput;[C)Ljava/lang/String; @ 37
Event: 4,778 Thread 0xf6508800 Uncommon trap: reason=unstable_if action=reinterpret pc=0xe7b597dc method=com.android.dex.Mutf8.countBytes(Ljava/lang/String;Z)J @ 35
Event: 4,779 Thread 0xf6508800 Uncommon trap: reason=unstable_if action=reinterpret pc=0xe7a109c4 method=com.android.dex.Mutf8.decode(Lcom/android/dex/util/ByteInput;[C)Ljava/lang/String; @ 37
Event: 4,779 Thread 0xf6508800 Uncommon trap: reason=unstable_if action=reinterpret pc=0xe7b53df0 method=com.android.dex.Mutf8.countBytes(Ljava/lang/String;Z)J @ 35
Event: 4,779 Thread 0xf6508800 Uncommon trap: reason=unstable_if action=reinterpret pc=0xe7a65394 method=com.android.dex.Mutf8.countBytes(Ljava/lang/String;Z)J @ 35

Internal exceptions (6 events):
Event: 0,075 Thread 0xf6508800 Exception <a 'java/lang/NoSuchMethodError': Method sun.misc.Unsafe.defineClass(Ljava/lang/String;[BII)Ljava/lang/Class; name or signature does not match> (0xd1ad0400) thrown at [/HUDSON3/workspace/8-2-build-linux-i586/jdk8u40/3098/hotspot/src/share/vm/pri
Event: 0,075 Thread 0xf6508800 Exception <a 'java/lang/NoSuchMethodError': Method sun.misc.Unsafe.prefetchRead(Ljava/lang/Object;J)V name or signature does not match> (0xd1ad0680) thrown at [/HUDSON3/workspace/8-2-build-linux-i586/jdk8u40/3098/hotspot/src/share/vm/prims/jni.cpp, line 3
Event: 2,851 Thread 0xf6508800 Exception <a 'java/security/PrivilegedActionException'> (0xd1bb7b30) thrown at [/HUDSON3/workspace/8-2-build-linux-i586/jdk8u40/3098/hotspot/src/share/vm/prims/jvm.cpp, line 1382]
Event: 2,851 Thread 0xf6508800 Exception <a 'java/security/PrivilegedActionException'> (0xd1bb7e70) thrown at [/HUDSON3/workspace/8-2-build-linux-i586/jdk8u40/3098/hotspot/src/share/vm/prims/jvm.cpp, line 1382]
Event: 2,851 Thread 0xf6508800 Exception <a 'java/security/PrivilegedActionException'> (0xd1bba0d0) thrown at [/HUDSON3/workspace/8-2-build-linux-i586/jdk8u40/3098/hotspot/src/share/vm/prims/jvm.cpp, line 1382]
Event: 2,851 Thread 0xf6508800 Exception <a 'java/security/PrivilegedActionException'> (0xd1bba410) thrown at [/HUDSON3/workspace/8-2-build-linux-i586/jdk8u40/3098/hotspot/src/share/vm/prims/jvm.cpp, line 1382]

Events (10 events):
Event: 4,825 Thread 0xf6508800 DEOPT UNPACKING pc=0xe753c310 sp=0xf6718a98 mode 0
Event: 4,826 Thread 0xf6508800 DEOPT PACKING pc=0xe7be3c69 sp=0xf6718bf0
Event: 4,826 Thread 0xf6508800 DEOPT UNPACKING pc=0xe753c310 sp=0xf6718a98 mode 0
Event: 4,827 Thread 0xf6508800 DEOPT PACKING pc=0xe7be3c69 sp=0xf6718bf0
Event: 4,827 Thread 0xf6508800 DEOPT UNPACKING pc=0xe753c310 sp=0xf6718a98 mode 0
Event: 4,829 Thread 0xf6508800 DEOPT PACKING pc=0xe7ae923c sp=0xf6718a60
Event: 4,829 Thread 0xf6508800 DEOPT UNPACKING pc=0xe753c310 sp=0xf6718984 mode 0
Event: 4,850 Thread 0xf6508800 DEOPT PACKING pc=0xe7a76bfa sp=0xf6718c20
Event: 4,850 Thread 0xf6508800 DEOPT UNPACKING pc=0xe753c310 sp=0xf6718a9c mode 0
Event: 4,853 Executing VM operation: ParallelGCFailedAllocation


Dynamic libraries:
08048000-08049000 r-xp 00000000 08:11 4460985                            /usr/java/jdk1.8.0_40/bin/java
08049000-0804a000 rw-p 00000000 08:11 4460985                            /usr/java/jdk1.8.0_40/bin/java
09370000-0966e000 rw-p 00000000 00:00 0                                  [heap]
a3300000-a33c0000 rw-p 00000000 00:00 0 
a33c0000-a3400000 ---p 00000000 00:00 0 
a3400000-a34ff000 rw-p 00000000 00:00 0 
a34ff000-a3500000 ---p 00000000 00:00 0 
a3500000-a3566000 rw-p 00000000 00:00 0 
a3566000-a3600000 ---p 00000000 00:00 0 
a3600000-a36fd000 rw-p 00000000 00:00 0 
a36fd000-a3700000 ---p 00000000 00:00 0 
a3700000-a3750000 rw-p 00000000 00:00 0 
a3750000-a3800000 ---p 00000000 00:00 0 
a3800000-a3900000 rw-p 00000000 00:00 0 
a39e4000-a39e5000 ---p 00000000 00:00 0 
a39e5000-a3a65000 rw-p 00000000 00:00 0                                  [stack:7699]
a3a65000-a3a68000 ---p 00000000 00:00 0 
a3a68000-a3ab6000 rw-p 00000000 00:00 0                                  [stack:7698]
a3ab6000-a3ab9000 ---p 00000000 00:00 0 
a3ab9000-a3b37000 rw-p 00000000 00:00 0                                  [stack:7697]
a3b37000-a3b3a000 ---p 00000000 00:00 0 
a3b3a000-a3bb8000 rw-p 00000000 00:00 0                                  [stack:7696]
a3bb8000-a3bbb000 ---p 00000000 00:00 0 
a3bbb000-a3c09000 rw-p 00000000 00:00 0                                  [stack:7695]
a3c09000-a3e09000 r--p 00000000 08:11 4335064                            /usr/lib/locale/locale-archive
a3e09000-a3e0c000 ---p 00000000 00:00 0 
a3e0c000-a3e5a000 rw-p 00000000 00:00 0                                  [stack:7694]
a3e5a000-a3e5b000 ---p 00000000 00:00 0 
a3e5b000-a3edb000 rw-p 00000000 00:00 0                                  [stack:7692]
a3edb000-a40b4000 r--s 03cc2000 08:11 4594709                            /usr/java/jdk1.8.0_40/jre/lib/rt.jar
a40b4000-a44fa000 rw-p 00000000 00:00 0 
a44fa000-a4500000 ---p 00000000 00:00 0 
a4500000-a6900000 rw-p 00000000 00:00 0 
a6900000-a69fe000 rw-p 00000000 00:00 0 
a69fe000-a6a00000 ---p 00000000 00:00 0 
a6a00000-a6afb000 rw-p 00000000 00:00 0 
a6afb000-a6b00000 ---p 00000000 00:00 0 
a6b00000-a6b21000 rw-p 00000000 00:00 0 
a6b21000-a6c00000 ---p 00000000 00:00 0 
a6c09000-a6c0c000 ---p 00000000 00:00 0 
a6c0c000-a6cba000 rw-p 00000000 00:00 0                                  [stack:7693]
a6cba000-a6dff000 ---p 00000000 00:00 0 
a6dff000-a6e10000 rw-p 00000000 00:00 0 
a6e10000-a6f54000 ---p 00000000 00:00 0 
a6f54000-a6fc5000 rw-p 00000000 00:00 0 
a6fc5000-a6fff000 ---p 00000000 00:00 0 
a6fff000-a9180000 rw-p 00000000 00:00 0 
a9180000-d1ac0000 ---p 00000000 00:00 0 
d1ac0000-dfac0000 rw-p 00000000 00:00 0 
e6da7000-e6ff8000 rw-p 00000000 00:00 0 
e6ff8000-e6fff000 r--s 00000000 08:11 4461866                            /usr/lib/gconv/gconv-modules.cache
e6fff000-e7025000 r--p 00000000 08:11 6031528                            /usr/share/locale/de/LC_MESSAGES/libc.mo
e7025000-e702f000 r--s 0021b000 08:11 5117752                            /usr/java/jdk1.8.0_40/jre/lib/ext/localedata.jar
e702f000-e703e000 r--s 000dd000 08:11 2230220                            /home/georg/Android/Sdk/build-tools/21.1.2/lib/dx.jar
e703e000-e703f000 ---p 00000000 00:00 0 
e703f000-e70bf000 rw-p 00000000 00:00 0                                  [stack:7691]
e70bf000-e70c0000 ---p 00000000 00:00 0 
e70c0000-e715c000 rw-p 00000000 00:00 0                                  [stack:7690]
e715c000-e7500000 ---p 00000000 00:00 0 
e7500000-e7c00000 rwxp 00000000 00:00 0 
e7c00000-f6500000 ---p 00000000 00:00 0 
f6500000-f65fa000 rw-p 00000000 00:00 0 
f65fa000-f6600000 ---p 00000000 00:00 0 
f6600000-f6601000 rw-p 00000000 00:00 0 
f6601000-f6606000 r--s 00093000 08:11 4594706                            /usr/java/jdk1.8.0_40/jre/lib/jsse.jar
f6606000-f6679000 rw-p 00000000 00:00 0 
f6679000-f6692000 r-xp 00000000 08:11 5250921                            /usr/java/jdk1.8.0_40/jre/lib/i386/libzip.so
f6692000-f6693000 rw-p 00018000 08:11 5250921                            /usr/java/jdk1.8.0_40/jre/lib/i386/libzip.so
f6693000-f669b000 rw-s 00000000 00:24 1521254                            /tmp/hsperfdata_georg/7685
f669b000-f66bf000 r-xp 00000000 08:11 5250464                            /usr/java/jdk1.8.0_40/jre/lib/i386/libjava.so
f66bf000-f66c0000 rw-p 00023000 08:11 5250464                            /usr/java/jdk1.8.0_40/jre/lib/i386/libjava.so
f66c0000-f66c7000 r-xp 00000000 08:11 4335227                            /usr/lib/librt-2.20.so
f66c7000-f66c8000 r--p 00006000 08:11 4335227                            /usr/lib/librt-2.20.so
f66c8000-f66c9000 rw-p 00007000 08:11 4335227                            /usr/lib/librt-2.20.so
f66c9000-f66cc000 ---p 00000000 00:00 0 
f66cc000-f671a000 rw-p 00000000 00:00 0                                  [stack:7689]
f671a000-f6765000 r-xp 00000000 08:11 4335205                            /usr/lib/libm-2.20.so
f6765000-f6766000 r--p 0004b000 08:11 4335205                            /usr/lib/libm-2.20.so
f6766000-f6767000 rw-p 0004c000 08:11 4335205                            /usr/lib/libm-2.20.so
f6767000-f70da000 r-xp 00000000 08:11 5250925                            /usr/java/jdk1.8.0_40/jre/lib/i386/server/libjvm.so
f70da000-f7146000 rw-p 00973000 08:11 5250925                            /usr/java/jdk1.8.0_40/jre/lib/i386/server/libjvm.so
f7146000-f756c000 rw-p 00000000 00:00 0 
f756c000-f7731000 r-xp 00000000 08:11 4335197                            /usr/lib/libc-2.20.so
f7731000-f7734000 r--p 001c4000 08:11 4335197                            /usr/lib/libc-2.20.so
f7734000-f7736000 rw-p 001c7000 08:11 4335197                            /usr/lib/libc-2.20.so
f7736000-f7739000 rw-p 00000000 00:00 0 
f7739000-f773c000 r-xp 00000000 08:11 4335203                            /usr/lib/libdl-2.20.so
f773c000-f773d000 r--p 00002000 08:11 4335203                            /usr/lib/libdl-2.20.so
f773d000-f773e000 rw-p 00003000 08:11 4335203                            /usr/lib/libdl-2.20.so
f773e000-f7752000 r-xp 00000000 08:11 5899291                            /usr/java/jdk1.8.0_40/lib/i386/jli/libjli.so
f7752000-f7753000 rw-p 00014000 08:11 5899291                            /usr/java/jdk1.8.0_40/lib/i386/jli/libjli.so
f7753000-f776a000 r-xp 00000000 08:11 4335223                            /usr/lib/libpthread-2.20.so
f776a000-f776b000 r--p 00016000 08:11 4335223                            /usr/lib/libpthread-2.20.so
f776b000-f776c000 rw-p 00017000 08:11 4335223                            /usr/lib/libpthread-2.20.so
f776c000-f776e000 rw-p 00000000 00:00 0 
f776e000-f777a000 r-xp 00000000 08:11 4335215                            /usr/lib/libnss_files-2.20.so
f777a000-f777b000 r--p 0000b000 08:11 4335215                            /usr/lib/libnss_files-2.20.so
f777b000-f777c000 rw-p 0000c000 08:11 4335215                            /usr/lib/libnss_files-2.20.so
f777c000-f777d000 rw-p 00000000 00:00 0 
f777d000-f777e000 ---p 00000000 00:00 0 
f777e000-f7789000 r-xp 00000000 08:11 5250920                            /usr/java/jdk1.8.0_40/jre/lib/i386/libverify.so
f7789000-f778a000 rw-p 0000b000 08:11 5250920                            /usr/java/jdk1.8.0_40/jre/lib/i386/libverify.so
f778a000-f778b000 rw-p 00000000 00:00 0 
f778b000-f778d000 r--p 00000000 00:00 0                                  [vvar]
f778d000-f778e000 r-xp 00000000 00:00 0                                  [vdso]
f778e000-f77b0000 r-xp 00000000 08:11 4335190                            /usr/lib/ld-2.20.so
f77b0000-f77b1000 r--p 00021000 08:11 4335190                            /usr/lib/ld-2.20.so
f77b1000-f77b2000 rw-p 00022000 08:11 4335190                            /usr/lib/ld-2.20.so
ff865000-ff866000 rwxp 00000000 00:00 0 
ff897000-ff8b9000 rw-p 00000000 00:00 0                                  [stack]

VM Arguments:
jvm_args: -Xmx1024M -Dfile.encoding=UTF-8 -Duser.country=DE -Duser.language=de -Duser.variant 
java_command: com.android.dx.command.Main --dex --output /run/media/georg/7C94DBD194DB8BD0/Android/HfTL-App/app/build/intermediates/dex/debug /run/media/georg/7C94DBD194DB8BD0/Android/HfTL-App/app/build/intermediates/classes/debug /run/media/georg/7C94DBD194DB8BD0/Android/HfTL-App/app/build/intermediates/pre-dexed/debug/support-annotations-22.0.0-69010316c801077c4fefe3a8c8f5e9cd871c5389.jar /run/media/georg/7C94DBD194DB8BD0/Android/HfTL-App/app/build/intermediates/pre-dexed/debug/classes-5c2e67d68fe1096c7405d20e71017d1a145f891c.jar /run/media/georg/7C94DBD194DB8BD0/Android/HfTL-App/app/build/intermediates/pre-dexed/debug/classes-d9717e1d7829f1d249527e85dbd0c6617cc23f1c.jar /run/media/georg/7C94DBD194DB8BD0/Android/HfTL-App/app/build/intermediates/pre-dexed/debug/classes-1af7863abfafc56a4ee6fc983b022a3ce05f7a46.jar /run/media/georg/7C94DBD194DB8BD0/Android/HfTL-App/app/build/intermediates/pre-dexed/debug/classes-c5b798c42be155bc8d92c21202f3cd00bca63c12.jar /run/media/georg/7C94DBD194DB8BD0/Android/HfTL-App/app/build/intermediates/pre-dexed/debug/classes-c62614e63b89b91cde836054eb2958d7ec092683.jar /run/media/georg/7C94DBD194DB8BD0/Android/HfTL-App/app/build/intermediates/pre-dexed/debug/classes-8fa37b1bf241ee15319c82c05daa7a66cc01d2f6.jar /run/media/georg/7C94DBD194DB8BD0/Android/HfTL-App/app/build/intermediates/pre-dexed/debug/classes-7c82cfdbe4879f21e3bc905af9b95b75e7befd03.jar /run/media/georg/7C94DBD194DB8BD0/Android/HfTL-App/app/build/intermediates/pre-dexed/debug/classes-b619f3ac11d39a8237363349769e6cce9d68a0b2.jar /run/media/georg/7C94DBD194DB8BD0/Android/HfTL-App/app/build/intermediates/pre-dexed/debug/classes-d219c108cb02bd952842f9a8ea5b1b67c226c325.jar /run/media/georg/7C94DBD194DB8BD0/Android/HfTL-App/app/build/intermediates/pre-dexed/debug/classes-38830d4b6f92cc064bd9ddb3a8a854fcabb0a395.jar /run/media/georg/7C94DBD194DB8BD0/Android/HfTL-App/app/build/intermediates/pre-dexed/debug/classes-5992e4e352787cb1150f8e597c54b64da191b483.jar /run/media/georg/7C9
java_class_path (initial): /home/georg/Android/Sdk/build-tools/21.1.2/lib/dx.jar
Launcher Type: SUN_STANDARD

Environment Variables:
JAVA_HOME=/usr/java/jdk1.8.0_40
CLASSPATH=./android-studio/bin/../lib/bootstrap.jar:./android-studio/bin/../lib/extensions.jar:./android-studio/bin/../lib/util.jar:./android-studio/bin/../lib/jdom.jar:./android-studio/bin/../lib/log4j.jar:./android-studio/bin/../lib/trove4j.jar:./android-studio/bin/../lib/jna.jar:/usr/java/jdk1.8.0_40/lib/tools.jar
PATH=/usr/local/bin:/usr/local/sbin:/usr/bin:/usr/sbin:/bin:/sbin:/home/georg/.local/bin:/home/georg/bin
USERNAME=georg
LD_LIBRARY_PATH=./android-studio/bin:
SHELL=/bin/bash
DISPLAY=:0

Signal Handlers:
SIGSEGV: [libjvm.so+0x8c2ab0], sa_mask[0]=11111111011111111101111111111110, sa_flags=SA_RESTART|SA_SIGINFO
SIGBUS: [libjvm.so+0x8c2ab0], sa_mask[0]=11111111011111111101111111111110, sa_flags=SA_RESTART|SA_SIGINFO
SIGFPE: [libjvm.so+0x7433e0], sa_mask[0]=11111111011111111101111111111110, sa_flags=SA_RESTART|SA_SIGINFO
SIGPIPE: [libjvm.so+0x7433e0], sa_mask[0]=11111111011111111101111111111110, sa_flags=SA_RESTART|SA_SIGINFO
SIGXFSZ: [libjvm.so+0x7433e0], sa_mask[0]=11111111011111111101111111111110, sa_flags=SA_RESTART|SA_SIGINFO
SIGILL: [libjvm.so+0x7433e0], sa_mask[0]=11111111011111111101111111111110, sa_flags=SA_RESTART|SA_SIGINFO
SIGUSR1: SIG_DFL, sa_mask[0]=00000000000000000000000000000000, sa_flags=none
SIGUSR2: [libjvm.so+0x744970], sa_mask[0]=00100000000000000000000000000000, sa_flags=SA_RESTART|SA_SIGINFO
SIGHUP: [libjvm.so+0x745e20], sa_mask[0]=11111111011111111101111111111110, sa_flags=SA_RESTART|SA_SIGINFO
SIGINT: [libjvm.so+0x745e20], sa_mask[0]=11111111011111111101111111111110, sa_flags=SA_RESTART|SA_SIGINFO
SIGTERM: [libjvm.so+0x745e20], sa_mask[0]=11111111011111111101111111111110, sa_flags=SA_RESTART|SA_SIGINFO
SIGQUIT: [libjvm.so+0x745e20], sa_mask[0]=11111111011111111101111111111110, sa_flags=SA_RESTART|SA_SIGINFO


---------------  S Y S T E M  ---------------

OS:Fedora release 21 (Twenty One)

uname:Linux 3.17.4-301.fc21.x86_64 #1 SMP Thu Nov 27 19:09:10 UTC 2014 x86_64
libc:glibc 2.20 NPTL 2.20 
rlimit: STACK 8192k, CORE 0k, NPROC 4096, NOFILE 4096, AS infinity
load average:1,09 0,90 0,66

/proc/meminfo:
MemTotal:        3273928 kB
MemFree:           69252 kB
MemAvailable:      40188 kB
Buffers:             480 kB
Cached:            32240 kB
SwapCached:            0 kB
Active:          3008268 kB
Inactive:          21532 kB
Active(anon):    2998500 kB
Inactive(anon):     5128 kB
Active(file):       9768 kB
Inactive(file):    16404 kB
Unevictable:          48 kB
Mlocked:              48 kB
SwapTotal:             0 kB
SwapFree:              0 kB
Dirty:               132 kB
Writeback:             0 kB
AnonPages:       2997180 kB
Mapped:            23344 kB
Shmem:              6464 kB
Slab:              70196 kB
SReclaimable:      28316 kB
SUnreclaim:        41880 kB
KernelStack:        7888 kB
PageTables:        32800 kB
NFS_Unstable:          0 kB
Bounce:                0 kB
WritebackTmp:          0 kB
CommitLimit:     1636964 kB
Committed_AS:    5582092 kB
VmallocTotal:   34359738367 kB
VmallocUsed:      344312 kB
VmallocChunk:   34359375996 kB
HardwareCorrupted:     0 kB
AnonHugePages:         0 kB
HugePages_Total:       0
HugePages_Free:        0
HugePages_Rsvd:        0
HugePages_Surp:        0
Hugepagesize:       2048 kB
DirectMap4k:       81600 kB
DirectMap2M:     3260416 kB


CPU:total 2 (2 cores per cpu, 1 threads per core) family 6 model 23 stepping 10, cmov, cx8, fxsr, mmx, sse, sse2, sse3, ssse3, sse4.1, tsc

/proc/cpuinfo:
processor	: 0
vendor_id	: GenuineIntel
cpu family	: 6
model		: 23
model name	: Intel(R) Core(TM)2 Duo CPU     E8400  @ 3.00GHz
stepping	: 10
microcode	: 0xa0b
cpu MHz		: 3003.000
cache size	: 6144 KB
physical id	: 0
siblings	: 2
core id		: 0
cpu cores	: 2
apicid		: 0
initial apicid	: 0
fpu		: yes
fpu_exception	: yes
cpuid level	: 13
wp		: yes
flags		: fpu vme de pse tsc msr pae mce cx8 apic sep mtrr pge mca cmov pat pse36 clflush dts acpi mmx fxsr sse sse2 ss ht tm pbe syscall nx lm constant_tsc arch_perfmon pebs bts rep_good nopl aperfmperf pni dtes64 monitor ds_cpl vmx smx est tm2 ssse3 cx16 xtpr pdcm sse4_1 xsave lahf_lm dtherm tpr_shadow vnmi flexpriority
bugs		:
bogomips	: 5999.41
clflush size	: 64
cache_alignment	: 64
address sizes	: 36 bits physical, 48 bits virtual
power management:

processor	: 1
vendor_id	: GenuineIntel
cpu family	: 6
model		: 23
model name	: Intel(R) Core(TM)2 Duo CPU     E8400  @ 3.00GHz
stepping	: 10
microcode	: 0xa0b
cpu MHz		: 3003.000
cache size	: 6144 KB
physical id	: 0
siblings	: 2
core id		: 1
cpu cores	: 2
apicid		: 1
initial apicid	: 1
fpu		: yes
fpu_exception	: yes
cpuid level	: 13
wp		: yes
flags		: fpu vme de pse tsc msr pae mce cx8 apic sep mtrr pge mca cmov pat pse36 clflush dts acpi mmx fxsr sse sse2 ss ht tm pbe syscall nx lm constant_tsc arch_perfmon pebs bts rep_good nopl aperfmperf pni dtes64 monitor ds_cpl vmx smx est tm2 ssse3 cx16 xtpr pdcm sse4_1 xsave lahf_lm dtherm tpr_shadow vnmi flexpriority
bugs		:
bogomips	: 5999.41
clflush size	: 64
cache_alignment	: 64
address sizes	: 36 bits physical, 48 bits virtual
power management:



Memory: 4k page, physical 3273928k(76188k free), swap 0k(0k free)

vm_info: Java HotSpot(TM) Server VM (25.40-b25) for linux-x86 JRE (1.8.0_40-b26), built on Mar  7 2015 13:49:45 by "java_re" with gcc 4.3.0 20080428 (Red Hat 4.3.0-8)

time: Thu Apr  2 16:32:59 2015
elapsed time: 5 seconds (0d 0h 0m 5s)

