#
# There is insufficient memory for the Java Runtime Environment to continue.
# Native memory allocation (mmap) failed to map 91226112 bytes for committing reserved memory.
# Possible reasons:
#   The system is out of physical RAM or swap space
#   In 32 bit mode, the process size limit was hit
# Possible solutions:
#   Reduce memory load on the system
#   Increase physical memory or swap space
#   Check if swap backing store is full
#   Use 64 bit Java on a 64 bit OS
#   Decrease Java heap size (-Xmx/-Xms)
#   Decrease number of Java threads
#   Decrease Java thread stack sizes (-Xss)
#   Set larger code cache with -XX:ReservedCodeCacheSize=
# This output file may be truncated or incomplete.
#
#  Out of Memory Error (os_linux.cpp:2673), pid=7544, tid=2796227392
#
# JRE version: Java(TM) SE Runtime Environment (8.0_40-b26) (build 1.8.0_40-b26)
# Java VM: Java HotSpot(TM) Server VM (25.40-b25 mixed mode linux-x86 )
# Failed to write core dump. Core dumps have been disabled. To enable core dumping, try "ulimit -c unlimited" before starting Java again
#

---------------  T H R E A D  ---------------

Current thread (0xa3d10400):  VMThread [stack: 0xa6a30000,0xa6ab1000] [id=7551]

Stack: [0xa6a30000,0xa6ab1000],  sp=0xa6aaf930,  free space=510k
Native frames: (J=compiled Java code, j=interpreted, Vv=VM code, C=native code)
V  [libjvm.so+0x8c1fdf]  VMError::report_and_die()+0x16f
V  [libjvm.so+0x3864a5]  report_vm_out_of_memory(char const*, int, unsigned int, VMErrorType, char const*)+0x55
V  [libjvm.so+0x7468b6]  os::Linux::commit_memory_impl(char*, unsigned int, bool)+0xe6
V  [libjvm.so+0x746cd8]  os::pd_commit_memory(char*, unsigned int, unsigned int, bool)+0x28
V  [libjvm.so+0x7403fc]  os::commit_memory(char*, unsigned int, unsigned int, bool)+0x2c
V  [libjvm.so+0x7aa6a8]  PSVirtualSpace::expand_by(unsigned int)+0x48
V  [libjvm.so+0x7ab7aa]  PSYoungGen::resize_generation(unsigned int, unsigned int)+0xda
V  [libjvm.so+0x7aaad9]  PSYoungGen::resize(unsigned int, unsigned int)+0x19
V  [libjvm.so+0x7a83fd]  PSScavenge::invoke_no_policy()+0xd4d
V  [libjvm.so+0x7a8bc8]  PSScavenge::invoke()+0x28
V  [libjvm.so+0x767e9a]  ParallelScavengeHeap::failed_mem_allocate(unsigned int)+0x5a
V  [libjvm.so+0x8c38aa]  VM_ParallelGCFailedAllocation::doit()+0x7a
V  [libjvm.so+0x8ccac7]  VM_Operation::evaluate()+0x47
V  [libjvm.so+0x8caba3]  VMThread::evaluate_operation(VM_Operation*)+0xb3
V  [libjvm.so+0x8caf40]  VMThread::loop()+0x1b0
V  [libjvm.so+0x8cb3a5]  VMThread::run()+0x85
V  [libjvm.so+0x749159]  java_start(Thread*)+0x119
C  [libpthread.so.0+0x6313]  start_thread+0xd3

VM_Operation (0xf6691a74): ParallelGCFailedAllocation, mode: safepoint, requested by thread 0xf6508800


---------------  P R O C E S S  ---------------

Java Threads: ( => current thread )
  0xa3d37800 JavaThread "Service Thread" daemon [_thread_blocked, id=7557, stack(0xa395c000,0xa39ad000)]
  0xa3d34800 JavaThread "C1 CompilerThread1" daemon [_thread_blocked, id=7556, stack(0xa39ad000,0xa3a2e000)]
  0xa3d32800 JavaThread "C2 CompilerThread0" daemon [_thread_blocked, id=7555, stack(0xa3a2e000,0xa3aaf000)]
  0xa3d31000 JavaThread "Signal Dispatcher" daemon [_thread_blocked, id=7554, stack(0xa3aaf000,0xa3b00000)]
  0xa3d15000 JavaThread "Finalizer" daemon [_thread_blocked, id=7553, stack(0xa3e39000,0xa3e8a000)]
  0xa3d13800 JavaThread "Reference Handler" daemon [_thread_blocked, id=7552, stack(0xa3e8a000,0xa3edb000)]
  0xf6508800 JavaThread "main" [_thread_blocked, id=7548, stack(0xf6642000,0xf6693000)]

Other Threads:
=>0xa3d10400 VMThread [stack: 0xa6a30000,0xa6ab1000] [id=7551]
  0xa3d39000 WatcherThread [stack: 0xa38db000,0xa395c000] [id=7558]

VM state:at safepoint (normal execution)

VM Mutex/Monitor currently owned by a thread:  ([mutex/lock_event])
[0xf6506818] Threads_lock - owner thread: 0xa3d10400
[0xf6506c28] Heap_lock - owner thread: 0xf6508800

Heap:
 PSYoungGen      total 214784K, used 10742K [0xd1ac0000, 0xdf7c0000, 0xe7000000)
  eden space 204032K, 0% used [0xd1ac0000,0xd1ac0000,0xde200000)
  from space 10752K, 99% used [0xde200000,0xdec7da68,0xdec80000)
  to   space 9984K, 0% used [0xdec80000,0xdec80000,0xdf640000)
 ParOldGen       total 49920K, used 29248K [0xa7000000, 0xaa0c0000, 0xd1ac0000)
  object space 49920K, 58% used [0xa7000000,0xa8c90178,0xaa0c0000)
 Metaspace       used 5077K, capacity 5134K, committed 5272K, reserved 5424K

Card table byte_map: [0xa6dff000,0xa7000000] byte_map_base: 0xa68c7000

Marking Bits: (ParMarkBitMap*) 0xf70d06e0
 Begin Bits: [0xa4900000, 0xa5900000)
 End Bits:   [0xa5900000, 0xa6900000)

Polling page: 0xf76f6000

CodeCache: size=245760Kb used=7190Kb max_used=7202Kb free=238569Kb
 bounds [0xe74e6000, 0xe7bf6000, 0xf64e6000]
 total_blobs=2781 nmethods=2610 adapters=86
 compilation: enabled

Compilation events (10 events):
Event: 6,508 Thread 0xa3d32800 nmethod 2627 0xe7bf0948 code [0xe7bf0b20, 0xe7bf1a84]
Event: 6,513 Thread 0xa3d32800 2623 %     4       com.android.dex.Mutf8::countBytes @ 11 (98 bytes)
Event: 6,529 Thread 0xa3d34800 2633       2       com.android.dex.EncodedValueReader::readBoolean (24 bytes)
Event: 6,530 Thread 0xa3d34800 nmethod 2633 0xe7bea088 code [0xe7bea1a0, 0xe7bea2ac]
Event: 6,534 Thread 0xa3d32800 nmethod 2623% 0xe7be98c8 code [0xe7be99e0, 0xe7be9e70]
Event: 6,534 Thread 0xa3d32800 2628       4       com.android.dex.Mutf8::encode (153 bytes)
Event: 6,557 Thread 0xa3d34800 2637       2       java.util.TimSort::mergeHi (732 bytes)
Event: 6,571 Thread 0xa3d34800 nmethod 2637 0xe7bee508 code [0xe7bee740, 0xe7befb30]
Event: 6,626 Thread 0xa3d32800 nmethod 2628 0xe7bf2a88 code [0xe7bf2ba0, 0xe7bf3030]
Event: 6,626 Thread 0xa3d32800 2626       4       com.android.dex.Mutf8::decode (228 bytes)

GC Heap History (10 events):
Event: 4,141 GC heap after
Heap after GC invocations=5 (full 0):
 PSYoungGen      total 53248K, used 2047K [0xd1ac0000, 0xd91c0000, 0xe7000000)
  eden space 51200K, 0% used [0xd1ac0000,0xd1ac0000,0xd4cc0000)
  from space 2048K, 99% used [0xd4cc0000,0xd4ebfe10,0xd4ec0000)
  to   space 9728K, 0% used [0xd8840000,0xd8840000,0xd91c0000)
 ParOldGen       total 34304K, used 17312K [0xa7000000, 0xa9180000, 0xd1ac0000)
  object space 34304K, 50% used [0xa7000000,0xa80e8218,0xa9180000)
 Metaspace       used 4993K, capacity 5036K, committed 5144K, reserved 5424K
}
Event: 4,324 GC heap before
{Heap before GC invocations=6 (full 0):
 PSYoungGen      total 53248K, used 53247K [0xd1ac0000, 0xd91c0000, 0xe7000000)
  eden space 51200K, 100% used [0xd1ac0000,0xd4cc0000,0xd4cc0000)
  from space 2048K, 99% used [0xd4cc0000,0xd4ebfe10,0xd4ec0000)
  to   space 9728K, 0% used [0xd8840000,0xd8840000,0xd91c0000)
 ParOldGen       total 34304K, used 17312K [0xa7000000, 0xa9180000, 0xd1ac0000)
  object space 34304K, 50% used [0xa7000000,0xa80e8218,0xa9180000)
 Metaspace       used 5051K, capacity 5102K, committed 5144K, reserved 5424K
Event: 4,347 GC heap after
Heap after GC invocations=6 (full 0):
 PSYoungGen      total 112128K, used 6660K [0xd1ac0000, 0xd91c0000, 0xe7000000)
  eden space 102400K, 0% used [0xd1ac0000,0xd1ac0000,0xd7ec0000)
  from space 9728K, 68% used [0xd8840000,0xd8ec1080,0xd91c0000)
  to   space 9728K, 0% used [0xd7ec0000,0xd7ec0000,0xd8840000)
 ParOldGen       total 34304K, used 17312K [0xa7000000, 0xa9180000, 0xd1ac0000)
  object space 34304K, 50% used [0xa7000000,0xa80e8218,0xa9180000)
 Metaspace       used 5051K, capacity 5102K, committed 5144K, reserved 5424K
}
Event: 4,801 GC heap before
{Heap before GC invocations=7 (full 0):
 PSYoungGen      total 112128K, used 109060K [0xd1ac0000, 0xd91c0000, 0xe7000000)
  eden space 102400K, 100% used [0xd1ac0000,0xd7ec0000,0xd7ec0000)
  from space 9728K, 68% used [0xd8840000,0xd8ec1080,0xd91c0000)
  to   space 9728K, 0% used [0xd7ec0000,0xd7ec0000,0xd8840000)
 ParOldGen       total 34304K, used 17312K [0xa7000000, 0xa9180000, 0xd1ac0000)
  object space 34304K, 50% used [0xa7000000,0xa80e8218,0xa9180000)
 Metaspace       used 5070K, capacity 5134K, committed 5272K, reserved 5424K
Event: 4,814 GC heap after
Heap after GC invocations=7 (full 0):
 PSYoungGen      total 112128K, used 7334K [0xd1ac0000, 0xdf640000, 0xe7000000)
  eden space 102400K, 0% used [0xd1ac0000,0xd1ac0000,0xd7ec0000)
  from space 9728K, 75% used [0xd7ec0000,0xd85e9b00,0xd8840000)
  to   space 9984K, 0% used [0xdec80000,0xdec80000,0xdf640000)
 ParOldGen       total 34304K, used 18856K [0xa7000000, 0xa9180000, 0xd1ac0000)
  object space 34304K, 54% used [0xa7000000,0xa826a230,0xa9180000)
 Metaspace       used 5070K, capacity 5134K, committed 5272K, reserved 5424K
}
Event: 5,094 GC heap before
{Heap before GC invocations=8 (full 0):
 PSYoungGen      total 112128K, used 109734K [0xd1ac0000, 0xdf640000, 0xe7000000)
  eden space 102400K, 100% used [0xd1ac0000,0xd7ec0000,0xd7ec0000)
  from space 9728K, 75% used [0xd7ec0000,0xd85e9b00,0xd8840000)
  to   space 9984K, 0% used [0xdec80000,0xdec80000,0xdf640000)
 ParOldGen       total 34304K, used 18856K [0xa7000000, 0xa9180000, 0xd1ac0000)
  object space 34304K, 54% used [0xa7000000,0xa826a230,0xa9180000)
 Metaspace       used 5072K, capacity 5134K, committed 5272K, reserved 5424K
Event: 5,128 GC heap after
Heap after GC invocations=8 (full 0):
 PSYoungGen      total 214016K, used 8833K [0xd1ac0000, 0xdf7c0000, 0xe7000000)
  eden space 204032K, 0% used [0xd1ac0000,0xd1ac0000,0xde200000)
  from space 9984K, 88% used [0xdec80000,0xdf5204b8,0xdf640000)
  to   space 10752K, 0% used [0xde200000,0xde200000,0xdec80000)
 ParOldGen       total 34304K, used 28734K [0xa7000000, 0xa9180000, 0xd1ac0000)
  object space 34304K, 83% used [0xa7000000,0xa8c0f9b0,0xa9180000)
 Metaspace       used 5072K, capacity 5134K, committed 5272K, reserved 5424K
}
Event: 5,128 GC heap before
{Heap before GC invocations=9 (full 1):
 PSYoungGen      total 214016K, used 8833K [0xd1ac0000, 0xdf7c0000, 0xe7000000)
  eden space 204032K, 0% used [0xd1ac0000,0xd1ac0000,0xde200000)
  from space 9984K, 88% used [0xdec80000,0xdf5204b8,0xdf640000)
  to   space 10752K, 0% used [0xde200000,0xde200000,0xdec80000)
 ParOldGen       total 34304K, used 28734K [0xa7000000, 0xa9180000, 0xd1ac0000)
  object space 34304K, 83% used [0xa7000000,0xa8c0f9b0,0xa9180000)
 Metaspace       used 5072K, capacity 5134K, committed 5272K, reserved 5424K
Event: 5,258 GC heap after
Heap after GC invocations=9 (full 1):
 PSYoungGen      total 214016K, used 0K [0xd1ac0000, 0xdf7c0000, 0xe7000000)
  eden space 204032K, 0% used [0xd1ac0000,0xd1ac0000,0xde200000)
  from space 9984K, 0% used [0xdec80000,0xdec80000,0xdf640000)
  to   space 10752K, 0% used [0xde200000,0xde200000,0xdec80000)
 ParOldGen       total 49920K, used 23813K [0xa7000000, 0xaa0c0000, 0xd1ac0000)
  object space 49920K, 47% used [0xa7000000,0xa87417b8,0xaa0c0000)
 Metaspace       used 5072K, capacity 5134K, committed 5272K, reserved 5424K
}
Event: 6,630 GC heap before
{Heap before GC invocations=10 (full 1):
 PSYoungGen      total 214016K, used 204032K [0xd1ac0000, 0xdf7c0000, 0xe7000000)
  eden space 204032K, 100% used [0xd1ac0000,0xde200000,0xde200000)
  from space 9984K, 0% used [0xdec80000,0xdec80000,0xdf640000)
  to   space 10752K, 0% used [0xde200000,0xde200000,0xdec80000)
 ParOldGen       total 49920K, used 23813K [0xa7000000, 0xaa0c0000, 0xd1ac0000)
  object space 49920K, 47% used [0xa7000000,0xa87417b8,0xaa0c0000)
 Metaspace       used 5077K, capacity 5134K, committed 5272K, reserved 5424K

Deoptimization events (10 events):
Event: 3,624 Thread 0xf6508800 Uncommon trap: reason=class_check action=maybe_recompile pc=0xe78b4e68 method=java.util.ArrayList.<init>(Ljava/util/Collection;)V @ 6
Event: 3,639 Thread 0xf6508800 Uncommon trap: reason=predicate action=maybe_recompile pc=0xe7a2b7e0 method=com.android.dex.Leb128.writeUnsignedLeb128(Lcom/android/dex/util/ByteOutput;I)V @ 9
Event: 3,639 Thread 0xf6508800 Uncommon trap: reason=predicate action=maybe_recompile pc=0xe7a2e8c8 method=com.android.dex.Leb128.readUnsignedLeb128(Lcom/android/dex/util/ByteInput;)I @ 41
Event: 3,641 Thread 0xf6508800 Uncommon trap: reason=unstable_if action=reinterpret pc=0xe7a03a44 method=java.util.HashMap.putVal(ILjava/lang/Object;Ljava/lang/Object;ZZ)Ljava/lang/Object; @ 162
Event: 3,746 Thread 0xf6508800 Uncommon trap: reason=unstable_if action=reinterpret pc=0xe79594c4 method=java.util.HashMap.getNode(ILjava/lang/Object;)Ljava/util/HashMap$Node; @ 84
Event: 6,342 Thread 0xf6508800 Uncommon trap: reason=unstable_if action=reinterpret pc=0xe7b3e61c method=com.android.dex.Mutf8.decode(Lcom/android/dex/util/ByteInput;[C)Ljava/lang/String; @ 37
Event: 6,342 Thread 0xf6508800 Uncommon trap: reason=unstable_if action=reinterpret pc=0xe7a78c54 method=com.android.dex.Mutf8.countBytes(Ljava/lang/String;Z)J @ 35
Event: 6,342 Thread 0xf6508800 Uncommon trap: reason=unstable_if action=reinterpret pc=0xe7a7e614 method=com.android.dex.Mutf8.encode([BILjava/lang/String;)V @ 31
Event: 6,342 Thread 0xf6508800 Uncommon trap: reason=unstable_if action=reinterpret pc=0xe7b8163c method=com.android.dex.Mutf8.decode(Lcom/android/dex/util/ByteInput;[C)Ljava/lang/String; @ 37
Event: 6,343 Thread 0xf6508800 Uncommon trap: reason=unstable_if action=reinterpret pc=0xe7a5b5c4 method=com.android.dex.Mutf8.decode(Lcom/android/dex/util/ByteInput;[C)Ljava/lang/String; @ 37

Internal exceptions (6 events):
Event: 0,095 Thread 0xf6508800 Exception <a 'java/lang/NoSuchMethodError': Method sun.misc.Unsafe.defineClass(Ljava/lang/String;[BII)Ljava/lang/Class; name or signature does not match> (0xd1ad0400) thrown at [/HUDSON3/workspace/8-2-build-linux-i586/jdk8u40/3098/hotspot/src/share/vm/pri
Event: 0,095 Thread 0xf6508800 Exception <a 'java/lang/NoSuchMethodError': Method sun.misc.Unsafe.prefetchRead(Ljava/lang/Object;J)V name or signature does not match> (0xd1ad0680) thrown at [/HUDSON3/workspace/8-2-build-linux-i586/jdk8u40/3098/hotspot/src/share/vm/prims/jni.cpp, line 3
Event: 3,613 Thread 0xf6508800 Exception <a 'java/security/PrivilegedActionException'> (0xd1bb7bf8) thrown at [/HUDSON3/workspace/8-2-build-linux-i586/jdk8u40/3098/hotspot/src/share/vm/prims/jvm.cpp, line 1382]
Event: 3,613 Thread 0xf6508800 Exception <a 'java/security/PrivilegedActionException'> (0xd1bb7f38) thrown at [/HUDSON3/workspace/8-2-build-linux-i586/jdk8u40/3098/hotspot/src/share/vm/prims/jvm.cpp, line 1382]
Event: 3,613 Thread 0xf6508800 Exception <a 'java/security/PrivilegedActionException'> (0xd1bba198) thrown at [/HUDSON3/workspace/8-2-build-linux-i586/jdk8u40/3098/hotspot/src/share/vm/prims/jvm.cpp, line 1382]
Event: 3,613 Thread 0xf6508800 Exception <a 'java/security/PrivilegedActionException'> (0xd1bba4d8) thrown at [/HUDSON3/workspace/8-2-build-linux-i586/jdk8u40/3098/hotspot/src/share/vm/prims/jvm.cpp, line 1382]

Events (10 events):
Event: 6,446 Thread 0xf6508800 DEOPT UNPACKING pc=0xe7522310 sp=0xf6691b08 mode 0
Event: 6,446 Thread 0xf6508800 DEOPT PACKING pc=0xe7be673d sp=0xf6691c00
Event: 6,446 Thread 0xf6508800 DEOPT UNPACKING pc=0xe7522310 sp=0xf6691aa8 mode 0
Event: 6,447 Thread 0xf6508800 DEOPT PACKING pc=0xe7bde9a9 sp=0xf6691c60
Event: 6,447 Thread 0xf6508800 DEOPT UNPACKING pc=0xe7522310 sp=0xf6691b08 mode 0
Event: 6,447 Thread 0xf6508800 DEOPT PACKING pc=0xe7be673d sp=0xf6691c00
Event: 6,447 Thread 0xf6508800 DEOPT UNPACKING pc=0xe7522310 sp=0xf6691aa8 mode 0
Event: 6,538 Thread 0xf6508800 DEOPT PACKING pc=0xe7b2a47c sp=0xf6691cc0
Event: 6,538 Thread 0xf6508800 DEOPT UNPACKING pc=0xe7522310 sp=0xf6691b88 mode 0
Event: 6,630 Executing VM operation: ParallelGCFailedAllocation


Dynamic libraries:
08048000-08049000 r-xp 00000000 08:11 4460985                            /usr/java/jdk1.8.0_40/bin/java
08049000-0804a000 rw-p 00000000 08:11 4460985                            /usr/java/jdk1.8.0_40/bin/java
0898c000-08dd0000 rw-p 00000000 00:00 0                                  [heap]
a3200000-a3222000 rw-p 00000000 00:00 0 
a3222000-a3300000 ---p 00000000 00:00 0 
a3400000-a34e0000 rw-p 00000000 00:00 0 
a34e0000-a3500000 ---p 00000000 00:00 0 
a3500000-a35fc000 rw-p 00000000 00:00 0 
a35fc000-a3600000 ---p 00000000 00:00 0 
a3600000-a36f9000 rw-p 00000000 00:00 0 
a36f9000-a3700000 ---p 00000000 00:00 0 
a3700000-a37ff000 rw-p 00000000 00:00 0 
a37ff000-a3800000 ---p 00000000 00:00 0 
a38db000-a38dc000 ---p 00000000 00:00 0 
a38dc000-a395c000 rw-p 00000000 00:00 0                                  [stack:7558]
a395c000-a395f000 ---p 00000000 00:00 0 
a395f000-a39ad000 rw-p 00000000 00:00 0                                  [stack:7557]
a39ad000-a39b0000 ---p 00000000 00:00 0 
a39b0000-a3a2e000 rw-p 00000000 00:00 0                                  [stack:7556]
a3a2e000-a3a31000 ---p 00000000 00:00 0 
a3a31000-a3aaf000 rw-p 00000000 00:00 0                                  [stack:7555]
a3aaf000-a3ab2000 ---p 00000000 00:00 0 
a3ab2000-a3b00000 rw-p 00000000 00:00 0                                  [stack:7554]
a3b00000-a3d00000 r--p 00000000 08:11 4335064                            /usr/lib/locale/locale-archive
a3d00000-a3e00000 rw-p 00000000 00:00 0 
a3e39000-a3e3c000 ---p 00000000 00:00 0 
a3e3c000-a3e8a000 rw-p 00000000 00:00 0                                  [stack:7553]
a3e8a000-a3e8d000 ---p 00000000 00:00 0 
a3e8d000-a3edb000 rw-p 00000000 00:00 0                                  [stack:7552]
a3edb000-a40b4000 r--s 03cc2000 08:11 4594709                            /usr/java/jdk1.8.0_40/jre/lib/rt.jar
a40b4000-a44fa000 rw-p 00000000 00:00 0 
a44fa000-a4500000 ---p 00000000 00:00 0 
a4500000-a6900000 rw-p 00000000 00:00 0 
a6900000-a6a00000 rw-p 00000000 00:00 0 
a6a30000-a6a31000 ---p 00000000 00:00 0 
a6a31000-a6b00000 rw-p 00000000 00:00 0                                  [stack:7551]
a6b00000-a6b21000 rw-p 00000000 00:00 0 
a6b21000-a6c00000 ---p 00000000 00:00 0 
a6c3f000-a6c4e000 r--s 000dd000 08:11 2230220                            /home/georg/Android/Sdk/build-tools/21.1.2/lib/dx.jar
a6c4e000-a6cc2000 rw-p 00000000 00:00 0 
a6cc2000-a6dff000 ---p 00000000 00:00 0 
a6dff000-a6e18000 rw-p 00000000 00:00 0 
a6e18000-a6f54000 ---p 00000000 00:00 0 
a6f54000-a6fc3000 rw-p 00000000 00:00 0 
a6fc3000-a6fff000 ---p 00000000 00:00 0 
a6fff000-aa0c0000 rw-p 00000000 00:00 0 
aa0c0000-d1ac0000 ---p 00000000 00:00 0 
d1ac0000-df7c0000 rw-p 00000000 00:00 0 
e4c4a000-e4e9a000 rw-p 00000000 00:00 0 
e4e9a000-e4ec0000 r--p 00000000 08:11 6031528                            /usr/share/locale/de/LC_MESSAGES/libc.mo
e4ec0000-e7000000 ---p 00000000 00:00 0 
e7000000-e7002000 rw-p 00000000 00:00 0 
e7002000-e700c000 r--s 0021b000 08:11 5117752                            /usr/java/jdk1.8.0_40/jre/lib/ext/localedata.jar
e700c000-e7024000 rw-p 00000000 00:00 0 
e7024000-e7025000 ---p 00000000 00:00 0 
e7025000-e70a5000 rw-p 00000000 00:00 0                                  [stack:7550]
e70a5000-e70a6000 ---p 00000000 00:00 0 
e70a6000-e7143000 rw-p 00000000 00:00 0                                  [stack:7549]
e7143000-e74e6000 ---p 00000000 00:00 0 
e74e6000-e7bf6000 rwxp 00000000 00:00 0 
e7bf6000-f64e6000 ---p 00000000 00:00 0 
f64e6000-f64ff000 r-xp 00000000 08:11 5250921                            /usr/java/jdk1.8.0_40/jre/lib/i386/libzip.so
f64ff000-f6500000 rw-p 00018000 08:11 5250921                            /usr/java/jdk1.8.0_40/jre/lib/i386/libzip.so
f6500000-f65fa000 rw-p 00000000 00:00 0 
f65fa000-f6600000 ---p 00000000 00:00 0 
f6600000-f6607000 r--s 00000000 08:11 4461866                            /usr/lib/gconv/gconv-modules.cache
f6607000-f660c000 r--s 00093000 08:11 4594706                            /usr/java/jdk1.8.0_40/jre/lib/jsse.jar
f660c000-f6614000 rw-s 00000000 00:24 1519780                            /tmp/hsperfdata_georg/7544
f6614000-f6638000 r-xp 00000000 08:11 5250464                            /usr/java/jdk1.8.0_40/jre/lib/i386/libjava.so
f6638000-f6639000 rw-p 00023000 08:11 5250464                            /usr/java/jdk1.8.0_40/jre/lib/i386/libjava.so
f6639000-f6640000 r-xp 00000000 08:11 4335227                            /usr/lib/librt-2.20.so
f6640000-f6641000 r--p 00006000 08:11 4335227                            /usr/lib/librt-2.20.so
f6641000-f6642000 rw-p 00007000 08:11 4335227                            /usr/lib/librt-2.20.so
f6642000-f6645000 ---p 00000000 00:00 0 
f6645000-f6693000 rw-p 00000000 00:00 0                                  [stack:7548]
f6693000-f66de000 r-xp 00000000 08:11 4335205                            /usr/lib/libm-2.20.so
f66de000-f66df000 r--p 0004b000 08:11 4335205                            /usr/lib/libm-2.20.so
f66df000-f66e0000 rw-p 0004c000 08:11 4335205                            /usr/lib/libm-2.20.so
f66e0000-f7053000 r-xp 00000000 08:11 5250925                            /usr/java/jdk1.8.0_40/jre/lib/i386/server/libjvm.so
f7053000-f70bf000 rw-p 00973000 08:11 5250925                            /usr/java/jdk1.8.0_40/jre/lib/i386/server/libjvm.so
f70bf000-f74e5000 rw-p 00000000 00:00 0 
f74e5000-f76aa000 r-xp 00000000 08:11 4335197                            /usr/lib/libc-2.20.so
f76aa000-f76ad000 r--p 001c4000 08:11 4335197                            /usr/lib/libc-2.20.so
f76ad000-f76af000 rw-p 001c7000 08:11 4335197                            /usr/lib/libc-2.20.so
f76af000-f76b2000 rw-p 00000000 00:00 0 
f76b2000-f76b5000 r-xp 00000000 08:11 4335203                            /usr/lib/libdl-2.20.so
f76b5000-f76b6000 r--p 00002000 08:11 4335203                            /usr/lib/libdl-2.20.so
f76b6000-f76b7000 rw-p 00003000 08:11 4335203                            /usr/lib/libdl-2.20.so
f76b7000-f76cb000 r-xp 00000000 08:11 5899291                            /usr/java/jdk1.8.0_40/lib/i386/jli/libjli.so
f76cb000-f76cc000 rw-p 00014000 08:11 5899291                            /usr/java/jdk1.8.0_40/lib/i386/jli/libjli.so
f76cc000-f76e3000 r-xp 00000000 08:11 4335223                            /usr/lib/libpthread-2.20.so
f76e3000-f76e4000 r--p 00016000 08:11 4335223                            /usr/lib/libpthread-2.20.so
f76e4000-f76e5000 rw-p 00017000 08:11 4335223                            /usr/lib/libpthread-2.20.so
f76e5000-f76e7000 rw-p 00000000 00:00 0 
f76e7000-f76f3000 r-xp 00000000 08:11 4335215                            /usr/lib/libnss_files-2.20.so
f76f3000-f76f4000 r--p 0000b000 08:11 4335215                            /usr/lib/libnss_files-2.20.so
f76f4000-f76f5000 rw-p 0000c000 08:11 4335215                            /usr/lib/libnss_files-2.20.so
f76f5000-f76f6000 rw-p 00000000 00:00 0 
f76f6000-f76f7000 ---p 00000000 00:00 0 
f76f7000-f7702000 r-xp 00000000 08:11 5250920                            /usr/java/jdk1.8.0_40/jre/lib/i386/libverify.so
f7702000-f7703000 rw-p 0000b000 08:11 5250920                            /usr/java/jdk1.8.0_40/jre/lib/i386/libverify.so
f7703000-f7704000 rw-p 00000000 00:00 0 
f7704000-f7706000 r--p 00000000 00:00 0                                  [vvar]
f7706000-f7707000 r-xp 00000000 00:00 0                                  [vdso]
f7707000-f7729000 r-xp 00000000 08:11 4335190                            /usr/lib/ld-2.20.so
f7729000-f772a000 r--p 00021000 08:11 4335190                            /usr/lib/ld-2.20.so
f772a000-f772b000 rw-p 00022000 08:11 4335190                            /usr/lib/ld-2.20.so
ffac8000-ffac9000 rwxp 00000000 00:00 0 
ffafa000-ffb1c000 rw-p 00000000 00:00 0                                  [stack]

VM Arguments:
jvm_args: -Xmx1024M -Dfile.encoding=UTF-8 -Duser.country=DE -Duser.language=de -Duser.variant 
java_command: com.android.dx.command.Main --dex --output /run/media/georg/7C94DBD194DB8BD0/Android/HfTL-App/app/build/intermediates/dex/debug /run/media/georg/7C94DBD194DB8BD0/Android/HfTL-App/app/build/intermediates/classes/debug /run/media/georg/7C94DBD194DB8BD0/Android/HfTL-App/app/build/intermediates/pre-dexed/debug/support-annotations-22.0.0-69010316c801077c4fefe3a8c8f5e9cd871c5389.jar /run/media/georg/7C94DBD194DB8BD0/Android/HfTL-App/app/build/intermediates/pre-dexed/debug/classes-5c2e67d68fe1096c7405d20e71017d1a145f891c.jar /run/media/georg/7C94DBD194DB8BD0/Android/HfTL-App/app/build/intermediates/pre-dexed/debug/classes-d9717e1d7829f1d249527e85dbd0c6617cc23f1c.jar /run/media/georg/7C94DBD194DB8BD0/Android/HfTL-App/app/build/intermediates/pre-dexed/debug/classes-1af7863abfafc56a4ee6fc983b022a3ce05f7a46.jar /run/media/georg/7C94DBD194DB8BD0/Android/HfTL-App/app/build/intermediates/pre-dexed/debug/classes-c5b798c42be155bc8d92c21202f3cd00bca63c12.jar /run/media/georg/7C94DBD194DB8BD0/Android/HfTL-App/app/build/intermediates/pre-dexed/debug/classes-c62614e63b89b91cde836054eb2958d7ec092683.jar /run/media/georg/7C94DBD194DB8BD0/Android/HfTL-App/app/build/intermediates/pre-dexed/debug/classes-8fa37b1bf241ee15319c82c05daa7a66cc01d2f6.jar /run/media/georg/7C94DBD194DB8BD0/Android/HfTL-App/app/build/intermediates/pre-dexed/debug/classes-7c82cfdbe4879f21e3bc905af9b95b75e7befd03.jar /run/media/georg/7C94DBD194DB8BD0/Android/HfTL-App/app/build/intermediates/pre-dexed/debug/classes-b619f3ac11d39a8237363349769e6cce9d68a0b2.jar /run/media/georg/7C94DBD194DB8BD0/Android/HfTL-App/app/build/intermediates/pre-dexed/debug/classes-d219c108cb02bd952842f9a8ea5b1b67c226c325.jar /run/media/georg/7C94DBD194DB8BD0/Android/HfTL-App/app/build/intermediates/pre-dexed/debug/classes-38830d4b6f92cc064bd9ddb3a8a854fcabb0a395.jar /run/media/georg/7C94DBD194DB8BD0/Android/HfTL-App/app/build/intermediates/pre-dexed/debug/classes-5992e4e352787cb1150f8e597c54b64da191b483.jar /run/media/georg/7C9
java_class_path (initial): /home/georg/Android/Sdk/build-tools/21.1.2/lib/dx.jar
Launcher Type: SUN_STANDARD

Environment Variables:
JAVA_HOME=/usr/java/jdk1.8.0_40
CLASSPATH=./android-studio/bin/../lib/bootstrap.jar:./android-studio/bin/../lib/extensions.jar:./android-studio/bin/../lib/util.jar:./android-studio/bin/../lib/jdom.jar:./android-studio/bin/../lib/log4j.jar:./android-studio/bin/../lib/trove4j.jar:./android-studio/bin/../lib/jna.jar:/usr/java/jdk1.8.0_40/lib/tools.jar
PATH=/usr/local/bin:/usr/local/sbin:/usr/bin:/usr/sbin:/bin:/sbin:/home/georg/.local/bin:/home/georg/bin
USERNAME=georg
LD_LIBRARY_PATH=./android-studio/bin:
SHELL=/bin/bash
DISPLAY=:0

Signal Handlers:
SIGSEGV: [libjvm.so+0x8c2ab0], sa_mask[0]=11111111011111111101111111111110, sa_flags=SA_RESTART|SA_SIGINFO
SIGBUS: [libjvm.so+0x8c2ab0], sa_mask[0]=11111111011111111101111111111110, sa_flags=SA_RESTART|SA_SIGINFO
SIGFPE: [libjvm.so+0x7433e0], sa_mask[0]=11111111011111111101111111111110, sa_flags=SA_RESTART|SA_SIGINFO
SIGPIPE: [libjvm.so+0x7433e0], sa_mask[0]=11111111011111111101111111111110, sa_flags=SA_RESTART|SA_SIGINFO
SIGXFSZ: [libjvm.so+0x7433e0], sa_mask[0]=11111111011111111101111111111110, sa_flags=SA_RESTART|SA_SIGINFO
SIGILL: [libjvm.so+0x7433e0], sa_mask[0]=11111111011111111101111111111110, sa_flags=SA_RESTART|SA_SIGINFO
SIGUSR1: SIG_DFL, sa_mask[0]=00000000000000000000000000000000, sa_flags=none
SIGUSR2: [libjvm.so+0x744970], sa_mask[0]=00100000000000000000000000000000, sa_flags=SA_RESTART|SA_SIGINFO
SIGHUP: [libjvm.so+0x745e20], sa_mask[0]=11111111011111111101111111111110, sa_flags=SA_RESTART|SA_SIGINFO
SIGINT: [libjvm.so+0x745e20], sa_mask[0]=11111111011111111101111111111110, sa_flags=SA_RESTART|SA_SIGINFO
SIGTERM: [libjvm.so+0x745e20], sa_mask[0]=11111111011111111101111111111110, sa_flags=SA_RESTART|SA_SIGINFO
SIGQUIT: [libjvm.so+0x745e20], sa_mask[0]=11111111011111111101111111111110, sa_flags=SA_RESTART|SA_SIGINFO


---------------  S Y S T E M  ---------------

OS:Fedora release 21 (Twenty One)

uname:Linux 3.17.4-301.fc21.x86_64 #1 SMP Thu Nov 27 19:09:10 UTC 2014 x86_64
libc:glibc 2.20 NPTL 2.20 
rlimit: STACK 8192k, CORE 0k, NPROC 4096, NOFILE 4096, AS infinity
load average:1,96 0,97 0,65

/proc/meminfo:
MemTotal:        3273928 kB
MemFree:           82668 kB
MemAvailable:      57888 kB
Buffers:             772 kB
Cached:            42044 kB
SwapCached:            0 kB
Active:          2992004 kB
Inactive:          23652 kB
Active(anon):    2974392 kB
Inactive(anon):     6732 kB
Active(file):      17612 kB
Inactive(file):    16920 kB
Unevictable:          48 kB
Mlocked:              48 kB
SwapTotal:             0 kB
SwapFree:              0 kB
Dirty:               872 kB
Writeback:            40 kB
AnonPages:       2973160 kB
Mapped:            33664 kB
Shmem:              8060 kB
Slab:              70232 kB
SReclaimable:      28524 kB
SUnreclaim:        41708 kB
KernelStack:        7904 kB
PageTables:        32736 kB
NFS_Unstable:          0 kB
Bounce:                0 kB
WritebackTmp:          0 kB
CommitLimit:     1636964 kB
Committed_AS:    5591440 kB
VmallocTotal:   34359738367 kB
VmallocUsed:      344316 kB
VmallocChunk:   34359375996 kB
HardwareCorrupted:     0 kB
AnonHugePages:         0 kB
HugePages_Total:       0
HugePages_Free:        0
HugePages_Rsvd:        0
HugePages_Surp:        0
Hugepagesize:       2048 kB
DirectMap4k:       81600 kB
DirectMap2M:     3260416 kB


CPU:total 2 (2 cores per cpu, 1 threads per core) family 6 model 23 stepping 10, cmov, cx8, fxsr, mmx, sse, sse2, sse3, ssse3, sse4.1, tsc

/proc/cpuinfo:
processor	: 0
vendor_id	: GenuineIntel
cpu family	: 6
model		: 23
model name	: Intel(R) Core(TM)2 Duo CPU     E8400  @ 3.00GHz
stepping	: 10
microcode	: 0xa0b
cpu MHz		: 3003.000
cache size	: 6144 KB
physical id	: 0
siblings	: 2
core id		: 0
cpu cores	: 2
apicid		: 0
initial apicid	: 0
fpu		: yes
fpu_exception	: yes
cpuid level	: 13
wp		: yes
flags		: fpu vme de pse tsc msr pae mce cx8 apic sep mtrr pge mca cmov pat pse36 clflush dts acpi mmx fxsr sse sse2 ss ht tm pbe syscall nx lm constant_tsc arch_perfmon pebs bts rep_good nopl aperfmperf pni dtes64 monitor ds_cpl vmx smx est tm2 ssse3 cx16 xtpr pdcm sse4_1 xsave lahf_lm dtherm tpr_shadow vnmi flexpriority
bugs		:
bogomips	: 5999.41
clflush size	: 64
cache_alignment	: 64
address sizes	: 36 bits physical, 48 bits virtual
power management:

processor	: 1
vendor_id	: GenuineIntel
cpu family	: 6
model		: 23
model name	: Intel(R) Core(TM)2 Duo CPU     E8400  @ 3.00GHz
stepping	: 10
microcode	: 0xa0b
cpu MHz		: 3003.000
cache size	: 6144 KB
physical id	: 0
siblings	: 2
core id		: 1
cpu cores	: 2
apicid		: 1
initial apicid	: 1
fpu		: yes
fpu_exception	: yes
cpuid level	: 13
wp		: yes
flags		: fpu vme de pse tsc msr pae mce cx8 apic sep mtrr pge mca cmov pat pse36 clflush dts acpi mmx fxsr sse sse2 ss ht tm pbe syscall nx lm constant_tsc arch_perfmon pebs bts rep_good nopl aperfmperf pni dtes64 monitor ds_cpl vmx smx est tm2 ssse3 cx16 xtpr pdcm sse4_1 xsave lahf_lm dtherm tpr_shadow vnmi flexpriority
bugs		:
bogomips	: 5999.41
clflush size	: 64
cache_alignment	: 64
address sizes	: 36 bits physical, 48 bits virtual
power management:



Memory: 4k page, physical 3273928k(82420k free), swap 0k(0k free)

vm_info: Java HotSpot(TM) Server VM (25.40-b25) for linux-x86 JRE (1.8.0_40-b26), built on Mar  7 2015 13:49:45 by "java_re" with gcc 4.3.0 20080428 (Red Hat 4.3.0-8)

time: Thu Apr  2 16:31:01 2015
elapsed time: 6 seconds (0d 0h 0m 6s)

