#
# There is insufficient memory for the Java Runtime Environment to continue.
# Native memory allocation (mmap) failed to map 99090432 bytes for committing reserved memory.
# Possible reasons:
#   The system is out of physical RAM or swap space
#   In 32 bit mode, the process size limit was hit
# Possible solutions:
#   Reduce memory load on the system
#   Increase physical memory or swap space
#   Check if swap backing store is full
#   Use 64 bit Java on a 64 bit OS
#   Decrease Java heap size (-Xmx/-Xms)
#   Decrease number of Java threads
#   Decrease Java thread stack sizes (-Xss)
#   Set larger code cache with -XX:ReservedCodeCacheSize=
# This output file may be truncated or incomplete.
#
#  Out of Memory Error (os_linux.cpp:2673), pid=7603, tid=2796227392
#
# JRE version: Java(TM) SE Runtime Environment (8.0_40-b26) (build 1.8.0_40-b26)
# Java VM: Java HotSpot(TM) Server VM (25.40-b25 mixed mode linux-x86 )
# Failed to write core dump. Core dumps have been disabled. To enable core dumping, try "ulimit -c unlimited" before starting Java again
#

---------------  T H R E A D  ---------------

Current thread (0xa3d10400):  VMThread [stack: 0xa6a30000,0xa6ab1000] [id=7610]

Stack: [0xa6a30000,0xa6ab1000],  sp=0xa6aaf9b0,  free space=510k
Native frames: (J=compiled Java code, j=interpreted, Vv=VM code, C=native code)
V  [libjvm.so+0x8c1fdf]  VMError::report_and_die()+0x16f
V  [libjvm.so+0x3864a5]  report_vm_out_of_memory(char const*, int, unsigned int, VMErrorType, char const*)+0x55
V  [libjvm.so+0x7468b6]  os::Linux::commit_memory_impl(char*, unsigned int, bool)+0xe6
V  [libjvm.so+0x746cd8]  os::pd_commit_memory(char*, unsigned int, unsigned int, bool)+0x28
V  [libjvm.so+0x7403fc]  os::commit_memory(char*, unsigned int, unsigned int, bool)+0x2c
V  [libjvm.so+0x7aa6a8]  PSVirtualSpace::expand_by(unsigned int)+0x48
V  [libjvm.so+0x7ab7aa]  PSYoungGen::resize_generation(unsigned int, unsigned int)+0xda
V  [libjvm.so+0x7aaad9]  PSYoungGen::resize(unsigned int, unsigned int)+0x19
V  [libjvm.so+0x7a83fd]  PSScavenge::invoke_no_policy()+0xd4d
V  [libjvm.so+0x7a8bc8]  PSScavenge::invoke()+0x28
V  [libjvm.so+0x767e9a]  ParallelScavengeHeap::failed_mem_allocate(unsigned int)+0x5a
V  [libjvm.so+0x8c38aa]  VM_ParallelGCFailedAllocation::doit()+0x7a
V  [libjvm.so+0x8ccac7]  VM_Operation::evaluate()+0x47
V  [libjvm.so+0x8caba3]  VMThread::evaluate_operation(VM_Operation*)+0xb3
V  [libjvm.so+0x8caf40]  VMThread::loop()+0x1b0
V  [libjvm.so+0x8cb3a5]  VMThread::run()+0x85
V  [libjvm.so+0x749159]  java_start(Thread*)+0x119
C  [libpthread.so.0+0x6313]  start_thread+0xd3

VM_Operation (0xf66b9ac4): ParallelGCFailedAllocation, mode: safepoint, requested by thread 0xf6508800


---------------  P R O C E S S  ---------------

Java Threads: ( => current thread )
  0xa3d38800 JavaThread "Service Thread" daemon [_thread_blocked, id=7616, stack(0xa395c000,0xa39ad000)]
  0xa3d35800 JavaThread "C1 CompilerThread1" daemon [_thread_blocked, id=7615, stack(0xa39ad000,0xa3a2e000)]
  0xa3d33800 JavaThread "C2 CompilerThread0" daemon [_thread_blocked, id=7614, stack(0xa3a2e000,0xa3aaf000)]
  0xa3d32000 JavaThread "Signal Dispatcher" daemon [_thread_blocked, id=7613, stack(0xa3aaf000,0xa3b00000)]
  0xa3d15000 JavaThread "Finalizer" daemon [_thread_blocked, id=7612, stack(0xa3e39000,0xa3e8a000)]
  0xa3d13800 JavaThread "Reference Handler" daemon [_thread_blocked, id=7611, stack(0xa3e8a000,0xa3edb000)]
  0xf6508800 JavaThread "main" [_thread_blocked, id=7607, stack(0xf666a000,0xf66bb000)]

Other Threads:
=>0xa3d10400 VMThread [stack: 0xa6a30000,0xa6ab1000] [id=7610]
  0xa3d3a400 WatcherThread [stack: 0xa38db000,0xa395c000] [id=7617]

VM state:at safepoint (normal execution)

VM Mutex/Monitor currently owned by a thread:  ([mutex/lock_event])
[0xf6506818] Threads_lock - owner thread: 0xa3d10400
[0xf6506c28] Heap_lock - owner thread: 0xf6508800

Heap:
 PSYoungGen      total 171264K, used 4201K [0xd1ac0000, 0xdcb80000, 0xe7000000)
  eden space 162304K, 0% used [0xd1ac0000,0xd1ac0000,0xdb940000)
  from space 8960K, 46% used [0xdb940000,0xdbd5a400,0xdc200000)
  to   space 8192K, 0% used [0xdc200000,0xdc200000,0xdca00000)
 ParOldGen       total 34304K, used 31460K [0xa7000000, 0xa9180000, 0xd1ac0000)
  object space 34304K, 91% used [0xa7000000,0xa8eb9090,0xa9180000)
 Metaspace       used 5083K, capacity 5134K, committed 5272K, reserved 5424K

Card table byte_map: [0xa6dff000,0xa7000000] byte_map_base: 0xa68c7000

Marking Bits: (ParMarkBitMap*) 0xf70f86e0
 Begin Bits: [0xa4900000, 0xa5900000)
 End Bits:   [0xa5900000, 0xa6900000)

Polling page: 0xf771e000

CodeCache: size=245760Kb used=7187Kb max_used=7202Kb free=238572Kb
 bounds [0xe7500000, 0xe7c10000, 0xf6500000]
 total_blobs=2763 nmethods=2592 adapters=86
 compilation: enabled

Compilation events (10 events):
Event: 4,931 Thread 0xa3d35800 2608       2       com.android.dx.merge.DexMerger$1::write (9 bytes)
Event: 4,931 Thread 0xa3d35800 nmethod 2608 0xe7bdc908 code [0xe7bdca20, 0xe7bdcb2c]
Event: 4,931 Thread 0xa3d35800 2607       2       com.android.dx.merge.DexMerger$1::read (8 bytes)
Event: 4,931 Thread 0xa3d35800 nmethod 2607 0xe7be2848 code [0xe7be2960, 0xe7be2a4c]
Event: 4,931 Thread 0xa3d35800 2609   !   2       com.android.dex.Dex$Section::readString (172 bytes)
Event: 4,932 Thread 0xa3d33800 nmethod 2590 0xe7c028c8 code [0xe7c02ce0, 0xe7c06544]
Event: 4,932 Thread 0xa3d35800 nmethod 2609 0xe7bf09c8 code [0xe7bf0c20, 0xe7bf1300]
Event: 4,932 Thread 0xa3d33800 2593 %     4       com.android.dx.merge.DexMerger::getSortedTypes @ 51 (139 bytes)
Event: 4,958 Thread 0xa3d33800 nmethod 2593% 0xe7c0b888 code [0xe7c0ba60, 0xe7c0c944]
Event: 4,958 Thread 0xa3d33800 2613       4       com.android.dex.Mutf8::decode (228 bytes)

GC Heap History (10 events):
Event: 3,437 GC heap after
Heap after GC invocations=6 (full 0):
 PSYoungGen      total 58368K, used 4757K [0xd1ac0000, 0xd5b40000, 0xe7000000)
  eden space 51200K, 0% used [0xd1ac0000,0xd1ac0000,0xd4cc0000)
  from space 7168K, 66% used [0xd5440000,0xd58e5630,0xd5b40000)
  to   space 7424K, 0% used [0xd4cc0000,0xd4cc0000,0xd5400000)
 ParOldGen       total 34304K, used 14174K [0xa7000000, 0xa9180000, 0xd1ac0000)
  object space 34304K, 41% used [0xa7000000,0xa7dd7868,0xa9180000)
 Metaspace       used 5004K, capacity 5068K, committed 5144K, reserved 5424K
}
Event: 3,630 GC heap before
{Heap before GC invocations=7 (full 0):
 PSYoungGen      total 58368K, used 55957K [0xd1ac0000, 0xd5b40000, 0xe7000000)
  eden space 51200K, 100% used [0xd1ac0000,0xd4cc0000,0xd4cc0000)
  from space 7168K, 66% used [0xd5440000,0xd58e5630,0xd5b40000)
  to   space 7424K, 0% used [0xd4cc0000,0xd4cc0000,0xd5400000)
 ParOldGen       total 34304K, used 14174K [0xa7000000, 0xa9180000, 0xd1ac0000)
  object space 34304K, 41% used [0xa7000000,0xa7dd7868,0xa9180000)
 Metaspace       used 5067K, capacity 5102K, committed 5144K, reserved 5424K
Event: 3,642 GC heap after
Heap after GC invocations=7 (full 0):
 PSYoungGen      total 58624K, used 4247K [0xd1ac0000, 0xd8cc0000, 0xe7000000)
  eden space 51200K, 0% used [0xd1ac0000,0xd1ac0000,0xd4cc0000)
  from space 7424K, 57% used [0xd4cc0000,0xd50e5c70,0xd5400000)
  to   space 7168K, 0% used [0xd85c0000,0xd85c0000,0xd8cc0000)
 ParOldGen       total 34304K, used 15454K [0xa7000000, 0xa9180000, 0xd1ac0000)
  object space 34304K, 45% used [0xa7000000,0xa7f178e8,0xa9180000)
 Metaspace       used 5067K, capacity 5102K, committed 5144K, reserved 5424K
}
Event: 3,779 GC heap before
{Heap before GC invocations=8 (full 0):
 PSYoungGen      total 58624K, used 55447K [0xd1ac0000, 0xd8cc0000, 0xe7000000)
  eden space 51200K, 100% used [0xd1ac0000,0xd4cc0000,0xd4cc0000)
  from space 7424K, 57% used [0xd4cc0000,0xd50e5c70,0xd5400000)
  to   space 7168K, 0% used [0xd85c0000,0xd85c0000,0xd8cc0000)
 ParOldGen       total 34304K, used 15454K [0xa7000000, 0xa9180000, 0xd1ac0000)
  object space 34304K, 45% used [0xa7000000,0xa7f178e8,0xa9180000)
 Metaspace       used 5073K, capacity 5134K, committed 5272K, reserved 5424K
Event: 3,792 GC heap after
Heap after GC invocations=8 (full 0):
 PSYoungGen      total 109056K, used 6891K [0xd1ac0000, 0xd8dc0000, 0xe7000000)
  eden space 101888K, 0% used [0xd1ac0000,0xd1ac0000,0xd7e40000)
  from space 7168K, 96% used [0xd85c0000,0xd8c7afd0,0xd8cc0000)
  to   space 7680K, 0% used [0xd7e40000,0xd7e40000,0xd85c0000)
 ParOldGen       total 34304K, used 15953K [0xa7000000, 0xa9180000, 0xd1ac0000)
  object space 34304K, 46% used [0xa7000000,0xa7f94718,0xa9180000)
 Metaspace       used 5073K, capacity 5134K, committed 5272K, reserved 5424K
}
Event: 4,191 GC heap before
{Heap before GC invocations=9 (full 0):
 PSYoungGen      total 109056K, used 108779K [0xd1ac0000, 0xd8dc0000, 0xe7000000)
  eden space 101888K, 100% used [0xd1ac0000,0xd7e40000,0xd7e40000)
  from space 7168K, 96% used [0xd85c0000,0xd8c7afd0,0xd8cc0000)
  to   space 7680K, 0% used [0xd7e40000,0xd7e40000,0xd85c0000)
 ParOldGen       total 34304K, used 15953K [0xa7000000, 0xa9180000, 0xd1ac0000)
  object space 34304K, 46% used [0xa7000000,0xa7f94718,0xa9180000)
 Metaspace       used 5076K, capacity 5134K, committed 5272K, reserved 5424K
Event: 4,205 GC heap after
Heap after GC invocations=9 (full 0):
 PSYoungGen      total 109568K, used 6842K [0xd1ac0000, 0xdca00000, 0xe7000000)
  eden space 101888K, 0% used [0xd1ac0000,0xd1ac0000,0xd7e40000)
  from space 7680K, 89% used [0xd7e40000,0xd84ee848,0xd85c0000)
  to   space 8192K, 0% used [0xdc200000,0xdc200000,0xdca00000)
 ParOldGen       total 34304K, used 21059K [0xa7000000, 0xa9180000, 0xd1ac0000)
  object space 34304K, 61% used [0xa7000000,0xa8490d10,0xa9180000)
 Metaspace       used 5076K, capacity 5134K, committed 5272K, reserved 5424K
}
Event: 4,519 GC heap before
{Heap before GC invocations=10 (full 0):
 PSYoungGen      total 109568K, used 108730K [0xd1ac0000, 0xdca00000, 0xe7000000)
  eden space 101888K, 100% used [0xd1ac0000,0xd7e40000,0xd7e40000)
  from space 7680K, 89% used [0xd7e40000,0xd84ee848,0xd85c0000)
  to   space 8192K, 0% used [0xdc200000,0xdc200000,0xdca00000)
 ParOldGen       total 34304K, used 21059K [0xa7000000, 0xa9180000, 0xd1ac0000)
  object space 34304K, 61% used [0xa7000000,0xa8490d10,0xa9180000)
 Metaspace       used 5078K, capacity 5134K, committed 5272K, reserved 5424K
Event: 4,527 GC heap after
Heap after GC invocations=10 (full 0):
 PSYoungGen      total 170496K, used 8191K [0xd1ac0000, 0xdcb80000, 0xe7000000)
  eden space 162304K, 0% used [0xd1ac0000,0xd1ac0000,0xdb940000)
  from space 8192K, 99% used [0xdc200000,0xdc9fff48,0xdca00000)
  to   space 8960K, 0% used [0xdb940000,0xdb940000,0xdc200000)
 ParOldGen       total 34304K, used 21071K [0xa7000000, 0xa9180000, 0xd1ac0000)
  object space 34304K, 61% used [0xa7000000,0xa8493d10,0xa9180000)
 Metaspace       used 5078K, capacity 5134K, committed 5272K, reserved 5424K
}
Event: 4,967 GC heap before
{Heap before GC invocations=11 (full 0):
 PSYoungGen      total 170496K, used 170495K [0xd1ac0000, 0xdcb80000, 0xe7000000)
  eden space 162304K, 100% used [0xd1ac0000,0xdb940000,0xdb940000)
  from space 8192K, 99% used [0xdc200000,0xdc9fff48,0xdca00000)
  to   space 8960K, 0% used [0xdb940000,0xdb940000,0xdc200000)
 ParOldGen       total 34304K, used 21071K [0xa7000000, 0xa9180000, 0xd1ac0000)
  object space 34304K, 61% used [0xa7000000,0xa8493d10,0xa9180000)
 Metaspace       used 5083K, capacity 5134K, committed 5272K, reserved 5424K

Deoptimization events (10 events):
Event: 3,004 Thread 0xf6508800 Uncommon trap: reason=predicate action=maybe_recompile pc=0xe7a496c8 method=com.android.dex.Leb128.readUnsignedLeb128(Lcom/android/dex/util/ByteInput;)I @ 41
Event: 3,088 Thread 0xf6508800 Uncommon trap: reason=unstable_if action=reinterpret pc=0xe795d884 method=java.util.HashMap.getNode(ILjava/lang/Object;)Ljava/util/HashMap$Node; @ 84
Event: 3,090 Thread 0xf6508800 Uncommon trap: reason=unstable_if action=reinterpret pc=0xe7973c3c method=java.util.HashMap.getNode(ILjava/lang/Object;)Ljava/util/HashMap$Node; @ 84
Event: 4,926 Thread 0xf6508800 Uncommon trap: reason=unstable_if action=reinterpret pc=0xe7b0ec9c method=com.android.dex.Mutf8.decode(Lcom/android/dex/util/ByteInput;[C)Ljava/lang/String; @ 37
Event: 4,926 Thread 0xf6508800 Uncommon trap: reason=unstable_if action=reinterpret pc=0xe7af4c8c method=com.android.dex.Mutf8.countBytes(Ljava/lang/String;Z)J @ 35
Event: 4,926 Thread 0xf6508800 Uncommon trap: reason=unstable_if action=reinterpret pc=0xe7a88c54 method=com.android.dex.Mutf8.encode([BILjava/lang/String;)V @ 31
Event: 4,926 Thread 0xf6508800 Uncommon trap: reason=unstable_if action=reinterpret pc=0xe7b2bc04 method=com.android.dex.Mutf8.decode(Lcom/android/dex/util/ByteInput;[C)Ljava/lang/String; @ 37
Event: 4,926 Thread 0xf6508800 Uncommon trap: reason=unstable_if action=reinterpret pc=0xe7a16194 method=com.android.dex.Mutf8.countBytes(Ljava/lang/String;Z)J @ 35
Event: 4,926 Thread 0xf6508800 Uncommon trap: reason=unstable_if action=reinterpret pc=0xe7a74610 method=com.android.dex.Mutf8.encode([BILjava/lang/String;)V @ 31
Event: 4,926 Thread 0xf6508800 Uncommon trap: reason=unstable_if action=reinterpret pc=0xe7a0ae44 method=com.android.dex.Mutf8.decode(Lcom/android/dex/util/ByteInput;[C)Ljava/lang/String; @ 37

Internal exceptions (6 events):
Event: 0,079 Thread 0xf6508800 Exception <a 'java/lang/NoSuchMethodError': Method sun.misc.Unsafe.defineClass(Ljava/lang/String;[BII)Ljava/lang/Class; name or signature does not match> (0xd1ad0400) thrown at [/HUDSON3/workspace/8-2-build-linux-i586/jdk8u40/3098/hotspot/src/share/vm/pri
Event: 0,079 Thread 0xf6508800 Exception <a 'java/lang/NoSuchMethodError': Method sun.misc.Unsafe.prefetchRead(Ljava/lang/Object;J)V name or signature does not match> (0xd1ad0680) thrown at [/HUDSON3/workspace/8-2-build-linux-i586/jdk8u40/3098/hotspot/src/share/vm/prims/jni.cpp, line 3
Event: 2,982 Thread 0xf6508800 Exception <a 'java/security/PrivilegedActionException'> (0xd1bbba28) thrown at [/HUDSON3/workspace/8-2-build-linux-i586/jdk8u40/3098/hotspot/src/share/vm/prims/jvm.cpp, line 1382]
Event: 2,982 Thread 0xf6508800 Exception <a 'java/security/PrivilegedActionException'> (0xd1bbbd68) thrown at [/HUDSON3/workspace/8-2-build-linux-i586/jdk8u40/3098/hotspot/src/share/vm/prims/jvm.cpp, line 1382]
Event: 2,982 Thread 0xf6508800 Exception <a 'java/security/PrivilegedActionException'> (0xd1bbdfc8) thrown at [/HUDSON3/workspace/8-2-build-linux-i586/jdk8u40/3098/hotspot/src/share/vm/prims/jvm.cpp, line 1382]
Event: 2,982 Thread 0xf6508800 Exception <a 'java/security/PrivilegedActionException'> (0xd1bbe308) thrown at [/HUDSON3/workspace/8-2-build-linux-i586/jdk8u40/3098/hotspot/src/share/vm/prims/jvm.cpp, line 1382]

Events (10 events):
Event: 4,926 Thread 0xf6508800 DEOPT PACKING pc=0xe7a74610 sp=0xf66b9be0
Event: 4,926 Thread 0xf6508800 DEOPT UNPACKING pc=0xe753abd5 sp=0xf66b9bc8 mode 2
Event: 4,926 Thread 0xf6508800 Uncommon trap: trap_request=0xffffff65 fr.pc=0xe7a0ae44
Event: 4,926 Thread 0xf6508800 DEOPT PACKING pc=0xe7a0ae44 sp=0xf66b9bc0
Event: 4,926 Thread 0xf6508800 DEOPT UNPACKING pc=0xe753abd5 sp=0xf66b9bc0 mode 2
Event: 4,930 Thread 0xf6508800 DEOPT PACKING pc=0xe7bef1fc sp=0xf66b9bc0
Event: 4,930 Thread 0xf6508800 DEOPT UNPACKING pc=0xe753c310 sp=0xf66b9a70 mode 0
Event: 4,930 Thread 0xf6508800 DEOPT PACKING pc=0xe7bf0611 sp=0xf66b9bc0
Event: 4,930 Thread 0xf6508800 DEOPT UNPACKING pc=0xe753c310 sp=0xf66b9a74 mode 0
Event: 4,966 Executing VM operation: ParallelGCFailedAllocation


Dynamic libraries:
08048000-08049000 r-xp 00000000 08:11 4460985                            /usr/java/jdk1.8.0_40/bin/java
08049000-0804a000 rw-p 00000000 08:11 4460985                            /usr/java/jdk1.8.0_40/bin/java
09ce9000-0a03b000 rw-p 00000000 00:00 0                                  [heap]
a3200000-a32e0000 rw-p 00000000 00:00 0 
a32e0000-a3300000 ---p 00000000 00:00 0 
a3300000-a3383000 rw-p 00000000 00:00 0 
a3383000-a3400000 ---p 00000000 00:00 0 
a3400000-a3433000 rw-p 00000000 00:00 0 
a3433000-a3500000 ---p 00000000 00:00 0 
a3500000-a35f9000 rw-p 00000000 00:00 0 
a35f9000-a3600000 ---p 00000000 00:00 0 
a3600000-a36fe000 rw-p 00000000 00:00 0 
a36fe000-a3700000 ---p 00000000 00:00 0 
a3700000-a3800000 rw-p 00000000 00:00 0 
a38db000-a38dc000 ---p 00000000 00:00 0 
a38dc000-a395c000 rw-p 00000000 00:00 0                                  [stack:7617]
a395c000-a395f000 ---p 00000000 00:00 0 
a395f000-a39ad000 rw-p 00000000 00:00 0                                  [stack:7616]
a39ad000-a39b0000 ---p 00000000 00:00 0 
a39b0000-a3a2e000 rw-p 00000000 00:00 0                                  [stack:7615]
a3a2e000-a3a31000 ---p 00000000 00:00 0 
a3a31000-a3aaf000 rw-p 00000000 00:00 0                                  [stack:7614]
a3aaf000-a3ab2000 ---p 00000000 00:00 0 
a3ab2000-a3b00000 rw-p 00000000 00:00 0                                  [stack:7613]
a3b00000-a3d00000 r--p 00000000 08:11 4335064                            /usr/lib/locale/locale-archive
a3d00000-a3e00000 rw-p 00000000 00:00 0 
a3e39000-a3e3c000 ---p 00000000 00:00 0 
a3e3c000-a3e8a000 rw-p 00000000 00:00 0                                  [stack:7612]
a3e8a000-a3e8d000 ---p 00000000 00:00 0 
a3e8d000-a3edb000 rw-p 00000000 00:00 0                                  [stack:7611]
a3edb000-a40b4000 r--s 03cc2000 08:11 4594709                            /usr/java/jdk1.8.0_40/jre/lib/rt.jar
a40b4000-a44fa000 rw-p 00000000 00:00 0 
a44fa000-a4500000 ---p 00000000 00:00 0 
a4500000-a6900000 rw-p 00000000 00:00 0 
a6900000-a69fc000 rw-p 00000000 00:00 0 
a69fc000-a6a00000 ---p 00000000 00:00 0 
a6a30000-a6a31000 ---p 00000000 00:00 0 
a6a31000-a6b00000 rw-p 00000000 00:00 0                                  [stack:7610]
a6b00000-a6b21000 rw-p 00000000 00:00 0 
a6b21000-a6c00000 ---p 00000000 00:00 0 
a6c4e000-a6cba000 rw-p 00000000 00:00 0 
a6cba000-a6dff000 ---p 00000000 00:00 0 
a6dff000-a6e10000 rw-p 00000000 00:00 0 
a6e10000-a6f54000 ---p 00000000 00:00 0 
a6f54000-a6fad000 rw-p 00000000 00:00 0 
a6fad000-a6fff000 ---p 00000000 00:00 0 
a6fff000-a9180000 rw-p 00000000 00:00 0 
a9180000-d1ac0000 ---p 00000000 00:00 0 
d1ac0000-dcb80000 rw-p 00000000 00:00 0 
e278a000-e29da000 rw-p 00000000 00:00 0 
e29da000-e2a00000 r--p 00000000 08:11 6031528                            /usr/share/locale/de/LC_MESSAGES/libc.mo
e2a00000-e7000000 ---p 00000000 00:00 0 
e7019000-e7020000 r--s 00000000 08:11 4461866                            /usr/lib/gconv/gconv-modules.cache
e7020000-e702a000 r--s 0021b000 08:11 5117752                            /usr/java/jdk1.8.0_40/jre/lib/ext/localedata.jar
e702a000-e702f000 r--s 00093000 08:11 4594706                            /usr/java/jdk1.8.0_40/jre/lib/jsse.jar
e702f000-e703e000 r--s 000dd000 08:11 2230220                            /home/georg/Android/Sdk/build-tools/21.1.2/lib/dx.jar
e703e000-e703f000 ---p 00000000 00:00 0 
e703f000-e70bf000 rw-p 00000000 00:00 0                                  [stack:7609]
e70bf000-e70c0000 ---p 00000000 00:00 0 
e70c0000-e715d000 rw-p 00000000 00:00 0                                  [stack:7608]
e715d000-e7500000 ---p 00000000 00:00 0 
e7500000-e7c10000 rwxp 00000000 00:00 0 
e7c10000-f6500000 ---p 00000000 00:00 0 
f6500000-f65fa000 rw-p 00000000 00:00 0 
f65fa000-f6600000 ---p 00000000 00:00 0 
f6600000-f661a000 rw-p 00000000 00:00 0 
f661a000-f6633000 r-xp 00000000 08:11 5250921                            /usr/java/jdk1.8.0_40/jre/lib/i386/libzip.so
f6633000-f6634000 rw-p 00018000 08:11 5250921                            /usr/java/jdk1.8.0_40/jre/lib/i386/libzip.so
f6634000-f663c000 rw-s 00000000 00:24 1520015                            /tmp/hsperfdata_georg/7603
f663c000-f6660000 r-xp 00000000 08:11 5250464                            /usr/java/jdk1.8.0_40/jre/lib/i386/libjava.so
f6660000-f6661000 rw-p 00023000 08:11 5250464                            /usr/java/jdk1.8.0_40/jre/lib/i386/libjava.so
f6661000-f6668000 r-xp 00000000 08:11 4335227                            /usr/lib/librt-2.20.so
f6668000-f6669000 r--p 00006000 08:11 4335227                            /usr/lib/librt-2.20.so
f6669000-f666a000 rw-p 00007000 08:11 4335227                            /usr/lib/librt-2.20.so
f666a000-f666d000 ---p 00000000 00:00 0 
f666d000-f66bb000 rw-p 00000000 00:00 0                                  [stack:7607]
f66bb000-f6706000 r-xp 00000000 08:11 4335205                            /usr/lib/libm-2.20.so
f6706000-f6707000 r--p 0004b000 08:11 4335205                            /usr/lib/libm-2.20.so
f6707000-f6708000 rw-p 0004c000 08:11 4335205                            /usr/lib/libm-2.20.so
f6708000-f707b000 r-xp 00000000 08:11 5250925                            /usr/java/jdk1.8.0_40/jre/lib/i386/server/libjvm.so
f707b000-f70e7000 rw-p 00973000 08:11 5250925                            /usr/java/jdk1.8.0_40/jre/lib/i386/server/libjvm.so
f70e7000-f750d000 rw-p 00000000 00:00 0 
f750d000-f76d2000 r-xp 00000000 08:11 4335197                            /usr/lib/libc-2.20.so
f76d2000-f76d5000 r--p 001c4000 08:11 4335197                            /usr/lib/libc-2.20.so
f76d5000-f76d7000 rw-p 001c7000 08:11 4335197                            /usr/lib/libc-2.20.so
f76d7000-f76da000 rw-p 00000000 00:00 0 
f76da000-f76dd000 r-xp 00000000 08:11 4335203                            /usr/lib/libdl-2.20.so
f76dd000-f76de000 r--p 00002000 08:11 4335203                            /usr/lib/libdl-2.20.so
f76de000-f76df000 rw-p 00003000 08:11 4335203                            /usr/lib/libdl-2.20.so
f76df000-f76f3000 r-xp 00000000 08:11 5899291                            /usr/java/jdk1.8.0_40/lib/i386/jli/libjli.so
f76f3000-f76f4000 rw-p 00014000 08:11 5899291                            /usr/java/jdk1.8.0_40/lib/i386/jli/libjli.so
f76f4000-f770b000 r-xp 00000000 08:11 4335223                            /usr/lib/libpthread-2.20.so
f770b000-f770c000 r--p 00016000 08:11 4335223                            /usr/lib/libpthread-2.20.so
f770c000-f770d000 rw-p 00017000 08:11 4335223                            /usr/lib/libpthread-2.20.so
f770d000-f770f000 rw-p 00000000 00:00 0 
f770f000-f771b000 r-xp 00000000 08:11 4335215                            /usr/lib/libnss_files-2.20.so
f771b000-f771c000 r--p 0000b000 08:11 4335215                            /usr/lib/libnss_files-2.20.so
f771c000-f771d000 rw-p 0000c000 08:11 4335215                            /usr/lib/libnss_files-2.20.so
f771d000-f771e000 rw-p 00000000 00:00 0 
f771e000-f771f000 ---p 00000000 00:00 0 
f771f000-f772a000 r-xp 00000000 08:11 5250920                            /usr/java/jdk1.8.0_40/jre/lib/i386/libverify.so
f772a000-f772b000 rw-p 0000b000 08:11 5250920                            /usr/java/jdk1.8.0_40/jre/lib/i386/libverify.so
f772b000-f772c000 rw-p 00000000 00:00 0 
f772c000-f772e000 r--p 00000000 00:00 0                                  [vvar]
f772e000-f772f000 r-xp 00000000 00:00 0                                  [vdso]
f772f000-f7751000 r-xp 00000000 08:11 4335190                            /usr/lib/ld-2.20.so
f7751000-f7752000 r--p 00021000 08:11 4335190                            /usr/lib/ld-2.20.so
f7752000-f7753000 rw-p 00022000 08:11 4335190                            /usr/lib/ld-2.20.so
ffaa2000-ffaa3000 rwxp 00000000 00:00 0 
ffad4000-ffaf6000 rw-p 00000000 00:00 0                                  [stack]

VM Arguments:
jvm_args: -Xmx1024M -Dfile.encoding=UTF-8 -Duser.country=DE -Duser.language=de -Duser.variant 
java_command: com.android.dx.command.Main --dex --output /run/media/georg/7C94DBD194DB8BD0/Android/HfTL-App/app/build/intermediates/dex/debug /run/media/georg/7C94DBD194DB8BD0/Android/HfTL-App/app/build/intermediates/classes/debug /run/media/georg/7C94DBD194DB8BD0/Android/HfTL-App/app/build/intermediates/pre-dexed/debug/support-annotations-22.0.0-69010316c801077c4fefe3a8c8f5e9cd871c5389.jar /run/media/georg/7C94DBD194DB8BD0/Android/HfTL-App/app/build/intermediates/pre-dexed/debug/classes-5c2e67d68fe1096c7405d20e71017d1a145f891c.jar /run/media/georg/7C94DBD194DB8BD0/Android/HfTL-App/app/build/intermediates/pre-dexed/debug/classes-d9717e1d7829f1d249527e85dbd0c6617cc23f1c.jar /run/media/georg/7C94DBD194DB8BD0/Android/HfTL-App/app/build/intermediates/pre-dexed/debug/classes-1af7863abfafc56a4ee6fc983b022a3ce05f7a46.jar /run/media/georg/7C94DBD194DB8BD0/Android/HfTL-App/app/build/intermediates/pre-dexed/debug/classes-c5b798c42be155bc8d92c21202f3cd00bca63c12.jar /run/media/georg/7C94DBD194DB8BD0/Android/HfTL-App/app/build/intermediates/pre-dexed/debug/classes-c62614e63b89b91cde836054eb2958d7ec092683.jar /run/media/georg/7C94DBD194DB8BD0/Android/HfTL-App/app/build/intermediates/pre-dexed/debug/classes-8fa37b1bf241ee15319c82c05daa7a66cc01d2f6.jar /run/media/georg/7C94DBD194DB8BD0/Android/HfTL-App/app/build/intermediates/pre-dexed/debug/classes-7c82cfdbe4879f21e3bc905af9b95b75e7befd03.jar /run/media/georg/7C94DBD194DB8BD0/Android/HfTL-App/app/build/intermediates/pre-dexed/debug/classes-b619f3ac11d39a8237363349769e6cce9d68a0b2.jar /run/media/georg/7C94DBD194DB8BD0/Android/HfTL-App/app/build/intermediates/pre-dexed/debug/classes-d219c108cb02bd952842f9a8ea5b1b67c226c325.jar /run/media/georg/7C94DBD194DB8BD0/Android/HfTL-App/app/build/intermediates/pre-dexed/debug/classes-38830d4b6f92cc064bd9ddb3a8a854fcabb0a395.jar /run/media/georg/7C94DBD194DB8BD0/Android/HfTL-App/app/build/intermediates/pre-dexed/debug/classes-5992e4e352787cb1150f8e597c54b64da191b483.jar /run/media/georg/7C9
java_class_path (initial): /home/georg/Android/Sdk/build-tools/21.1.2/lib/dx.jar
Launcher Type: SUN_STANDARD

Environment Variables:
JAVA_HOME=/usr/java/jdk1.8.0_40
CLASSPATH=./android-studio/bin/../lib/bootstrap.jar:./android-studio/bin/../lib/extensions.jar:./android-studio/bin/../lib/util.jar:./android-studio/bin/../lib/jdom.jar:./android-studio/bin/../lib/log4j.jar:./android-studio/bin/../lib/trove4j.jar:./android-studio/bin/../lib/jna.jar:/usr/java/jdk1.8.0_40/lib/tools.jar
PATH=/usr/local/bin:/usr/local/sbin:/usr/bin:/usr/sbin:/bin:/sbin:/home/georg/.local/bin:/home/georg/bin
USERNAME=georg
LD_LIBRARY_PATH=./android-studio/bin:
SHELL=/bin/bash
DISPLAY=:0

Signal Handlers:
SIGSEGV: [libjvm.so+0x8c2ab0], sa_mask[0]=11111111011111111101111111111110, sa_flags=SA_RESTART|SA_SIGINFO
SIGBUS: [libjvm.so+0x8c2ab0], sa_mask[0]=11111111011111111101111111111110, sa_flags=SA_RESTART|SA_SIGINFO
SIGFPE: [libjvm.so+0x7433e0], sa_mask[0]=11111111011111111101111111111110, sa_flags=SA_RESTART|SA_SIGINFO
SIGPIPE: [libjvm.so+0x7433e0], sa_mask[0]=11111111011111111101111111111110, sa_flags=SA_RESTART|SA_SIGINFO
SIGXFSZ: [libjvm.so+0x7433e0], sa_mask[0]=11111111011111111101111111111110, sa_flags=SA_RESTART|SA_SIGINFO
SIGILL: [libjvm.so+0x7433e0], sa_mask[0]=11111111011111111101111111111110, sa_flags=SA_RESTART|SA_SIGINFO
SIGUSR1: SIG_DFL, sa_mask[0]=00000000000000000000000000000000, sa_flags=none
SIGUSR2: [libjvm.so+0x744970], sa_mask[0]=00100000000000000000000000000000, sa_flags=SA_RESTART|SA_SIGINFO
SIGHUP: [libjvm.so+0x745e20], sa_mask[0]=11111111011111111101111111111110, sa_flags=SA_RESTART|SA_SIGINFO
SIGINT: [libjvm.so+0x745e20], sa_mask[0]=11111111011111111101111111111110, sa_flags=SA_RESTART|SA_SIGINFO
SIGTERM: [libjvm.so+0x745e20], sa_mask[0]=11111111011111111101111111111110, sa_flags=SA_RESTART|SA_SIGINFO
SIGQUIT: [libjvm.so+0x745e20], sa_mask[0]=11111111011111111101111111111110, sa_flags=SA_RESTART|SA_SIGINFO


---------------  S Y S T E M  ---------------

OS:Fedora release 21 (Twenty One)

uname:Linux 3.17.4-301.fc21.x86_64 #1 SMP Thu Nov 27 19:09:10 UTC 2014 x86_64
libc:glibc 2.20 NPTL 2.20 
rlimit: STACK 8192k, CORE 0k, NPROC 4096, NOFILE 4096, AS infinity
load average:1,11 0,89 0,65

/proc/meminfo:
MemTotal:        3273928 kB
MemFree:           84300 kB
MemAvailable:      76304 kB
Buffers:            2252 kB
Cached:            72100 kB
SwapCached:            0 kB
Active:          2978664 kB
Inactive:          36224 kB
Active(anon):    2942028 kB
Inactive(anon):     5124 kB
Active(file):      36636 kB
Inactive(file):    31100 kB
Unevictable:          48 kB
Mlocked:              48 kB
SwapTotal:             0 kB
SwapFree:              0 kB
Dirty:              5348 kB
Writeback:           148 kB
AnonPages:       2940768 kB
Mapped:            59308 kB
Shmem:              6456 kB
Slab:              70644 kB
SReclaimable:      28896 kB
SUnreclaim:        41748 kB
KernelStack:        7888 kB
PageTables:        32560 kB
NFS_Unstable:          0 kB
Bounce:                0 kB
WritebackTmp:          0 kB
CommitLimit:     1636964 kB
Committed_AS:    5525412 kB
VmallocTotal:   34359738367 kB
VmallocUsed:      344312 kB
VmallocChunk:   34359375996 kB
HardwareCorrupted:     0 kB
AnonHugePages:         0 kB
HugePages_Total:       0
HugePages_Free:        0
HugePages_Rsvd:        0
HugePages_Surp:        0
Hugepagesize:       2048 kB
DirectMap4k:       81600 kB
DirectMap2M:     3260416 kB


CPU:total 2 (2 cores per cpu, 1 threads per core) family 6 model 23 stepping 10, cmov, cx8, fxsr, mmx, sse, sse2, sse3, ssse3, sse4.1, tsc

/proc/cpuinfo:
processor	: 0
vendor_id	: GenuineIntel
cpu family	: 6
model		: 23
model name	: Intel(R) Core(TM)2 Duo CPU     E8400  @ 3.00GHz
stepping	: 10
microcode	: 0xa0b
cpu MHz		: 2670.000
cache size	: 6144 KB
physical id	: 0
siblings	: 2
core id		: 0
cpu cores	: 2
apicid		: 0
initial apicid	: 0
fpu		: yes
fpu_exception	: yes
cpuid level	: 13
wp		: yes
flags		: fpu vme de pse tsc msr pae mce cx8 apic sep mtrr pge mca cmov pat pse36 clflush dts acpi mmx fxsr sse sse2 ss ht tm pbe syscall nx lm constant_tsc arch_perfmon pebs bts rep_good nopl aperfmperf pni dtes64 monitor ds_cpl vmx smx est tm2 ssse3 cx16 xtpr pdcm sse4_1 xsave lahf_lm dtherm tpr_shadow vnmi flexpriority
bugs		:
bogomips	: 5999.41
clflush size	: 64
cache_alignment	: 64
address sizes	: 36 bits physical, 48 bits virtual
power management:

processor	: 1
vendor_id	: GenuineIntel
cpu family	: 6
model		: 23
model name	: Intel(R) Core(TM)2 Duo CPU     E8400  @ 3.00GHz
stepping	: 10
microcode	: 0xa0b
cpu MHz		: 2336.000
cache size	: 6144 KB
physical id	: 0
siblings	: 2
core id		: 1
cpu cores	: 2
apicid		: 1
initial apicid	: 1
fpu		: yes
fpu_exception	: yes
cpuid level	: 13
wp		: yes
flags		: fpu vme de pse tsc msr pae mce cx8 apic sep mtrr pge mca cmov pat pse36 clflush dts acpi mmx fxsr sse sse2 ss ht tm pbe syscall nx lm constant_tsc arch_perfmon pebs bts rep_good nopl aperfmperf pni dtes64 monitor ds_cpl vmx smx est tm2 ssse3 cx16 xtpr pdcm sse4_1 xsave lahf_lm dtherm tpr_shadow vnmi flexpriority
bugs		:
bogomips	: 5999.41
clflush size	: 64
cache_alignment	: 64
address sizes	: 36 bits physical, 48 bits virtual
power management:



Memory: 4k page, physical 3273928k(84300k free), swap 0k(0k free)

vm_info: Java HotSpot(TM) Server VM (25.40-b25) for linux-x86 JRE (1.8.0_40-b26), built on Mar  7 2015 13:49:45 by "java_re" with gcc 4.3.0 20080428 (Red Hat 4.3.0-8)

time: Thu Apr  2 16:32:34 2015
elapsed time: 5 seconds (0d 0h 0m 5s)

