#
# There is insufficient memory for the Java Runtime Environment to continue.
# Native memory allocation (mmap) failed to map 123469824 bytes for committing reserved memory.
# Possible reasons:
#   The system is out of physical RAM or swap space
#   In 32 bit mode, the process size limit was hit
# Possible solutions:
#   Reduce memory load on the system
#   Increase physical memory or swap space
#   Check if swap backing store is full
#   Use 64 bit Java on a 64 bit OS
#   Decrease Java heap size (-Xmx/-Xms)
#   Decrease number of Java threads
#   Decrease Java thread stack sizes (-Xss)
#   Set larger code cache with -XX:ReservedCodeCacheSize=
# This output file may be truncated or incomplete.
#
#  Out of Memory Error (os_linux.cpp:2673), pid=7116, tid=2796227392
#
# JRE version: Java(TM) SE Runtime Environment (8.0_40-b26) (build 1.8.0_40-b26)
# Java VM: Java HotSpot(TM) Server VM (25.40-b25 mixed mode linux-x86 )
# Failed to write core dump. Core dumps have been disabled. To enable core dumping, try "ulimit -c unlimited" before starting Java again
#

---------------  T H R E A D  ---------------

Current thread (0xa3d10400):  VMThread [stack: 0xa6a30000,0xa6ab1000] [id=7124]

Stack: [0xa6a30000,0xa6ab1000],  sp=0xa6aaf730,  free space=509k
Native frames: (J=compiled Java code, j=interpreted, Vv=VM code, C=native code)
V  [libjvm.so+0x8c1fdf]  VMError::report_and_die()+0x16f
V  [libjvm.so+0x3864a5]  report_vm_out_of_memory(char const*, int, unsigned int, VMErrorType, char const*)+0x55
V  [libjvm.so+0x7468b6]  os::Linux::commit_memory_impl(char*, unsigned int, bool)+0xe6
V  [libjvm.so+0x746cd8]  os::pd_commit_memory(char*, unsigned int, unsigned int, bool)+0x28
V  [libjvm.so+0x7403fc]  os::commit_memory(char*, unsigned int, unsigned int, bool)+0x2c
V  [libjvm.so+0x7aa6a8]  PSVirtualSpace::expand_by(unsigned int)+0x48
V  [libjvm.so+0x7ab7aa]  PSYoungGen::resize_generation(unsigned int, unsigned int)+0xda
V  [libjvm.so+0x7aaad9]  PSYoungGen::resize(unsigned int, unsigned int)+0x19
V  [libjvm.so+0x7a83fd]  PSScavenge::invoke_no_policy()+0xd4d
V  [libjvm.so+0x7a8bc8]  PSScavenge::invoke()+0x28
V  [libjvm.so+0x767e9a]  ParallelScavengeHeap::failed_mem_allocate(unsigned int)+0x5a
V  [libjvm.so+0x8c38aa]  VM_ParallelGCFailedAllocation::doit()+0x7a
V  [libjvm.so+0x8ccac7]  VM_Operation::evaluate()+0x47
V  [libjvm.so+0x8caba3]  VMThread::evaluate_operation(VM_Operation*)+0xb3
V  [libjvm.so+0x8caf40]  VMThread::loop()+0x1b0
V  [libjvm.so+0x8cb3a5]  VMThread::run()+0x85
V  [libjvm.so+0x749159]  java_start(Thread*)+0x119
C  [libpthread.so.0+0x6313]  start_thread+0xd3

VM_Operation (0xf66aabb4): ParallelGCFailedAllocation, mode: safepoint, requested by thread 0xf6508800


---------------  P R O C E S S  ---------------

Java Threads: ( => current thread )
  0xa3d37800 JavaThread "Service Thread" daemon [_thread_blocked, id=7130, stack(0xa395c000,0xa39ad000)]
  0xa3d34800 JavaThread "C1 CompilerThread1" daemon [_thread_blocked, id=7129, stack(0xa39ad000,0xa3a2e000)]
  0xa3d32800 JavaThread "C2 CompilerThread0" daemon [_thread_blocked, id=7128, stack(0xa3a2e000,0xa3aaf000)]
  0xa3d31000 JavaThread "Signal Dispatcher" daemon [_thread_blocked, id=7127, stack(0xa3aaf000,0xa3b00000)]
  0xa3d15000 JavaThread "Finalizer" daemon [_thread_blocked, id=7126, stack(0xa3e39000,0xa3e8a000)]
  0xa3d13800 JavaThread "Reference Handler" daemon [_thread_blocked, id=7125, stack(0xa3e8a000,0xa3edb000)]
  0xf6508800 JavaThread "main" [_thread_blocked, id=7120, stack(0xf665b000,0xf66ac000)]

Other Threads:
=>0xa3d10400 VMThread [stack: 0xa6a30000,0xa6ab1000] [id=7124]
  0xa3d39400 WatcherThread [stack: 0xa38db000,0xa395c000] [id=7131]

VM state:at safepoint (normal execution)

VM Mutex/Monitor currently owned by a thread:  ([mutex/lock_event])
[0xf6506818] Threads_lock - owner thread: 0xa3d10400
[0xf6506c28] Heap_lock - owner thread: 0xf6508800

Heap:
 PSYoungGen      total 215552K, used 9081K [0xd1ac0000, 0xdfa40000, 0xe7000000)
  eden space 203520K, 0% used [0xd1ac0000,0xd1ac0000,0xde180000)
  from space 12032K, 75% used [0xde180000,0xdea5e6c0,0xded40000)
  to   space 10752K, 0% used [0xded40000,0xded40000,0xdf7c0000)
 ParOldGen       total 34304K, used 29799K [0xa7000000, 0xa9180000, 0xd1ac0000)
  object space 34304K, 86% used [0xa7000000,0xa8d19f08,0xa9180000)
 Metaspace       used 5063K, capacity 5102K, committed 5144K, reserved 5424K

Card table byte_map: [0xa6dff000,0xa7000000] byte_map_base: 0xa68c7000

Marking Bits: (ParMarkBitMap*) 0xf70e96e0
 Begin Bits: [0xa4900000, 0xa5900000)
 End Bits:   [0xa5900000, 0xa6900000)

Polling page: 0xf770f000

CodeCache: size=245760Kb used=6727Kb max_used=6727Kb free=239032Kb
 bounds [0xe7500000, 0xe7b98000, 0xf6500000]
 total_blobs=2626 nmethods=2455 adapters=86
 compilation: enabled

Compilation events (10 events):
Event: 3,945 Thread 0xa3d34800 2475       3       com.android.dex.Mutf8::decode (228 bytes)
Event: 3,950 Thread 0xa3d34800 nmethod 2475 0xe7b8a7c8 code [0xe7b8a9c0, 0xe7b8b200]
Event: 3,950 Thread 0xa3d34800 2472       3       com.android.dex.Mutf8::countBytes (98 bytes)
Event: 3,951 Thread 0xa3d34800 nmethod 2472 0xe7b8e248 code [0xe7b8e3c0, 0xe7b8e938]
Event: 3,951 Thread 0xa3d34800 2474       2       com.android.dx.merge.DexMerger$1::write (51 bytes)
Event: 3,951 Thread 0xa3d34800 nmethod 2474 0xe7b70008 code [0xe7b70140, 0xe7b70298]
Event: 3,951 Thread 0xa3d34800 2476       2       com.android.dx.merge.DexMerger$1::read (8 bytes)
Event: 3,951 Thread 0xa3d34800 nmethod 2476 0xe7b7dec8 code [0xe7b7dfe0, 0xe7b7e0cc]
Event: 4,007 Thread 0xa3d34800 2485 %     3       java.util.HashMap$TreeNode::untreeify @ 7 (52 bytes)
Event: 4,008 Thread 0xa3d34800 nmethod 2485% 0xe7b8dcc8 code [0xe7b8de00, 0xe7b8e0cc]

GC Heap History (10 events):
Event: 2,158 GC heap after
Heap after GC invocations=4 (full 0):
 PSYoungGen      total 53248K, used 2047K [0xd1ac0000, 0xd50c0000, 0xe7000000)
  eden space 51200K, 0% used [0xd1ac0000,0xd1ac0000,0xd4cc0000)
  from space 2048K, 99% used [0xd4ec0000,0xd50bfc00,0xd50c0000)
  to   space 2048K, 0% used [0xd4cc0000,0xd4cc0000,0xd4ec0000)
 ParOldGen       total 34304K, used 12699K [0xa7000000, 0xa9180000, 0xd1ac0000)
  object space 34304K, 37% used [0xa7000000,0xa7c66db8,0xa9180000)
 Metaspace       used 4956K, capacity 5036K, committed 5144K, reserved 5424K
}
Event: 2,372 GC heap before
{Heap before GC invocations=5 (full 0):
 PSYoungGen      total 53248K, used 53247K [0xd1ac0000, 0xd50c0000, 0xe7000000)
  eden space 51200K, 100% used [0xd1ac0000,0xd4cc0000,0xd4cc0000)
  from space 2048K, 99% used [0xd4ec0000,0xd50bfc00,0xd50c0000)
  to   space 2048K, 0% used [0xd4cc0000,0xd4cc0000,0xd4ec0000)
 ParOldGen       total 34304K, used 12699K [0xa7000000, 0xa9180000, 0xd1ac0000)
  object space 34304K, 37% used [0xa7000000,0xa7c66db8,0xa9180000)
 Metaspace       used 4980K, capacity 5036K, committed 5144K, reserved 5424K
Event: 2,384 GC heap after
Heap after GC invocations=5 (full 0):
 PSYoungGen      total 53248K, used 2035K [0xd1ac0000, 0xd94c0000, 0xe7000000)
  eden space 51200K, 0% used [0xd1ac0000,0xd1ac0000,0xd4cc0000)
  from space 2048K, 99% used [0xd4cc0000,0xd4ebcf48,0xd4ec0000)
  to   space 11264K, 0% used [0xd89c0000,0xd89c0000,0xd94c0000)
 ParOldGen       total 34304K, used 19784K [0xa7000000, 0xa9180000, 0xd1ac0000)
  object space 34304K, 57% used [0xa7000000,0xa8352310,0xa9180000)
 Metaspace       used 4980K, capacity 5036K, committed 5144K, reserved 5424K
}
Event: 2,573 GC heap before
{Heap before GC invocations=6 (full 0):
 PSYoungGen      total 53248K, used 53235K [0xd1ac0000, 0xd94c0000, 0xe7000000)
  eden space 51200K, 100% used [0xd1ac0000,0xd4cc0000,0xd4cc0000)
  from space 2048K, 99% used [0xd4cc0000,0xd4ebcf48,0xd4ec0000)
  to   space 11264K, 0% used [0xd89c0000,0xd89c0000,0xd94c0000)
 ParOldGen       total 34304K, used 19784K [0xa7000000, 0xa9180000, 0xd1ac0000)
  object space 34304K, 57% used [0xa7000000,0xa8352310,0xa9180000)
 Metaspace       used 5038K, capacity 5102K, committed 5144K, reserved 5424K
Event: 2,584 GC heap after
Heap after GC invocations=6 (full 0):
 PSYoungGen      total 112640K, used 6619K [0xd1ac0000, 0xd93c0000, 0xe7000000)
  eden space 102400K, 0% used [0xd1ac0000,0xd1ac0000,0xd7ec0000)
  from space 10240K, 64% used [0xd89c0000,0xd9036e98,0xd93c0000)
  to   space 10752K, 0% used [0xd7ec0000,0xd7ec0000,0xd8940000)
 ParOldGen       total 34304K, used 19784K [0xa7000000, 0xa9180000, 0xd1ac0000)
  object space 34304K, 57% used [0xa7000000,0xa8352310,0xa9180000)
 Metaspace       used 5038K, capacity 5102K, committed 5144K, reserved 5424K
}
Event: 2,996 GC heap before
{Heap before GC invocations=7 (full 0):
 PSYoungGen      total 112640K, used 109019K [0xd1ac0000, 0xd93c0000, 0xe7000000)
  eden space 102400K, 100% used [0xd1ac0000,0xd7ec0000,0xd7ec0000)
  from space 10240K, 64% used [0xd89c0000,0xd9036e98,0xd93c0000)
  to   space 10752K, 0% used [0xd7ec0000,0xd7ec0000,0xd8940000)
 ParOldGen       total 34304K, used 19784K [0xa7000000, 0xa9180000, 0xd1ac0000)
  object space 34304K, 57% used [0xa7000000,0xa8352310,0xa9180000)
 Metaspace       used 5056K, capacity 5102K, committed 5144K, reserved 5424K
Event: 3,008 GC heap after
Heap after GC invocations=7 (full 0):
 PSYoungGen      total 113152K, used 7261K [0xd1ac0000, 0xdf7c0000, 0xe7000000)
  eden space 102400K, 0% used [0xd1ac0000,0xd1ac0000,0xd7ec0000)
  from space 10752K, 67% used [0xd7ec0000,0xd85d7798,0xd8940000)
  to   space 10752K, 0% used [0xded40000,0xded40000,0xdf7c0000)
 ParOldGen       total 34304K, used 21378K [0xa7000000, 0xa9180000, 0xd1ac0000)
  object space 34304K, 62% used [0xa7000000,0xa84e08b8,0xa9180000)
 Metaspace       used 5056K, capacity 5102K, committed 5144K, reserved 5424K
}
Event: 3,321 GC heap before
{Heap before GC invocations=8 (full 0):
 PSYoungGen      total 113152K, used 109661K [0xd1ac0000, 0xdf7c0000, 0xe7000000)
  eden space 102400K, 100% used [0xd1ac0000,0xd7ec0000,0xd7ec0000)
  from space 10752K, 67% used [0xd7ec0000,0xd85d7798,0xd8940000)
  to   space 10752K, 0% used [0xded40000,0xded40000,0xdf7c0000)
 ParOldGen       total 34304K, used 21378K [0xa7000000, 0xa9180000, 0xd1ac0000)
  object space 34304K, 62% used [0xa7000000,0xa84e08b8,0xa9180000)
 Metaspace       used 5059K, capacity 5102K, committed 5144K, reserved 5424K
Event: 3,345 GC heap after
Heap after GC invocations=8 (full 0):
 PSYoungGen      total 214272K, used 10725K [0xd1ac0000, 0xdfa40000, 0xe7000000)
  eden space 203520K, 0% used [0xd1ac0000,0xd1ac0000,0xde180000)
  from space 10752K, 99% used [0xded40000,0xdf7b9608,0xdf7c0000)
  to   space 12032K, 0% used [0xde180000,0xde180000,0xded40000)
 ParOldGen       total 34304K, used 24576K [0xa7000000, 0xa9180000, 0xd1ac0000)
  object space 34304K, 71% used [0xa7000000,0xa88001e8,0xa9180000)
 Metaspace       used 5059K, capacity 5102K, committed 5144K, reserved 5424K
}
Event: 4,008 GC heap before
{Heap before GC invocations=9 (full 0):
 PSYoungGen      total 214272K, used 214245K [0xd1ac0000, 0xdfa40000, 0xe7000000)
  eden space 203520K, 100% used [0xd1ac0000,0xde180000,0xde180000)
  from space 10752K, 99% used [0xded40000,0xdf7b9608,0xdf7c0000)
  to   space 12032K, 0% used [0xde180000,0xde180000,0xded40000)
 ParOldGen       total 34304K, used 24576K [0xa7000000, 0xa9180000, 0xd1ac0000)
  object space 34304K, 71% used [0xa7000000,0xa88001e8,0xa9180000)
 Metaspace       used 5063K, capacity 5102K, committed 5144K, reserved 5424K

Deoptimization events (10 events):
Event: 1,896 Thread 0xf6508800 Uncommon trap: reason=unstable_if action=reinterpret pc=0xe79cc238 method=java.util.HashMap.putVal(ILjava/lang/Object;Ljava/lang/Object;ZZ)Ljava/lang/Object; @ 94
Event: 1,946 Thread 0xf6508800 Uncommon trap: reason=predicate action=maybe_recompile pc=0xe7a0316c method=com.android.dex.Leb128.writeUnsignedLeb128(Lcom/android/dex/util/ByteOutput;I)V @ 9
Event: 1,946 Thread 0xf6508800 Uncommon trap: reason=predicate action=maybe_recompile pc=0xe79ff048 method=com.android.dex.Leb128.readUnsignedLeb128(Lcom/android/dex/util/ByteInput;)I @ 41
Event: 2,051 Thread 0xf6508800 Uncommon trap: reason=unstable_if action=reinterpret pc=0xe7922f44 method=java.util.HashMap.getNode(ILjava/lang/Object;)Ljava/util/HashMap$Node; @ 84
Event: 2,052 Thread 0xf6508800 Uncommon trap: reason=unstable_if action=reinterpret pc=0xe79345bc method=java.util.HashMap.getNode(ILjava/lang/Object;)Ljava/util/HashMap$Node; @ 84
Event: 3,940 Thread 0xf6508800 Uncommon trap: reason=unstable_if action=reinterpret pc=0xe7a9799c method=com.android.dex.Mutf8.decode(Lcom/android/dex/util/ByteInput;[C)Ljava/lang/String; @ 37
Event: 3,940 Thread 0xf6508800 Uncommon trap: reason=unstable_if action=reinterpret pc=0xe7ac2a48 method=com.android.dex.Mutf8.countBytes(Ljava/lang/String;Z)J @ 35
Event: 3,940 Thread 0xf6508800 Uncommon trap: reason=unstable_if action=reinterpret pc=0xe7a126d4 method=com.android.dex.Mutf8.encode([BILjava/lang/String;)V @ 31
Event: 3,940 Thread 0xf6508800 Uncommon trap: reason=unstable_if action=reinterpret pc=0xe7a1c2c4 method=com.android.dex.Mutf8.decode(Lcom/android/dex/util/ByteInput;[C)Ljava/lang/String; @ 37
Event: 3,940 Thread 0xf6508800 Uncommon trap: reason=unstable_if action=reinterpret pc=0xe7a147d4 method=com.android.dex.Mutf8.countBytes(Ljava/lang/String;Z)J @ 35

Internal exceptions (6 events):
Event: 0,088 Thread 0xf6508800 Exception <a 'java/lang/NoSuchMethodError': Method sun.misc.Unsafe.defineClass(Ljava/lang/String;[BII)Ljava/lang/Class; name or signature does not match> (0xd1ad0400) thrown at [/HUDSON3/workspace/8-2-build-linux-i586/jdk8u40/3098/hotspot/src/share/vm/pri
Event: 0,088 Thread 0xf6508800 Exception <a 'java/lang/NoSuchMethodError': Method sun.misc.Unsafe.prefetchRead(Ljava/lang/Object;J)V name or signature does not match> (0xd1ad0680) thrown at [/HUDSON3/workspace/8-2-build-linux-i586/jdk8u40/3098/hotspot/src/share/vm/prims/jni.cpp, line 3
Event: 1,897 Thread 0xf6508800 Exception <a 'java/security/PrivilegedActionException'> (0xd1bcf388) thrown at [/HUDSON3/workspace/8-2-build-linux-i586/jdk8u40/3098/hotspot/src/share/vm/prims/jvm.cpp, line 1382]
Event: 1,897 Thread 0xf6508800 Exception <a 'java/security/PrivilegedActionException'> (0xd1bcf6c8) thrown at [/HUDSON3/workspace/8-2-build-linux-i586/jdk8u40/3098/hotspot/src/share/vm/prims/jvm.cpp, line 1382]
Event: 1,899 Thread 0xf6508800 Exception <a 'java/security/PrivilegedActionException'> (0xd1bd1928) thrown at [/HUDSON3/workspace/8-2-build-linux-i586/jdk8u40/3098/hotspot/src/share/vm/prims/jvm.cpp, line 1382]
Event: 1,899 Thread 0xf6508800 Exception <a 'java/security/PrivilegedActionException'> (0xd1bd1c68) thrown at [/HUDSON3/workspace/8-2-build-linux-i586/jdk8u40/3098/hotspot/src/share/vm/prims/jvm.cpp, line 1382]

Events (10 events):
Event: 3,940 Thread 0xf6508800 Uncommon trap: trap_request=0xffffff65 fr.pc=0xe7a126d4
Event: 3,940 Thread 0xf6508800 DEOPT PACKING pc=0xe7a126d4 sp=0xf66aabe0
Event: 3,940 Thread 0xf6508800 DEOPT UNPACKING pc=0xe753abd5 sp=0xf66aabc4 mode 2
Event: 3,940 Thread 0xf6508800 Uncommon trap: trap_request=0xffffff65 fr.pc=0xe7a1c2c4
Event: 3,940 Thread 0xf6508800 DEOPT PACKING pc=0xe7a1c2c4 sp=0xf66aabb0
Event: 3,940 Thread 0xf6508800 DEOPT UNPACKING pc=0xe753abd5 sp=0xf66aaba8 mode 2
Event: 3,940 Thread 0xf6508800 Uncommon trap: trap_request=0xffffff65 fr.pc=0xe7a147d4
Event: 3,940 Thread 0xf6508800 DEOPT PACKING pc=0xe7a147d4 sp=0xf66aac10
Event: 3,940 Thread 0xf6508800 DEOPT UNPACKING pc=0xe753abd5 sp=0xf66aabe4 mode 2
Event: 4,008 Executing VM operation: ParallelGCFailedAllocation


Dynamic libraries:
08048000-08049000 r-xp 00000000 08:11 4460985                            /usr/java/jdk1.8.0_40/bin/java
08049000-0804a000 rw-p 00000000 08:11 4460985                            /usr/java/jdk1.8.0_40/bin/java
092cc000-09ceb000 rw-p 00000000 00:00 0                                  [heap]
a3200000-a3230000 rw-p 00000000 00:00 0 
a3230000-a3300000 ---p 00000000 00:00 0 
a3300000-a339b000 rw-p 00000000 00:00 0 
a339b000-a3400000 ---p 00000000 00:00 0 
a3400000-a34c0000 rw-p 00000000 00:00 0 
a34c0000-a3500000 ---p 00000000 00:00 0 
a3500000-a35fa000 rw-p 00000000 00:00 0 
a35fa000-a3600000 ---p 00000000 00:00 0 
a3600000-a36fa000 rw-p 00000000 00:00 0 
a36fa000-a3700000 ---p 00000000 00:00 0 
a3700000-a3800000 rw-p 00000000 00:00 0 
a38db000-a38dc000 ---p 00000000 00:00 0 
a38dc000-a395c000 rw-p 00000000 00:00 0                                  [stack:7131]
a395c000-a395f000 ---p 00000000 00:00 0 
a395f000-a39ad000 rw-p 00000000 00:00 0                                  [stack:7130]
a39ad000-a39b0000 ---p 00000000 00:00 0 
a39b0000-a3a2e000 rw-p 00000000 00:00 0                                  [stack:7129]
a3a2e000-a3a31000 ---p 00000000 00:00 0 
a3a31000-a3aaf000 rw-p 00000000 00:00 0                                  [stack:7128]
a3aaf000-a3ab2000 ---p 00000000 00:00 0 
a3ab2000-a3b00000 rw-p 00000000 00:00 0                                  [stack:7127]
a3b00000-a3d00000 r--p 00000000 08:11 4335064                            /usr/lib/locale/locale-archive
a3d00000-a3e00000 rw-p 00000000 00:00 0 
a3e39000-a3e3c000 ---p 00000000 00:00 0 
a3e3c000-a3e8a000 rw-p 00000000 00:00 0                                  [stack:7126]
a3e8a000-a3e8d000 ---p 00000000 00:00 0 
a3e8d000-a3edb000 rw-p 00000000 00:00 0                                  [stack:7125]
a3edb000-a40b4000 r--s 03cc2000 08:11 4594709                            /usr/java/jdk1.8.0_40/jre/lib/rt.jar
a40b4000-a44fa000 rw-p 00000000 00:00 0 
a44fa000-a4500000 ---p 00000000 00:00 0 
a4500000-a6900000 rw-p 00000000 00:00 0 
a6900000-a69ff000 rw-p 00000000 00:00 0 
a69ff000-a6a00000 ---p 00000000 00:00 0 
a6a30000-a6a31000 ---p 00000000 00:00 0 
a6a31000-a6b00000 rw-p 00000000 00:00 0                                  [stack:7124]
a6b00000-a6b21000 rw-p 00000000 00:00 0 
a6b21000-a6c00000 ---p 00000000 00:00 0 
a6c4e000-a6cba000 rw-p 00000000 00:00 0 
a6cba000-a6dff000 ---p 00000000 00:00 0 
a6dff000-a6e10000 rw-p 00000000 00:00 0 
a6e10000-a6f54000 ---p 00000000 00:00 0 
a6f54000-a6fc5000 rw-p 00000000 00:00 0 
a6fc5000-a6fff000 ---p 00000000 00:00 0 
a6fff000-a9180000 rw-p 00000000 00:00 0 
a9180000-d1ac0000 ---p 00000000 00:00 0 
d1ac0000-dfa40000 rw-p 00000000 00:00 0 
e6fe0000-e6fe7000 r--s 00000000 08:11 4461866                            /usr/lib/gconv/gconv-modules.cache
e6fe7000-e700d000 r--p 00000000 08:11 6031528                            /usr/share/locale/de/LC_MESSAGES/libc.mo
e700d000-e7017000 r--s 0021b000 08:11 5117752                            /usr/java/jdk1.8.0_40/jre/lib/ext/localedata.jar
e7017000-e7026000 r--s 000dd000 08:11 2230220                            /home/georg/Android/Sdk/build-tools/21.1.2/lib/dx.jar
e7026000-e703e000 rw-p 00000000 00:00 0 
e703e000-e703f000 ---p 00000000 00:00 0 
e703f000-e70bf000 rw-p 00000000 00:00 0                                  [stack:7123]
e70bf000-e70c0000 ---p 00000000 00:00 0 
e70c0000-e715b000 rw-p 00000000 00:00 0                                  [stack:7122]
e715b000-e7500000 ---p 00000000 00:00 0 
e7500000-e7b98000 rwxp 00000000 00:00 0 
e7b98000-f6500000 ---p 00000000 00:00 0 
f6500000-f65fa000 rw-p 00000000 00:00 0 
f65fa000-f6600000 ---p 00000000 00:00 0 
f6604000-f6606000 rw-p 00000000 00:00 0 
f6606000-f660b000 r--s 00093000 08:11 4594706                            /usr/java/jdk1.8.0_40/jre/lib/jsse.jar
f660b000-f6624000 r-xp 00000000 08:11 5250921                            /usr/java/jdk1.8.0_40/jre/lib/i386/libzip.so
f6624000-f6625000 rw-p 00018000 08:11 5250921                            /usr/java/jdk1.8.0_40/jre/lib/i386/libzip.so
f6625000-f662d000 rw-s 00000000 00:24 1514841                            /tmp/hsperfdata_georg/7116
f662d000-f6651000 r-xp 00000000 08:11 5250464                            /usr/java/jdk1.8.0_40/jre/lib/i386/libjava.so
f6651000-f6652000 rw-p 00023000 08:11 5250464                            /usr/java/jdk1.8.0_40/jre/lib/i386/libjava.so
f6652000-f6659000 r-xp 00000000 08:11 4335227                            /usr/lib/librt-2.20.so
f6659000-f665a000 r--p 00006000 08:11 4335227                            /usr/lib/librt-2.20.so
f665a000-f665b000 rw-p 00007000 08:11 4335227                            /usr/lib/librt-2.20.so
f665b000-f665e000 ---p 00000000 00:00 0 
f665e000-f66ac000 rw-p 00000000 00:00 0                                  [stack:7120]
f66ac000-f66f7000 r-xp 00000000 08:11 4335205                            /usr/lib/libm-2.20.so
f66f7000-f66f8000 r--p 0004b000 08:11 4335205                            /usr/lib/libm-2.20.so
f66f8000-f66f9000 rw-p 0004c000 08:11 4335205                            /usr/lib/libm-2.20.so
f66f9000-f706c000 r-xp 00000000 08:11 5250925                            /usr/java/jdk1.8.0_40/jre/lib/i386/server/libjvm.so
f706c000-f70d8000 rw-p 00973000 08:11 5250925                            /usr/java/jdk1.8.0_40/jre/lib/i386/server/libjvm.so
f70d8000-f74fe000 rw-p 00000000 00:00 0 
f74fe000-f76c3000 r-xp 00000000 08:11 4335197                            /usr/lib/libc-2.20.so
f76c3000-f76c6000 r--p 001c4000 08:11 4335197                            /usr/lib/libc-2.20.so
f76c6000-f76c8000 rw-p 001c7000 08:11 4335197                            /usr/lib/libc-2.20.so
f76c8000-f76cb000 rw-p 00000000 00:00 0 
f76cb000-f76ce000 r-xp 00000000 08:11 4335203                            /usr/lib/libdl-2.20.so
f76ce000-f76cf000 r--p 00002000 08:11 4335203                            /usr/lib/libdl-2.20.so
f76cf000-f76d0000 rw-p 00003000 08:11 4335203                            /usr/lib/libdl-2.20.so
f76d0000-f76e4000 r-xp 00000000 08:11 5899291                            /usr/java/jdk1.8.0_40/lib/i386/jli/libjli.so
f76e4000-f76e5000 rw-p 00014000 08:11 5899291                            /usr/java/jdk1.8.0_40/lib/i386/jli/libjli.so
f76e5000-f76fc000 r-xp 00000000 08:11 4335223                            /usr/lib/libpthread-2.20.so
f76fc000-f76fd000 r--p 00016000 08:11 4335223                            /usr/lib/libpthread-2.20.so
f76fd000-f76fe000 rw-p 00017000 08:11 4335223                            /usr/lib/libpthread-2.20.so
f76fe000-f7700000 rw-p 00000000 00:00 0 
f7700000-f770c000 r-xp 00000000 08:11 4335215                            /usr/lib/libnss_files-2.20.so
f770c000-f770d000 r--p 0000b000 08:11 4335215                            /usr/lib/libnss_files-2.20.so
f770d000-f770e000 rw-p 0000c000 08:11 4335215                            /usr/lib/libnss_files-2.20.so
f770e000-f770f000 rw-p 00000000 00:00 0 
f770f000-f7710000 ---p 00000000 00:00 0 
f7710000-f771b000 r-xp 00000000 08:11 5250920                            /usr/java/jdk1.8.0_40/jre/lib/i386/libverify.so
f771b000-f771c000 rw-p 0000b000 08:11 5250920                            /usr/java/jdk1.8.0_40/jre/lib/i386/libverify.so
f771c000-f771d000 rw-p 00000000 00:00 0 
f771d000-f771f000 r--p 00000000 00:00 0                                  [vvar]
f771f000-f7720000 r-xp 00000000 00:00 0                                  [vdso]
f7720000-f7742000 r-xp 00000000 08:11 4335190                            /usr/lib/ld-2.20.so
f7742000-f7743000 r--p 00021000 08:11 4335190                            /usr/lib/ld-2.20.so
f7743000-f7744000 rw-p 00022000 08:11 4335190                            /usr/lib/ld-2.20.so
ffa17000-ffa18000 rwxp 00000000 00:00 0 
ffa49000-ffa6b000 rw-p 00000000 00:00 0                                  [stack]

VM Arguments:
jvm_args: -Xmx1024M -Dfile.encoding=UTF-8 -Duser.country=DE -Duser.language=de -Duser.variant 
java_command: com.android.dx.command.Main --dex --output /run/media/georg/7C94DBD194DB8BD0/Android/HfTL-App/app/build/intermediates/dex/debug /run/media/georg/7C94DBD194DB8BD0/Android/HfTL-App/app/build/intermediates/classes/debug /run/media/georg/7C94DBD194DB8BD0/Android/HfTL-App/app/build/intermediates/pre-dexed/debug/support-annotations-22.0.0-69010316c801077c4fefe3a8c8f5e9cd871c5389.jar /run/media/georg/7C94DBD194DB8BD0/Android/HfTL-App/app/build/intermediates/pre-dexed/debug/classes-5c2e67d68fe1096c7405d20e71017d1a145f891c.jar /run/media/georg/7C94DBD194DB8BD0/Android/HfTL-App/app/build/intermediates/pre-dexed/debug/classes-d9717e1d7829f1d249527e85dbd0c6617cc23f1c.jar /run/media/georg/7C94DBD194DB8BD0/Android/HfTL-App/app/build/intermediates/pre-dexed/debug/classes-1af7863abfafc56a4ee6fc983b022a3ce05f7a46.jar /run/media/georg/7C94DBD194DB8BD0/Android/HfTL-App/app/build/intermediates/pre-dexed/debug/classes-c5b798c42be155bc8d92c21202f3cd00bca63c12.jar /run/media/georg/7C94DBD194DB8BD0/Android/HfTL-App/app/build/intermediates/pre-dexed/debug/classes-c62614e63b89b91cde836054eb2958d7ec092683.jar /run/media/georg/7C94DBD194DB8BD0/Android/HfTL-App/app/build/intermediates/pre-dexed/debug/classes-8fa37b1bf241ee15319c82c05daa7a66cc01d2f6.jar /run/media/georg/7C94DBD194DB8BD0/Android/HfTL-App/app/build/intermediates/pre-dexed/debug/classes-7c82cfdbe4879f21e3bc905af9b95b75e7befd03.jar /run/media/georg/7C94DBD194DB8BD0/Android/HfTL-App/app/build/intermediates/pre-dexed/debug/classes-b619f3ac11d39a8237363349769e6cce9d68a0b2.jar /run/media/georg/7C94DBD194DB8BD0/Android/HfTL-App/app/build/intermediates/pre-dexed/debug/classes-d219c108cb02bd952842f9a8ea5b1b67c226c325.jar /run/media/georg/7C94DBD194DB8BD0/Android/HfTL-App/app/build/intermediates/pre-dexed/debug/classes-38830d4b6f92cc064bd9ddb3a8a854fcabb0a395.jar /run/media/georg/7C94DBD194DB8BD0/Android/HfTL-App/app/build/intermediates/pre-dexed/debug/classes-5992e4e352787cb1150f8e597c54b64da191b483.jar /run/media/georg/7C9
java_class_path (initial): /home/georg/Android/Sdk/build-tools/21.1.2/lib/dx.jar
Launcher Type: SUN_STANDARD

Environment Variables:
JAVA_HOME=/usr/java/jdk1.8.0_40
CLASSPATH=./android-studio/bin/../lib/bootstrap.jar:./android-studio/bin/../lib/extensions.jar:./android-studio/bin/../lib/util.jar:./android-studio/bin/../lib/jdom.jar:./android-studio/bin/../lib/log4j.jar:./android-studio/bin/../lib/trove4j.jar:./android-studio/bin/../lib/jna.jar:/usr/java/jdk1.8.0_40/lib/tools.jar
PATH=/usr/local/bin:/usr/local/sbin:/usr/bin:/usr/sbin:/bin:/sbin:/home/georg/.local/bin:/home/georg/bin
USERNAME=georg
LD_LIBRARY_PATH=./android-studio/bin:
SHELL=/bin/bash
DISPLAY=:0

Signal Handlers:
SIGSEGV: [libjvm.so+0x8c2ab0], sa_mask[0]=11111111011111111101111111111110, sa_flags=SA_RESTART|SA_SIGINFO
SIGBUS: [libjvm.so+0x8c2ab0], sa_mask[0]=11111111011111111101111111111110, sa_flags=SA_RESTART|SA_SIGINFO
SIGFPE: [libjvm.so+0x7433e0], sa_mask[0]=11111111011111111101111111111110, sa_flags=SA_RESTART|SA_SIGINFO
SIGPIPE: [libjvm.so+0x7433e0], sa_mask[0]=11111111011111111101111111111110, sa_flags=SA_RESTART|SA_SIGINFO
SIGXFSZ: [libjvm.so+0x7433e0], sa_mask[0]=11111111011111111101111111111110, sa_flags=SA_RESTART|SA_SIGINFO
SIGILL: [libjvm.so+0x7433e0], sa_mask[0]=11111111011111111101111111111110, sa_flags=SA_RESTART|SA_SIGINFO
SIGUSR1: SIG_DFL, sa_mask[0]=00000000000000000000000000000000, sa_flags=none
SIGUSR2: [libjvm.so+0x744970], sa_mask[0]=00100000000000000000000000000000, sa_flags=SA_RESTART|SA_SIGINFO
SIGHUP: [libjvm.so+0x745e20], sa_mask[0]=11111111011111111101111111111110, sa_flags=SA_RESTART|SA_SIGINFO
SIGINT: [libjvm.so+0x745e20], sa_mask[0]=11111111011111111101111111111110, sa_flags=SA_RESTART|SA_SIGINFO
SIGTERM: [libjvm.so+0x745e20], sa_mask[0]=11111111011111111101111111111110, sa_flags=SA_RESTART|SA_SIGINFO
SIGQUIT: [libjvm.so+0x745e20], sa_mask[0]=11111111011111111101111111111110, sa_flags=SA_RESTART|SA_SIGINFO


---------------  S Y S T E M  ---------------

OS:Fedora release 21 (Twenty One)

uname:Linux 3.17.4-301.fc21.x86_64 #1 SMP Thu Nov 27 19:09:10 UTC 2014 x86_64
libc:glibc 2.20 NPTL 2.20 
rlimit: STACK 8192k, CORE 0k, NPROC 4096, NOFILE 4096, AS infinity
load average:1,19 0,72 0,64

/proc/meminfo:
MemTotal:        3273928 kB
MemFree:           77876 kB
MemAvailable:      48136 kB
Buffers:            1304 kB
Cached:            29536 kB
SwapCached:            0 kB
Active:          3005148 kB
Inactive:          16160 kB
Active(anon):    2991804 kB
Inactive(anon):     5096 kB
Active(file):      13344 kB
Inactive(file):    11064 kB
Unevictable:          48 kB
Mlocked:              48 kB
SwapTotal:             0 kB
SwapFree:              0 kB
Dirty:               328 kB
Writeback:             0 kB
AnonPages:       2990552 kB
Mapped:            24280 kB
Shmem:              6416 kB
Slab:              69896 kB
SReclaimable:      28732 kB
SUnreclaim:        41164 kB
KernelStack:        7856 kB
PageTables:        32744 kB
NFS_Unstable:          0 kB
Bounce:                0 kB
WritebackTmp:          0 kB
CommitLimit:     1636964 kB
Committed_AS:    5542132 kB
VmallocTotal:   34359738367 kB
VmallocUsed:      344312 kB
VmallocChunk:   34359375996 kB
HardwareCorrupted:     0 kB
AnonHugePages:         0 kB
HugePages_Total:       0
HugePages_Free:        0
HugePages_Rsvd:        0
HugePages_Surp:        0
Hugepagesize:       2048 kB
DirectMap4k:       81600 kB
DirectMap2M:     3260416 kB


CPU:total 2 (2 cores per cpu, 1 threads per core) family 6 model 23 stepping 10, cmov, cx8, fxsr, mmx, sse, sse2, sse3, ssse3, sse4.1, tsc

/proc/cpuinfo:
processor	: 0
vendor_id	: GenuineIntel
cpu family	: 6
model		: 23
model name	: Intel(R) Core(TM)2 Duo CPU     E8400  @ 3.00GHz
stepping	: 10
microcode	: 0xa0b
cpu MHz		: 2336.000
cache size	: 6144 KB
physical id	: 0
siblings	: 2
core id		: 0
cpu cores	: 2
apicid		: 0
initial apicid	: 0
fpu		: yes
fpu_exception	: yes
cpuid level	: 13
wp		: yes
flags		: fpu vme de pse tsc msr pae mce cx8 apic sep mtrr pge mca cmov pat pse36 clflush dts acpi mmx fxsr sse sse2 ss ht tm pbe syscall nx lm constant_tsc arch_perfmon pebs bts rep_good nopl aperfmperf pni dtes64 monitor ds_cpl vmx smx est tm2 ssse3 cx16 xtpr pdcm sse4_1 xsave lahf_lm dtherm tpr_shadow vnmi flexpriority
bugs		:
bogomips	: 5999.41
clflush size	: 64
cache_alignment	: 64
address sizes	: 36 bits physical, 48 bits virtual
power management:

processor	: 1
vendor_id	: GenuineIntel
cpu family	: 6
model		: 23
model name	: Intel(R) Core(TM)2 Duo CPU     E8400  @ 3.00GHz
stepping	: 10
microcode	: 0xa0b
cpu MHz		: 2670.000
cache size	: 6144 KB
physical id	: 0
siblings	: 2
core id		: 1
cpu cores	: 2
apicid		: 1
initial apicid	: 1
fpu		: yes
fpu_exception	: yes
cpuid level	: 13
wp		: yes
flags		: fpu vme de pse tsc msr pae mce cx8 apic sep mtrr pge mca cmov pat pse36 clflush dts acpi mmx fxsr sse sse2 ss ht tm pbe syscall nx lm constant_tsc arch_perfmon pebs bts rep_good nopl aperfmperf pni dtes64 monitor ds_cpl vmx smx est tm2 ssse3 cx16 xtpr pdcm sse4_1 xsave lahf_lm dtherm tpr_shadow vnmi flexpriority
bugs		:
bogomips	: 5999.41
clflush size	: 64
cache_alignment	: 64
address sizes	: 36 bits physical, 48 bits virtual
power management:



Memory: 4k page, physical 3273928k(77876k free), swap 0k(0k free)

vm_info: Java HotSpot(TM) Server VM (25.40-b25) for linux-x86 JRE (1.8.0_40-b26), built on Mar  7 2015 13:49:45 by "java_re" with gcc 4.3.0 20080428 (Red Hat 4.3.0-8)

time: Thu Apr  2 16:14:31 2015
elapsed time: 4 seconds (0d 0h 0m 4s)

