#
# There is insufficient memory for the Java Runtime Environment to continue.
# Native memory allocation (mmap) failed to map 66584576 bytes for committing reserved memory.
# Possible reasons:
#   The system is out of physical RAM or swap space
#   In 32 bit mode, the process size limit was hit
# Possible solutions:
#   Reduce memory load on the system
#   Increase physical memory or swap space
#   Check if swap backing store is full
#   Use 64 bit Java on a 64 bit OS
#   Decrease Java heap size (-Xmx/-Xms)
#   Decrease number of Java threads
#   Decrease Java thread stack sizes (-Xss)
#   Set larger code cache with -XX:ReservedCodeCacheSize=
# This output file may be truncated or incomplete.
#
#  Out of Memory Error (os_linux.cpp:2673), pid=7509, tid=2796227392
#
# JRE version: Java(TM) SE Runtime Environment (8.0_40-b26) (build 1.8.0_40-b26)
# Java VM: Java HotSpot(TM) Server VM (25.40-b25 mixed mode linux-x86 )
# Failed to write core dump. Core dumps have been disabled. To enable core dumping, try "ulimit -c unlimited" before starting Java again
#

---------------  T H R E A D  ---------------

Current thread (0xa3d10400):  VMThread [stack: 0xa6a30000,0xa6ab1000] [id=7516]

Stack: [0xa6a30000,0xa6ab1000],  sp=0xa6aaf6b0,  free space=509k
Native frames: (J=compiled Java code, j=interpreted, Vv=VM code, C=native code)
V  [libjvm.so+0x8c1fdf]  VMError::report_and_die()+0x16f
V  [libjvm.so+0x3864a5]  report_vm_out_of_memory(char const*, int, unsigned int, VMErrorType, char const*)+0x55
V  [libjvm.so+0x7468b6]  os::Linux::commit_memory_impl(char*, unsigned int, bool)+0xe6
V  [libjvm.so+0x746cd8]  os::pd_commit_memory(char*, unsigned int, unsigned int, bool)+0x28
V  [libjvm.so+0x7403fc]  os::commit_memory(char*, unsigned int, unsigned int, bool)+0x2c
V  [libjvm.so+0x7aa6a8]  PSVirtualSpace::expand_by(unsigned int)+0x48
V  [libjvm.so+0x7ab7aa]  PSYoungGen::resize_generation(unsigned int, unsigned int)+0xda
V  [libjvm.so+0x7aaad9]  PSYoungGen::resize(unsigned int, unsigned int)+0x19
V  [libjvm.so+0x7a83fd]  PSScavenge::invoke_no_policy()+0xd4d
V  [libjvm.so+0x7a8bc8]  PSScavenge::invoke()+0x28
V  [libjvm.so+0x767e9a]  ParallelScavengeHeap::failed_mem_allocate(unsigned int)+0x5a
V  [libjvm.so+0x8c38aa]  VM_ParallelGCFailedAllocation::doit()+0x7a
V  [libjvm.so+0x8ccac7]  VM_Operation::evaluate()+0x47
V  [libjvm.so+0x8caba3]  VMThread::evaluate_operation(VM_Operation*)+0xb3
V  [libjvm.so+0x8caf40]  VMThread::loop()+0x1b0
V  [libjvm.so+0x8cb3a5]  VMThread::run()+0x85
V  [libjvm.so+0x749159]  java_start(Thread*)+0x119
C  [libpthread.so.0+0x6313]  start_thread+0xd3

VM_Operation (0xf66cbcc4): ParallelGCFailedAllocation, mode: safepoint, requested by thread 0xf6508800


---------------  P R O C E S S  ---------------

Java Threads: ( => current thread )
  0xa3d37800 JavaThread "Service Thread" daemon [_thread_blocked, id=7522, stack(0xa395c000,0xa39ad000)]
  0xa3d34800 JavaThread "C1 CompilerThread1" daemon [_thread_blocked, id=7521, stack(0xa39ad000,0xa3a2e000)]
  0xa3d32800 JavaThread "C2 CompilerThread0" daemon [_thread_blocked, id=7520, stack(0xa3a2e000,0xa3aaf000)]
  0xa3d30c00 JavaThread "Signal Dispatcher" daemon [_thread_blocked, id=7519, stack(0xa3aaf000,0xa3b00000)]
  0xa3d15000 JavaThread "Finalizer" daemon [_thread_blocked, id=7518, stack(0xa3e39000,0xa3e8a000)]
  0xa3d13800 JavaThread "Reference Handler" daemon [_thread_blocked, id=7517, stack(0xa3e8a000,0xa3edb000)]
  0xf6508800 JavaThread "main" [_thread_blocked, id=7513, stack(0xf667c000,0xf66cd000)]

Other Threads:
=>0xa3d10400 VMThread [stack: 0xa6a30000,0xa6ab1000] [id=7516]
  0xa3d39400 WatcherThread [stack: 0xa38db000,0xa395c000] [id=7523]

VM state:at safepoint (normal execution)

VM Mutex/Monitor currently owned by a thread:  ([mutex/lock_event])
[0xf6506818] Threads_lock - owner thread: 0xa3d10400
[0xf6506c28] Heap_lock - owner thread: 0xf6508800

Heap:
 PSYoungGen      total 169216K, used 8445K [0xd1ac0000, 0xdc900000, 0xe7000000)
  eden space 160512K, 0% used [0xd1ac0000,0xd1ac0000,0xdb780000)
  from space 8704K, 97% used [0xdb780000,0xdbfbf438,0xdc000000)
  to   space 8192K, 0% used [0xdc000000,0xdc000000,0xdc800000)
 ParOldGen       total 42240K, used 22431K [0xa7000000, 0xa9940000, 0xd1ac0000)
  object space 42240K, 53% used [0xa7000000,0xa85e7f98,0xa9940000)
 Metaspace       used 5049K, capacity 5132K, committed 5272K, reserved 5424K

Card table byte_map: [0xa6dff000,0xa7000000] byte_map_base: 0xa68c7000

Marking Bits: (ParMarkBitMap*) 0xf710a6e0
 Begin Bits: [0xa4900000, 0xa5900000)
 End Bits:   [0xa5900000, 0xa6900000)

Polling page: 0xf7730000

CodeCache: size=245760Kb used=7002Kb max_used=7011Kb free=238757Kb
 bounds [0xe7500000, 0xe7be0000, 0xf6500000]
 total_blobs=2730 nmethods=2559 adapters=86
 compilation: enabled

Compilation events (10 events):
Event: 4,340 Thread 0xa3d32800 nmethod 2568 0xe7bd92c8 code [0xe7bd93e0, 0xe7bd95b0]
Event: 4,340 Thread 0xa3d32800 2570       4       com.android.dx.io.instructions.InstructionCodec$33::decode (99 bytes)
Event: 4,370 Thread 0xa3d32800 nmethod 2570 0xe7bdd5c8 code [0xe7bdd760, 0xe7bde4fc]
Event: 4,370 Thread 0xa3d32800 2569       4       com.android.dx.io.instructions.InstructionCodec$11::encode (22 bytes)
Event: 4,372 Thread 0xa3d32800 nmethod 2569 0xe7bd8188 code [0xe7bd82a0, 0xe7bd84b0]
Event: 4,372 Thread 0xa3d32800 2567       4       com.android.dx.io.instructions.ZeroRegisterDecodedInstruction::withIndex (29 bytes)
Event: 4,378 Thread 0xa3d32800 nmethod 2567 0xe7bd2748 code [0xe7bd2860, 0xe7bd2a50]
Event: 4,378 Thread 0xa3d32800 2541       4       com.android.dx.merge.IndexMap::adjust (53 bytes)
Event: 4,382 Thread 0xa3d34800 2572       3       java.util.Locale::equals (75 bytes)
Event: 4,382 Thread 0xa3d34800 nmethod 2572 0xe7bd4608 code [0xe7bd4780, 0xe7bd4db8]

GC Heap History (10 events):
Event: 2,885 GC heap after
Heap after GC invocations=7 (full 0):
 PSYoungGen      total 57600K, used 3693K [0xd1ac0000, 0xd8b40000, 0xe7000000)
  eden space 51200K, 0% used [0xd1ac0000,0xd1ac0000,0xd4cc0000)
  from space 6400K, 57% used [0xd4cc0000,0xd505b4e8,0xd5300000)
  to   space 6400K, 0% used [0xd8500000,0xd8500000,0xd8b40000)
 ParOldGen       total 34304K, used 14527K [0xa7000000, 0xa9180000, 0xd1ac0000)
  object space 34304K, 42% used [0xa7000000,0xa7e2ff28,0xa9180000)
 Metaspace       used 5022K, capacity 5068K, committed 5144K, reserved 5424K
}
Event: 3,042 GC heap before
{Heap before GC invocations=8 (full 0):
 PSYoungGen      total 57600K, used 54893K [0xd1ac0000, 0xd8b40000, 0xe7000000)
  eden space 51200K, 100% used [0xd1ac0000,0xd4cc0000,0xd4cc0000)
  from space 6400K, 57% used [0xd4cc0000,0xd505b4e8,0xd5300000)
  to   space 6400K, 0% used [0xd8500000,0xd8500000,0xd8b40000)
 ParOldGen       total 34304K, used 14527K [0xa7000000, 0xa9180000, 0xd1ac0000)
  object space 34304K, 42% used [0xa7000000,0xa7e2ff28,0xa9180000)
 Metaspace       used 5042K, capacity 5068K, committed 5144K, reserved 5424K
Event: 3,059 GC heap after
Heap after GC invocations=8 (full 0):
 PSYoungGen      total 107008K, used 6387K [0xd1ac0000, 0xd8ec0000, 0xe7000000)
  eden space 100608K, 0% used [0xd1ac0000,0xd1ac0000,0xd7d00000)
  from space 6400K, 99% used [0xd8500000,0xd8b3cde0,0xd8b40000)
  to   space 8192K, 0% used [0xd7d00000,0xd7d00000,0xd8500000)
 ParOldGen       total 34304K, used 17249K [0xa7000000, 0xa9180000, 0xd1ac0000)
  object space 34304K, 50% used [0xa7000000,0xa80d8470,0xa9180000)
 Metaspace       used 5042K, capacity 5068K, committed 5144K, reserved 5424K
}
Event: 3,381 GC heap before
{Heap before GC invocations=9 (full 0):
 PSYoungGen      total 107008K, used 103705K [0xd1ac0000, 0xd8ec0000, 0xe7000000)
  eden space 100608K, 96% used [0xd1ac0000,0xd79c96a0,0xd7d00000)
  from space 6400K, 99% used [0xd8500000,0xd8b3cde0,0xd8b40000)
  to   space 8192K, 0% used [0xd7d00000,0xd7d00000,0xd8500000)
 ParOldGen       total 34304K, used 17249K [0xa7000000, 0xa9180000, 0xd1ac0000)
  object space 34304K, 50% used [0xa7000000,0xa80d8470,0xa9180000)
 Metaspace       used 5042K, capacity 5068K, committed 5144K, reserved 5424K
Event: 3,400 GC heap after
Heap after GC invocations=9 (full 0):
 PSYoungGen      total 108800K, used 5604K [0xd1ac0000, 0xdc800000, 0xe7000000)
  eden space 100608K, 0% used [0xd1ac0000,0xd1ac0000,0xd7d00000)
  from space 8192K, 68% used [0xd7d00000,0xd82792b0,0xd8500000)
  to   space 8192K, 0% used [0xdc000000,0xdc000000,0xdc800000)
 ParOldGen       total 34304K, used 23900K [0xa7000000, 0xa9180000, 0xd1ac0000)
  object space 34304K, 69% used [0xa7000000,0xa8757220,0xa9180000)
 Metaspace       used 5042K, capacity 5068K, committed 5144K, reserved 5424K
}
Event: 3,789 GC heap before
{Heap before GC invocations=10 (full 0):
 PSYoungGen      total 108800K, used 106212K [0xd1ac0000, 0xdc800000, 0xe7000000)
  eden space 100608K, 100% used [0xd1ac0000,0xd7d00000,0xd7d00000)
  from space 8192K, 68% used [0xd7d00000,0xd82792b0,0xd8500000)
  to   space 8192K, 0% used [0xdc000000,0xdc000000,0xdc800000)
 ParOldGen       total 34304K, used 23900K [0xa7000000, 0xa9180000, 0xd1ac0000)
  object space 34304K, 69% used [0xa7000000,0xa8757220,0xa9180000)
 Metaspace       used 5045K, capacity 5100K, committed 5144K, reserved 5424K
Event: 3,808 GC heap after
Heap after GC invocations=10 (full 0):
 PSYoungGen      total 168704K, used 7689K [0xd1ac0000, 0xdc900000, 0xe7000000)
  eden space 160512K, 0% used [0xd1ac0000,0xd1ac0000,0xdb780000)
  from space 8192K, 93% used [0xdc000000,0xdc7825f8,0xdc800000)
  to   space 8704K, 0% used [0xdb780000,0xdb780000,0xdc000000)
 ParOldGen       total 34304K, used 31099K [0xa7000000, 0xa9180000, 0xd1ac0000)
  object space 34304K, 90% used [0xa7000000,0xa8e5ec18,0xa9180000)
 Metaspace       used 5045K, capacity 5100K, committed 5144K, reserved 5424K
}
Event: 3,808 GC heap before
{Heap before GC invocations=11 (full 1):
 PSYoungGen      total 168704K, used 7689K [0xd1ac0000, 0xdc900000, 0xe7000000)
  eden space 160512K, 0% used [0xd1ac0000,0xd1ac0000,0xdb780000)
  from space 8192K, 93% used [0xdc000000,0xdc7825f8,0xdc800000)
  to   space 8704K, 0% used [0xdb780000,0xdb780000,0xdc000000)
 ParOldGen       total 34304K, used 31099K [0xa7000000, 0xa9180000, 0xd1ac0000)
  object space 34304K, 90% used [0xa7000000,0xa8e5ec18,0xa9180000)
 Metaspace       used 5045K, capacity 5100K, committed 5144K, reserved 5424K
Event: 3,905 GC heap after
Heap after GC invocations=11 (full 1):
 PSYoungGen      total 168704K, used 0K [0xd1ac0000, 0xdc900000, 0xe7000000)
  eden space 160512K, 0% used [0xd1ac0000,0xd1ac0000,0xdb780000)
  from space 8192K, 0% used [0xdc000000,0xdc000000,0xdc800000)
  to   space 8704K, 0% used [0xdb780000,0xdb780000,0xdc000000)
 ParOldGen       total 42240K, used 18568K [0xa7000000, 0xa9940000, 0xd1ac0000)
  object space 42240K, 43% used [0xa7000000,0xa82222c0,0xa9940000)
 Metaspace       used 5045K, capacity 5100K, committed 5144K, reserved 5424K
}
Event: 4,382 GC heap before
{Heap before GC invocations=12 (full 1):
 PSYoungGen      total 168704K, used 160091K [0xd1ac0000, 0xdc900000, 0xe7000000)
  eden space 160512K, 99% used [0xd1ac0000,0xdb716ee0,0xdb780000)
  from space 8192K, 0% used [0xdc000000,0xdc000000,0xdc800000)
  to   space 8704K, 0% used [0xdb780000,0xdb780000,0xdc000000)
 ParOldGen       total 42240K, used 18568K [0xa7000000, 0xa9940000, 0xd1ac0000)
  object space 42240K, 43% used [0xa7000000,0xa82222c0,0xa9940000)
 Metaspace       used 5049K, capacity 5132K, committed 5272K, reserved 5424K

Deoptimization events (10 events):
Event: 2,050 Thread 0xf6508800 Uncommon trap: reason=unstable_if action=reinterpret pc=0xe79939a8 method=com.android.dx.util.ByteArrayAnnotatedOutput.writeByte(I)V @ 13
Event: 2,064 Thread 0xf6508800 Uncommon trap: reason=unstable_if action=reinterpret pc=0xe7851504 method=java.util.Arrays.copyOf([Ljava/lang/Object;ILjava/lang/Class;)[Ljava/lang/Object; @ 3
Event: 2,067 Thread 0xf6508800 Uncommon trap: reason=class_check action=maybe_recompile pc=0xe793c028 method=java.util.HashMap.putVal(ILjava/lang/Object;Ljava/lang/Object;ZZ)Ljava/lang/Object; @ 56
Event: 2,067 Thread 0xf6508800 Uncommon trap: reason=class_check action=maybe_recompile pc=0xe793c028 method=java.util.HashMap.putVal(ILjava/lang/Object;Ljava/lang/Object;ZZ)Ljava/lang/Object; @ 56
Event: 2,141 Thread 0xf6508800 Uncommon trap: reason=unstable_if action=reinterpret pc=0xe79bbeb8 method=java.util.HashMap.putVal(ILjava/lang/Object;Ljava/lang/Object;ZZ)Ljava/lang/Object; @ 162
Event: 2,235 Thread 0xf6508800 Uncommon trap: reason=class_check action=maybe_recompile pc=0xe7886ee8 method=java.util.ArrayList.<init>(Ljava/util/Collection;)V @ 6
Event: 2,242 Thread 0xf6508800 Uncommon trap: reason=class_check action=maybe_recompile pc=0xe7886ee8 method=java.util.ArrayList.<init>(Ljava/util/Collection;)V @ 6
Event: 2,258 Thread 0xf6508800 Uncommon trap: reason=predicate action=maybe_recompile pc=0xe7a24688 method=com.android.dex.Leb128.readUnsignedLeb128(Lcom/android/dex/util/ByteInput;)I @ 41
Event: 2,328 Thread 0xf6508800 Uncommon trap: reason=unstable_if action=reinterpret pc=0xe7935984 method=java.util.HashMap.getNode(ILjava/lang/Object;)Ljava/util/HashMap$Node; @ 84
Event: 2,329 Thread 0xf6508800 Uncommon trap: reason=unstable_if action=reinterpret pc=0xe792a6bc method=java.util.HashMap.getNode(ILjava/lang/Object;)Ljava/util/HashMap$Node; @ 84

Internal exceptions (6 events):
Event: 0,072 Thread 0xf6508800 Exception <a 'java/lang/NoSuchMethodError': Method sun.misc.Unsafe.defineClass(Ljava/lang/String;[BII)Ljava/lang/Class; name or signature does not match> (0xd1ad0348) thrown at [/HUDSON3/workspace/8-2-build-linux-i586/jdk8u40/3098/hotspot/src/share/vm/pri
Event: 0,072 Thread 0xf6508800 Exception <a 'java/lang/NoSuchMethodError': Method sun.misc.Unsafe.prefetchRead(Ljava/lang/Object;J)V name or signature does not match> (0xd1ad05c8) thrown at [/HUDSON3/workspace/8-2-build-linux-i586/jdk8u40/3098/hotspot/src/share/vm/prims/jni.cpp, line 3
Event: 2,234 Thread 0xf6508800 Exception <a 'java/security/PrivilegedActionException'> (0xd1bbb848) thrown at [/HUDSON3/workspace/8-2-build-linux-i586/jdk8u40/3098/hotspot/src/share/vm/prims/jvm.cpp, line 1382]
Event: 2,234 Thread 0xf6508800 Exception <a 'java/security/PrivilegedActionException'> (0xd1bbbb88) thrown at [/HUDSON3/workspace/8-2-build-linux-i586/jdk8u40/3098/hotspot/src/share/vm/prims/jvm.cpp, line 1382]
Event: 2,234 Thread 0xf6508800 Exception <a 'java/security/PrivilegedActionException'> (0xd1bbdde8) thrown at [/HUDSON3/workspace/8-2-build-linux-i586/jdk8u40/3098/hotspot/src/share/vm/prims/jvm.cpp, line 1382]
Event: 2,234 Thread 0xf6508800 Exception <a 'java/security/PrivilegedActionException'> (0xd1bbe128) thrown at [/HUDSON3/workspace/8-2-build-linux-i586/jdk8u40/3098/hotspot/src/share/vm/prims/jvm.cpp, line 1382]

Events (10 events):
Event: 3,250 Thread 0xf6508800 DEOPT UNPACKING pc=0xe753c310 sp=0xf66cba80 mode 0
Event: 3,381 Executing VM operation: ParallelGCFailedAllocation
Event: 3,400 Executing VM operation: ParallelGCFailedAllocation done
Event: 3,585 Thread 0xf6508800 DEOPT PACKING pc=0xe7a5373a sp=0xf66cbc20
Event: 3,585 Thread 0xf6508800 DEOPT UNPACKING pc=0xe753c310 sp=0xf66cba9c mode 0
Event: 3,788 Executing VM operation: ParallelGCFailedAllocation
Event: 3,905 Executing VM operation: ParallelGCFailedAllocation done
Event: 4,140 Executing VM operation: EnableBiasedLocking
Event: 4,145 Executing VM operation: EnableBiasedLocking done
Event: 4,382 Executing VM operation: ParallelGCFailedAllocation


Dynamic libraries:
08048000-08049000 r-xp 00000000 08:11 4460985                            /usr/java/jdk1.8.0_40/bin/java
08049000-0804a000 rw-p 00000000 08:11 4460985                            /usr/java/jdk1.8.0_40/bin/java
09592000-09969000 rw-p 00000000 00:00 0                                  [heap]
a3200000-a32e0000 rw-p 00000000 00:00 0 
a32e0000-a3300000 ---p 00000000 00:00 0 
a3300000-a337d000 rw-p 00000000 00:00 0 
a337d000-a3400000 ---p 00000000 00:00 0 
a3400000-a343a000 rw-p 00000000 00:00 0 
a343a000-a3500000 ---p 00000000 00:00 0 
a3500000-a35fb000 rw-p 00000000 00:00 0 
a35fb000-a3600000 ---p 00000000 00:00 0 
a3600000-a36ff000 rw-p 00000000 00:00 0 
a36ff000-a3700000 ---p 00000000 00:00 0 
a3700000-a3800000 rw-p 00000000 00:00 0 
a38db000-a38dc000 ---p 00000000 00:00 0 
a38dc000-a395c000 rw-p 00000000 00:00 0                                  [stack:7523]
a395c000-a395f000 ---p 00000000 00:00 0 
a395f000-a39ad000 rw-p 00000000 00:00 0                                  [stack:7522]
a39ad000-a39b0000 ---p 00000000 00:00 0 
a39b0000-a3a2e000 rw-p 00000000 00:00 0                                  [stack:7521]
a3a2e000-a3a31000 ---p 00000000 00:00 0 
a3a31000-a3aaf000 rw-p 00000000 00:00 0                                  [stack:7520]
a3aaf000-a3ab2000 ---p 00000000 00:00 0 
a3ab2000-a3b00000 rw-p 00000000 00:00 0                                  [stack:7519]
a3b00000-a3d00000 r--p 00000000 08:11 4335064                            /usr/lib/locale/locale-archive
a3d00000-a3e00000 rw-p 00000000 00:00 0 
a3e39000-a3e3c000 ---p 00000000 00:00 0 
a3e3c000-a3e8a000 rw-p 00000000 00:00 0                                  [stack:7518]
a3e8a000-a3e8d000 ---p 00000000 00:00 0 
a3e8d000-a3edb000 rw-p 00000000 00:00 0                                  [stack:7517]
a3edb000-a40b4000 r--s 03cc2000 08:11 4594709                            /usr/java/jdk1.8.0_40/jre/lib/rt.jar
a40b4000-a44fa000 rw-p 00000000 00:00 0 
a44fa000-a4500000 ---p 00000000 00:00 0 
a4500000-a6900000 rw-p 00000000 00:00 0 
a6900000-a69fe000 rw-p 00000000 00:00 0 
a69fe000-a6a00000 ---p 00000000 00:00 0 
a6a30000-a6a31000 ---p 00000000 00:00 0 
a6a31000-a6b00000 rw-p 00000000 00:00 0                                  [stack:7516]
a6b00000-a6b21000 rw-p 00000000 00:00 0 
a6b21000-a6c00000 ---p 00000000 00:00 0 
a6c4e000-a6cbe000 rw-p 00000000 00:00 0 
a6cbe000-a6dff000 ---p 00000000 00:00 0 
a6dff000-a6e14000 rw-p 00000000 00:00 0 
a6e14000-a6f54000 ---p 00000000 00:00 0 
a6f54000-a6fac000 rw-p 00000000 00:00 0 
a6fac000-a6fff000 ---p 00000000 00:00 0 
a6fff000-a9940000 rw-p 00000000 00:00 0 
a9940000-d1ac0000 ---p 00000000 00:00 0 
d1ac0000-dc900000 rw-p 00000000 00:00 0 
e06e6000-e0880000 rw-p 00000000 00:00 0 
e0880000-e7000000 ---p 00000000 00:00 0 
e7005000-e7007000 rw-p 00000000 00:00 0 
e7007000-e700e000 r--s 00000000 08:11 4461866                            /usr/lib/gconv/gconv-modules.cache
e700e000-e7034000 r--p 00000000 08:11 6031528                            /usr/share/locale/de/LC_MESSAGES/libc.mo
e7034000-e703e000 r--s 0021b000 08:11 5117752                            /usr/java/jdk1.8.0_40/jre/lib/ext/localedata.jar
e703e000-e703f000 ---p 00000000 00:00 0 
e703f000-e70bf000 rw-p 00000000 00:00 0                                  [stack:7515]
e70bf000-e70c0000 ---p 00000000 00:00 0 
e70c0000-e715c000 rw-p 00000000 00:00 0                                  [stack:7514]
e715c000-e7500000 ---p 00000000 00:00 0 
e7500000-e7be0000 rwxp 00000000 00:00 0 
e7be0000-f6500000 ---p 00000000 00:00 0 
f6500000-f65fa000 rw-p 00000000 00:00 0 
f65fa000-f6600000 ---p 00000000 00:00 0 
f6600000-f6605000 r--s 00093000 08:11 4594706                            /usr/java/jdk1.8.0_40/jre/lib/jsse.jar
f6605000-f6614000 r--s 000dd000 08:11 2230220                            /home/georg/Android/Sdk/build-tools/21.1.2/lib/dx.jar
f6614000-f662c000 rw-p 00000000 00:00 0 
f662c000-f6645000 r-xp 00000000 08:11 5250921                            /usr/java/jdk1.8.0_40/jre/lib/i386/libzip.so
f6645000-f6646000 rw-p 00018000 08:11 5250921                            /usr/java/jdk1.8.0_40/jre/lib/i386/libzip.so
f6646000-f664e000 rw-s 00000000 00:24 1518748                            /tmp/hsperfdata_georg/7509
f664e000-f6672000 r-xp 00000000 08:11 5250464                            /usr/java/jdk1.8.0_40/jre/lib/i386/libjava.so
f6672000-f6673000 rw-p 00023000 08:11 5250464                            /usr/java/jdk1.8.0_40/jre/lib/i386/libjava.so
f6673000-f667a000 r-xp 00000000 08:11 4335227                            /usr/lib/librt-2.20.so
f667a000-f667b000 r--p 00006000 08:11 4335227                            /usr/lib/librt-2.20.so
f667b000-f667c000 rw-p 00007000 08:11 4335227                            /usr/lib/librt-2.20.so
f667c000-f667f000 ---p 00000000 00:00 0 
f667f000-f66cd000 rw-p 00000000 00:00 0                                  [stack:7513]
f66cd000-f6718000 r-xp 00000000 08:11 4335205                            /usr/lib/libm-2.20.so
f6718000-f6719000 r--p 0004b000 08:11 4335205                            /usr/lib/libm-2.20.so
f6719000-f671a000 rw-p 0004c000 08:11 4335205                            /usr/lib/libm-2.20.so
f671a000-f708d000 r-xp 00000000 08:11 5250925                            /usr/java/jdk1.8.0_40/jre/lib/i386/server/libjvm.so
f708d000-f70f9000 rw-p 00973000 08:11 5250925                            /usr/java/jdk1.8.0_40/jre/lib/i386/server/libjvm.so
f70f9000-f751f000 rw-p 00000000 00:00 0 
f751f000-f76e4000 r-xp 00000000 08:11 4335197                            /usr/lib/libc-2.20.so
f76e4000-f76e7000 r--p 001c4000 08:11 4335197                            /usr/lib/libc-2.20.so
f76e7000-f76e9000 rw-p 001c7000 08:11 4335197                            /usr/lib/libc-2.20.so
f76e9000-f76ec000 rw-p 00000000 00:00 0 
f76ec000-f76ef000 r-xp 00000000 08:11 4335203                            /usr/lib/libdl-2.20.so
f76ef000-f76f0000 r--p 00002000 08:11 4335203                            /usr/lib/libdl-2.20.so
f76f0000-f76f1000 rw-p 00003000 08:11 4335203                            /usr/lib/libdl-2.20.so
f76f1000-f7705000 r-xp 00000000 08:11 5899291                            /usr/java/jdk1.8.0_40/lib/i386/jli/libjli.so
f7705000-f7706000 rw-p 00014000 08:11 5899291                            /usr/java/jdk1.8.0_40/lib/i386/jli/libjli.so
f7706000-f771d000 r-xp 00000000 08:11 4335223                            /usr/lib/libpthread-2.20.so
f771d000-f771e000 r--p 00016000 08:11 4335223                            /usr/lib/libpthread-2.20.so
f771e000-f771f000 rw-p 00017000 08:11 4335223                            /usr/lib/libpthread-2.20.so
f771f000-f7721000 rw-p 00000000 00:00 0 
f7721000-f772d000 r-xp 00000000 08:11 4335215                            /usr/lib/libnss_files-2.20.so
f772d000-f772e000 r--p 0000b000 08:11 4335215                            /usr/lib/libnss_files-2.20.so
f772e000-f772f000 rw-p 0000c000 08:11 4335215                            /usr/lib/libnss_files-2.20.so
f772f000-f7730000 rw-p 00000000 00:00 0 
f7730000-f7731000 ---p 00000000 00:00 0 
f7731000-f773c000 r-xp 00000000 08:11 5250920                            /usr/java/jdk1.8.0_40/jre/lib/i386/libverify.so
f773c000-f773d000 rw-p 0000b000 08:11 5250920                            /usr/java/jdk1.8.0_40/jre/lib/i386/libverify.so
f773d000-f773e000 rw-p 00000000 00:00 0 
f773e000-f7740000 r--p 00000000 00:00 0                                  [vvar]
f7740000-f7741000 r-xp 00000000 00:00 0                                  [vdso]
f7741000-f7763000 r-xp 00000000 08:11 4335190                            /usr/lib/ld-2.20.so
f7763000-f7764000 r--p 00021000 08:11 4335190                            /usr/lib/ld-2.20.so
f7764000-f7765000 rw-p 00022000 08:11 4335190                            /usr/lib/ld-2.20.so
ff8ce000-ff8cf000 rwxp 00000000 00:00 0 
ff900000-ff922000 rw-p 00000000 00:00 0                                  [stack]

VM Arguments:
jvm_args: -Xmx1024M -Dfile.encoding=UTF-8 -Duser.country=DE -Duser.language=de -Duser.variant 
java_command: com.android.dx.command.Main --dex --output /run/media/georg/7C94DBD194DB8BD0/Android/HfTL-App/app/build/intermediates/dex/debug /run/media/georg/7C94DBD194DB8BD0/Android/HfTL-App/app/build/intermediates/classes/debug /run/media/georg/7C94DBD194DB8BD0/Android/HfTL-App/app/build/intermediates/pre-dexed/debug/support-annotations-22.0.0-69010316c801077c4fefe3a8c8f5e9cd871c5389.jar /run/media/georg/7C94DBD194DB8BD0/Android/HfTL-App/app/build/intermediates/pre-dexed/debug/classes-5c2e67d68fe1096c7405d20e71017d1a145f891c.jar /run/media/georg/7C94DBD194DB8BD0/Android/HfTL-App/app/build/intermediates/pre-dexed/debug/classes-d9717e1d7829f1d249527e85dbd0c6617cc23f1c.jar /run/media/georg/7C94DBD194DB8BD0/Android/HfTL-App/app/build/intermediates/pre-dexed/debug/classes-1af7863abfafc56a4ee6fc983b022a3ce05f7a46.jar /run/media/georg/7C94DBD194DB8BD0/Android/HfTL-App/app/build/intermediates/pre-dexed/debug/classes-c5b798c42be155bc8d92c21202f3cd00bca63c12.jar /run/media/georg/7C94DBD194DB8BD0/Android/HfTL-App/app/build/intermediates/pre-dexed/debug/classes-c62614e63b89b91cde836054eb2958d7ec092683.jar /run/media/georg/7C94DBD194DB8BD0/Android/HfTL-App/app/build/intermediates/pre-dexed/debug/classes-8fa37b1bf241ee15319c82c05daa7a66cc01d2f6.jar /run/media/georg/7C94DBD194DB8BD0/Android/HfTL-App/app/build/intermediates/pre-dexed/debug/classes-7c82cfdbe4879f21e3bc905af9b95b75e7befd03.jar /run/media/georg/7C94DBD194DB8BD0/Android/HfTL-App/app/build/intermediates/pre-dexed/debug/classes-b619f3ac11d39a8237363349769e6cce9d68a0b2.jar /run/media/georg/7C94DBD194DB8BD0/Android/HfTL-App/app/build/intermediates/pre-dexed/debug/classes-d219c108cb02bd952842f9a8ea5b1b67c226c325.jar /run/media/georg/7C94DBD194DB8BD0/Android/HfTL-App/app/build/intermediates/pre-dexed/debug/classes-38830d4b6f92cc064bd9ddb3a8a854fcabb0a395.jar /run/media/georg/7C94DBD194DB8BD0/Android/HfTL-App/app/build/intermediates/pre-dexed/debug/classes-5992e4e352787cb1150f8e597c54b64da191b483.jar /run/media/georg/7C9
java_class_path (initial): /home/georg/Android/Sdk/build-tools/21.1.2/lib/dx.jar
Launcher Type: SUN_STANDARD

Environment Variables:
JAVA_HOME=/usr/java/jdk1.8.0_40
CLASSPATH=./android-studio/bin/../lib/bootstrap.jar:./android-studio/bin/../lib/extensions.jar:./android-studio/bin/../lib/util.jar:./android-studio/bin/../lib/jdom.jar:./android-studio/bin/../lib/log4j.jar:./android-studio/bin/../lib/trove4j.jar:./android-studio/bin/../lib/jna.jar:/usr/java/jdk1.8.0_40/lib/tools.jar
PATH=/usr/local/bin:/usr/local/sbin:/usr/bin:/usr/sbin:/bin:/sbin:/home/georg/.local/bin:/home/georg/bin
USERNAME=georg
LD_LIBRARY_PATH=./android-studio/bin:
SHELL=/bin/bash
DISPLAY=:0

Signal Handlers:
SIGSEGV: [libjvm.so+0x8c2ab0], sa_mask[0]=11111111011111111101111111111110, sa_flags=SA_RESTART|SA_SIGINFO
SIGBUS: [libjvm.so+0x8c2ab0], sa_mask[0]=11111111011111111101111111111110, sa_flags=SA_RESTART|SA_SIGINFO
SIGFPE: [libjvm.so+0x7433e0], sa_mask[0]=11111111011111111101111111111110, sa_flags=SA_RESTART|SA_SIGINFO
SIGPIPE: [libjvm.so+0x7433e0], sa_mask[0]=11111111011111111101111111111110, sa_flags=SA_RESTART|SA_SIGINFO
SIGXFSZ: [libjvm.so+0x7433e0], sa_mask[0]=11111111011111111101111111111110, sa_flags=SA_RESTART|SA_SIGINFO
SIGILL: [libjvm.so+0x7433e0], sa_mask[0]=11111111011111111101111111111110, sa_flags=SA_RESTART|SA_SIGINFO
SIGUSR1: SIG_DFL, sa_mask[0]=00000000000000000000000000000000, sa_flags=none
SIGUSR2: [libjvm.so+0x744970], sa_mask[0]=00100000000000000000000000000000, sa_flags=SA_RESTART|SA_SIGINFO
SIGHUP: [libjvm.so+0x745e20], sa_mask[0]=11111111011111111101111111111110, sa_flags=SA_RESTART|SA_SIGINFO
SIGINT: [libjvm.so+0x745e20], sa_mask[0]=11111111011111111101111111111110, sa_flags=SA_RESTART|SA_SIGINFO
SIGTERM: [libjvm.so+0x745e20], sa_mask[0]=11111111011111111101111111111110, sa_flags=SA_RESTART|SA_SIGINFO
SIGQUIT: [libjvm.so+0x745e20], sa_mask[0]=11111111011111111101111111111110, sa_flags=SA_RESTART|SA_SIGINFO


---------------  S Y S T E M  ---------------

OS:Fedora release 21 (Twenty One)

uname:Linux 3.17.4-301.fc21.x86_64 #1 SMP Thu Nov 27 19:09:10 UTC 2014 x86_64
libc:glibc 2.20 NPTL 2.20 
rlimit: STACK 8192k, CORE 0k, NPROC 4096, NOFILE 4096, AS infinity
load average:1,60 0,81 0,59

/proc/meminfo:
MemTotal:        3273928 kB
MemFree:           77412 kB
MemAvailable:      55836 kB
Buffers:            1164 kB
Cached:            46180 kB
SwapCached:            0 kB
Active:          2999980 kB
Inactive:          21764 kB
Active(anon):    2975840 kB
Inactive(anon):     5100 kB
Active(file):      24140 kB
Inactive(file):    16664 kB
Unevictable:          48 kB
Mlocked:              48 kB
SwapTotal:             0 kB
SwapFree:              0 kB
Dirty:               180 kB
Writeback:             0 kB
AnonPages:       2974580 kB
Mapped:            36160 kB
Shmem:              6424 kB
Slab:              70052 kB
SReclaimable:      28660 kB
SUnreclaim:        41392 kB
KernelStack:        7904 kB
PageTables:        32756 kB
NFS_Unstable:          0 kB
Bounce:                0 kB
WritebackTmp:          0 kB
CommitLimit:     1636964 kB
Committed_AS:    5533332 kB
VmallocTotal:   34359738367 kB
VmallocUsed:      344312 kB
VmallocChunk:   34359375996 kB
HardwareCorrupted:     0 kB
AnonHugePages:         0 kB
HugePages_Total:       0
HugePages_Free:        0
HugePages_Rsvd:        0
HugePages_Surp:        0
Hugepagesize:       2048 kB
DirectMap4k:       81600 kB
DirectMap2M:     3260416 kB


CPU:total 2 (2 cores per cpu, 1 threads per core) family 6 model 23 stepping 10, cmov, cx8, fxsr, mmx, sse, sse2, sse3, ssse3, sse4.1, tsc

/proc/cpuinfo:
processor	: 0
vendor_id	: GenuineIntel
cpu family	: 6
model		: 23
model name	: Intel(R) Core(TM)2 Duo CPU     E8400  @ 3.00GHz
stepping	: 10
microcode	: 0xa0b
cpu MHz		: 2336.000
cache size	: 6144 KB
physical id	: 0
siblings	: 2
core id		: 0
cpu cores	: 2
apicid		: 0
initial apicid	: 0
fpu		: yes
fpu_exception	: yes
cpuid level	: 13
wp		: yes
flags		: fpu vme de pse tsc msr pae mce cx8 apic sep mtrr pge mca cmov pat pse36 clflush dts acpi mmx fxsr sse sse2 ss ht tm pbe syscall nx lm constant_tsc arch_perfmon pebs bts rep_good nopl aperfmperf pni dtes64 monitor ds_cpl vmx smx est tm2 ssse3 cx16 xtpr pdcm sse4_1 xsave lahf_lm dtherm tpr_shadow vnmi flexpriority
bugs		:
bogomips	: 5999.41
clflush size	: 64
cache_alignment	: 64
address sizes	: 36 bits physical, 48 bits virtual
power management:

processor	: 1
vendor_id	: GenuineIntel
cpu family	: 6
model		: 23
model name	: Intel(R) Core(TM)2 Duo CPU     E8400  @ 3.00GHz
stepping	: 10
microcode	: 0xa0b
cpu MHz		: 2670.000
cache size	: 6144 KB
physical id	: 0
siblings	: 2
core id		: 1
cpu cores	: 2
apicid		: 1
initial apicid	: 1
fpu		: yes
fpu_exception	: yes
cpuid level	: 13
wp		: yes
flags		: fpu vme de pse tsc msr pae mce cx8 apic sep mtrr pge mca cmov pat pse36 clflush dts acpi mmx fxsr sse sse2 ss ht tm pbe syscall nx lm constant_tsc arch_perfmon pebs bts rep_good nopl aperfmperf pni dtes64 monitor ds_cpl vmx smx est tm2 ssse3 cx16 xtpr pdcm sse4_1 xsave lahf_lm dtherm tpr_shadow vnmi flexpriority
bugs		:
bogomips	: 5999.41
clflush size	: 64
cache_alignment	: 64
address sizes	: 36 bits physical, 48 bits virtual
power management:



Memory: 4k page, physical 3273928k(77412k free), swap 0k(0k free)

vm_info: Java HotSpot(TM) Server VM (25.40-b25) for linux-x86 JRE (1.8.0_40-b26), built on Mar  7 2015 13:49:45 by "java_re" with gcc 4.3.0 20080428 (Red Hat 4.3.0-8)

time: Thu Apr  2 16:30:25 2015
elapsed time: 4 seconds (0d 0h 0m 4s)

